<?xml version="1.0" encoding="utf-8"?>
<TestRun id="710e9298-23cf-473a-852b-e87f21113be4" name="@onur-TULPAR-T7-V20-5 2025-09-12 08:38:30" xmlns="http://microsoft.com/schemas/VisualStudio/TeamTest/2010">
  <Times creation="2025-09-12T08:38:30.9028893+03:00" queuing="2025-09-12T08:38:30.9028893+03:00" start="2025-09-12T08:38:30.4495366+03:00" finish="2025-09-12T08:38:31.0035534+03:00" />
  <TestSettings name="default" id="3a984fcb-39b6-4906-8f94-a2cb9982efd1">
    <Deployment runDeploymentRoot="_onur-TULPAR-T7-V20-5_2025-09-12_08_38_30" />
  </TestSettings>
  <Results>
    <UnitTestResult executionId="5a9fa5d9-9f2c-46bf-8159-11c8d7424245" testId="63219dba-37d6-9cab-ed0c-a714bdc3b3fb" testName="Enterprise.Shared.Auditing.Tests.Services.InMemoryAuditStoreSimpleTests.GetEventCountAsync_WithDateRange_ReturnsCorrectCount" computerName="onur-TULPAR-T7-V20-5" duration="00:00:00.0012603" startTime="2025-09-12T08:38:30.8769081+03:00" endTime="2025-09-12T08:38:30.8769082+03:00" testType="13cdc9d9-ddb5-4fa4-a97d-d965ccfc6d4b" outcome="Passed" testListId="8c84fa94-04c1-424b-9868-57a2d4851a1d" relativeResultsDirectory="5a9fa5d9-9f2c-46bf-8159-11c8d7424245" />
    <UnitTestResult executionId="3aee9e14-5354-48cc-b398-61a3a3bf8624" testId="b78da184-ca29-0bea-87df-7b04a8f0e1c6" testName="Enterprise.Shared.Auditing.Tests.Services.InMemoryAuditStoreSimpleTests.QueryEventsAsync_WithNoFilters_ReturnsAllEvents" computerName="onur-TULPAR-T7-V20-5" duration="00:00:00.0062165" startTime="2025-09-12T08:38:30.8768300+03:00" endTime="2025-09-12T08:38:30.8768300+03:00" testType="13cdc9d9-ddb5-4fa4-a97d-d965ccfc6d4b" outcome="Passed" testListId="8c84fa94-04c1-424b-9868-57a2d4851a1d" relativeResultsDirectory="3aee9e14-5354-48cc-b398-61a3a3bf8624" />
    <UnitTestResult executionId="3d60fbfe-b57c-42df-bed0-f1366aaff9da" testId="eab7bf6d-6a6d-aabd-f35c-888b996d6f4a" testName="Enterprise.Shared.Auditing.Tests.Models.ValidationResultTests.Constructor_WithFailure_SetsCorrectValues" computerName="onur-TULPAR-T7-V20-5" duration="00:00:00.0000875" startTime="2025-09-12T08:38:30.8752100+03:00" endTime="2025-09-12T08:38:30.8752100+03:00" testType="13cdc9d9-ddb5-4fa4-a97d-d965ccfc6d4b" outcome="Passed" testListId="8c84fa94-04c1-424b-9868-57a2d4851a1d" relativeResultsDirectory="3d60fbfe-b57c-42df-bed0-f1366aaff9da" />
    <UnitTestResult executionId="9b4fad55-f76e-4c0d-8acd-00310bae9906" testId="68dbc2c6-398b-ae19-ce9f-587c69a19e83" testName="Enterprise.Shared.Auditing.Tests.Models.SecurityAuditEventSimpleTests.WithRisk_SetIsAlertBasedOnThreshold(riskScore: 0, expectedAlert: False)" computerName="onur-TULPAR-T7-V20-5" duration="00:00:00.0000073" startTime="2025-09-12T08:38:30.8751573+03:00" endTime="2025-09-12T08:38:30.8751573+03:00" testType="13cdc9d9-ddb5-4fa4-a97d-d965ccfc6d4b" outcome="Passed" testListId="8c84fa94-04c1-424b-9868-57a2d4851a1d" relativeResultsDirectory="9b4fad55-f76e-4c0d-8acd-00310bae9906" />
    <UnitTestResult executionId="a964fd12-5a5c-4e5c-a779-5c78e2bee7c2" testId="0e34243f-ad7c-0dbf-b995-d8e7774fa91f" testName="Enterprise.Shared.Auditing.Tests.Services.AuditServiceSimpleTests.LogEventAsync_WithValidEvent_StoresEventSuccessfully" computerName="onur-TULPAR-T7-V20-5" duration="00:00:00.0466143" startTime="2025-09-12T08:38:30.9525631+03:00" endTime="2025-09-12T08:38:30.9525631+03:00" testType="13cdc9d9-ddb5-4fa4-a97d-d965ccfc6d4b" outcome="Failed" testListId="8c84fa94-04c1-424b-9868-57a2d4851a1d" relativeResultsDirectory="a964fd12-5a5c-4e5c-a779-5c78e2bee7c2">
      <Output>
        <ErrorInfo>
          <Message>Expected result.IsSuccess to be True, but found False.</Message>
          <StackTrace>   at FluentAssertions.Execution.XUnit2TestFramework.Throw(String message)
   at FluentAssertions.Execution.TestFrameworkProvider.Throw(String message)
   at FluentAssertions.Execution.DefaultAssertionStrategy.HandleFailure(String message)
   at FluentAssertions.Execution.AssertionScope.FailWith(Func`1 failReasonFunc)
   at FluentAssertions.Execution.AssertionScope.FailWith(Func`1 failReasonFunc)
   at FluentAssertions.Execution.AssertionScope.FailWith(String message, Object[] args)
   at FluentAssertions.Primitives.BooleanAssertions`1.BeTrue(String because, Object[] becauseArgs)
   at Enterprise.Shared.Auditing.Tests.Services.AuditServiceSimpleTests.LogEventAsync_WithValidEvent_StoresEventSuccessfully() in /home/onur/Desktop/PlatformV1/src/Shared/Enterprise.Shared.Auditing.Tests/Services/AuditServiceSimpleTests.cs:line 44
--- End of stack trace from previous location ---</StackTrace>
        </ErrorInfo>
      </Output>
    </UnitTestResult>
    <UnitTestResult executionId="18f0b72d-d43a-48d2-a0be-83fc213e459e" testId="78fde34a-4e5d-bc8e-4f05-2d0347e68bd3" testName="Enterprise.Shared.Auditing.Tests.Services.InMemoryAuditStoreSimpleTests.StoreEventAsync_WithNullEvent_ReturnsFailure" computerName="onur-TULPAR-T7-V20-5" duration="00:00:00.0006378" startTime="2025-09-12T08:38:30.8771950+03:00" endTime="2025-09-12T08:38:30.8771951+03:00" testType="13cdc9d9-ddb5-4fa4-a97d-d965ccfc6d4b" outcome="Passed" testListId="8c84fa94-04c1-424b-9868-57a2d4851a1d" relativeResultsDirectory="18f0b72d-d43a-48d2-a0be-83fc213e459e" />
    <UnitTestResult executionId="ec56f30a-1feb-47dd-9708-f9020e7f3861" testId="b021b8bf-94f8-8cd0-effc-fc080e5da295" testName="Enterprise.Shared.Auditing.Tests.Models.SecurityAuditEventSimpleTests.Create_WithDifferentEventTypes_SetsCorrectType(eventType: Authentication)" computerName="onur-TULPAR-T7-V20-5" duration="00:00:00.0001978" startTime="2025-09-12T08:38:30.8763802+03:00" endTime="2025-09-12T08:38:30.8763802+03:00" testType="13cdc9d9-ddb5-4fa4-a97d-d965ccfc6d4b" outcome="Passed" testListId="8c84fa94-04c1-424b-9868-57a2d4851a1d" relativeResultsDirectory="ec56f30a-1feb-47dd-9708-f9020e7f3861" />
    <UnitTestResult executionId="7d618e78-fa60-4831-b3bb-3e2727b6b219" testId="e6c67581-99e2-2748-be5d-5095fb00506b" testName="Enterprise.Shared.Auditing.Tests.Models.SecurityAuditEventSimpleTests.WithAuthentication_SetsAuthenticationProperties" computerName="onur-TULPAR-T7-V20-5" duration="00:00:00.0004915" startTime="2025-09-12T08:38:30.8763223+03:00" endTime="2025-09-12T08:38:30.8763223+03:00" testType="13cdc9d9-ddb5-4fa4-a97d-d965ccfc6d4b" outcome="Passed" testListId="8c84fa94-04c1-424b-9868-57a2d4851a1d" relativeResultsDirectory="7d618e78-fa60-4831-b3bb-3e2727b6b219" />
    <UnitTestResult executionId="564f74e7-0dab-4cad-8ec3-9d33f96d574a" testId="e7962a26-5982-7407-dcdd-3926ff592102" testName="Enterprise.Shared.Auditing.Tests.Models.SecurityAuditEventSimpleTests.Create_WithValidParameters_ReturnsConfiguredEvent" computerName="onur-TULPAR-T7-V20-5" duration="00:00:00.0010816" startTime="2025-09-12T08:38:30.8762300+03:00" endTime="2025-09-12T08:38:30.8762300+03:00" testType="13cdc9d9-ddb5-4fa4-a97d-d965ccfc6d4b" outcome="Passed" testListId="8c84fa94-04c1-424b-9868-57a2d4851a1d" relativeResultsDirectory="564f74e7-0dab-4cad-8ec3-9d33f96d574a" />
    <UnitTestResult executionId="caefaf95-99e0-4cca-8681-7906200b4fb3" testId="4ebd8889-f49a-6c66-dc50-e03f8e1f8b45" testName="Enterprise.Shared.Auditing.Tests.Services.AuditServiceSimpleTests.LogSecurityEventAsync_WithValidEvent_StoresEventSuccessfully" computerName="onur-TULPAR-T7-V20-5" duration="00:00:00.0031971" startTime="2025-09-12T08:38:30.9532026+03:00" endTime="2025-09-12T08:38:30.9532026+03:00" testType="13cdc9d9-ddb5-4fa4-a97d-d965ccfc6d4b" outcome="Failed" testListId="8c84fa94-04c1-424b-9868-57a2d4851a1d" relativeResultsDirectory="caefaf95-99e0-4cca-8681-7906200b4fb3">
      <Output>
        <ErrorInfo>
          <Message>Expected result.IsSuccess to be True, but found False.</Message>
          <StackTrace>   at FluentAssertions.Execution.XUnit2TestFramework.Throw(String message)
   at FluentAssertions.Execution.TestFrameworkProvider.Throw(String message)
   at FluentAssertions.Execution.DefaultAssertionStrategy.HandleFailure(String message)
   at FluentAssertions.Execution.AssertionScope.FailWith(Func`1 failReasonFunc)
   at FluentAssertions.Execution.AssertionScope.FailWith(Func`1 failReasonFunc)
   at FluentAssertions.Execution.AssertionScope.FailWith(String message, Object[] args)
   at FluentAssertions.Primitives.BooleanAssertions`1.BeTrue(String because, Object[] becauseArgs)
   at Enterprise.Shared.Auditing.Tests.Services.AuditServiceSimpleTests.LogSecurityEventAsync_WithValidEvent_StoresEventSuccessfully() in /home/onur/Desktop/PlatformV1/src/Shared/Enterprise.Shared.Auditing.Tests/Services/AuditServiceSimpleTests.cs:line 117
--- End of stack trace from previous location ---</StackTrace>
        </ErrorInfo>
      </Output>
    </UnitTestResult>
    <UnitTestResult executionId="8dd8a0c9-5882-43ca-ab8b-943bf030c53a" testId="aa030906-38fd-2092-cec0-448b25aaf208" testName="Enterprise.Shared.Auditing.Tests.Services.InMemoryAuditStoreSimpleTests.HealthCheckAsync_WithHealthyStore_ReturnsSuccess" computerName="onur-TULPAR-T7-V20-5" duration="00:00:00.0005277" startTime="2025-09-12T08:38:30.8769307+03:00" endTime="2025-09-12T08:38:30.8769308+03:00" testType="13cdc9d9-ddb5-4fa4-a97d-d965ccfc6d4b" outcome="Passed" testListId="8c84fa94-04c1-424b-9868-57a2d4851a1d" relativeResultsDirectory="8dd8a0c9-5882-43ca-ab8b-943bf030c53a" />
    <UnitTestResult executionId="641dbb3d-49ed-4ea8-8aaf-52140f060b63" testId="97bd0b96-0566-4935-2820-9c3ae961b451" testName="Enterprise.Shared.Auditing.Tests.Models.SecurityAuditEventSimpleTests.Create_WithDifferentEventTypes_SetsCorrectType(eventType: AccountManagement)" computerName="onur-TULPAR-T7-V20-5" duration="00:00:00.0000089" startTime="2025-09-12T08:38:30.8767496+03:00" endTime="2025-09-12T08:38:30.8767496+03:00" testType="13cdc9d9-ddb5-4fa4-a97d-d965ccfc6d4b" outcome="Passed" testListId="8c84fa94-04c1-424b-9868-57a2d4851a1d" relativeResultsDirectory="641dbb3d-49ed-4ea8-8aaf-52140f060b63" />
    <UnitTestResult executionId="9e0f092c-f3ab-4030-8d23-d2ff7c092edc" testId="e4546f55-81ec-80e6-57d8-b37ee6d6c815" testName="Enterprise.Shared.Auditing.Tests.Models.AuditEventSimpleTests.WithMetadata_SerializesMetadataToString" computerName="onur-TULPAR-T7-V20-5" duration="00:00:00.0243546" startTime="2025-09-12T08:38:30.8772540+03:00" endTime="2025-09-12T08:38:30.8772541+03:00" testType="13cdc9d9-ddb5-4fa4-a97d-d965ccfc6d4b" outcome="Passed" testListId="8c84fa94-04c1-424b-9868-57a2d4851a1d" relativeResultsDirectory="9e0f092c-f3ab-4030-8d23-d2ff7c092edc" />
    <UnitTestResult executionId="4215152c-f46a-457b-8161-1378cd32feee" testId="892ce8c2-c3bb-2266-a377-84d97bf791ef" testName="Enterprise.Shared.Auditing.Tests.Models.ValidationResultTests.Constructor_WithSuccess_SetsCorrectValues" computerName="onur-TULPAR-T7-V20-5" duration="00:00:00.0073409" startTime="2025-09-12T08:38:30.8504288+03:00" endTime="2025-09-12T08:38:30.8504289+03:00" testType="13cdc9d9-ddb5-4fa4-a97d-d965ccfc6d4b" outcome="Passed" testListId="8c84fa94-04c1-424b-9868-57a2d4851a1d" relativeResultsDirectory="4215152c-f46a-457b-8161-1378cd32feee" />
    <UnitTestResult executionId="5e32c4e5-be92-4f3b-a372-f8d9f636229d" testId="a009cc9d-c191-1c67-5b7a-4c0069e2c174" testName="Enterprise.Shared.Auditing.Tests.Models.SecurityAuditEventSimpleTests.WithRisk_SetIsAlertBasedOnThreshold(riskScore: 75, expectedAlert: True)" computerName="onur-TULPAR-T7-V20-5" duration="00:00:00.0002959" startTime="2025-09-12T08:38:30.8749172+03:00" endTime="2025-09-12T08:38:30.8749172+03:00" testType="13cdc9d9-ddb5-4fa4-a97d-d965ccfc6d4b" outcome="Passed" testListId="8c84fa94-04c1-424b-9868-57a2d4851a1d" relativeResultsDirectory="5e32c4e5-be92-4f3b-a372-f8d9f636229d" />
    <UnitTestResult executionId="907dd9b7-4861-4fd9-bf94-ee26533487db" testId="9d0e2bef-0ef6-d425-e0bf-71aa22d99fe1" testName="Enterprise.Shared.Auditing.Tests.Models.AuditEventSimpleTests.WithCorrelation_SetsCorrelationId" computerName="onur-TULPAR-T7-V20-5" duration="00:00:00.0002153" startTime="2025-09-12T08:38:30.8752664+03:00" endTime="2025-09-12T08:38:30.8752664+03:00" testType="13cdc9d9-ddb5-4fa4-a97d-d965ccfc6d4b" outcome="Passed" testListId="8c84fa94-04c1-424b-9868-57a2d4851a1d" relativeResultsDirectory="907dd9b7-4861-4fd9-bf94-ee26533487db" />
    <UnitTestResult executionId="a3682286-a8fa-4eec-a89d-1fd0d14d3208" testId="eacbafcc-c655-16f6-d3f0-bd3df89de6f4" testName="Enterprise.Shared.Auditing.Tests.Models.AuditEventSimpleTests.Create_WithDefaultResult_SetsSuccessResult" computerName="onur-TULPAR-T7-V20-5" duration="00:00:00.0000726" startTime="2025-09-12T08:38:30.8762612+03:00" endTime="2025-09-12T08:38:30.8762612+03:00" testType="13cdc9d9-ddb5-4fa4-a97d-d965ccfc6d4b" outcome="Passed" testListId="8c84fa94-04c1-424b-9868-57a2d4851a1d" relativeResultsDirectory="a3682286-a8fa-4eec-a89d-1fd0d14d3208" />
    <UnitTestResult executionId="eea89283-9e63-4041-8d4b-7c35a7d8f209" testId="e2a3558c-55a8-e942-5627-563abe02b662" testName="Enterprise.Shared.Auditing.Tests.Services.InMemoryAuditStoreSimpleTests.QueryEventsAsync_WithSorting_ReturnsSortedResults" computerName="onur-TULPAR-T7-V20-5" duration="00:00:00.0009688" startTime="2025-09-12T08:38:30.8772165+03:00" endTime="2025-09-12T08:38:30.8772165+03:00" testType="13cdc9d9-ddb5-4fa4-a97d-d965ccfc6d4b" outcome="Passed" testListId="8c84fa94-04c1-424b-9868-57a2d4851a1d" relativeResultsDirectory="eea89283-9e63-4041-8d4b-7c35a7d8f209" />
    <UnitTestResult executionId="7e86c41b-ef25-4b25-a039-f419b9acbeae" testId="cdf250c9-d02a-15b3-16df-7a2e6fd05961" testName="Enterprise.Shared.Auditing.Tests.Models.SecurityAuditEventSimpleTests.WithRisk_SetIsAlertBasedOnThreshold(riskScore: 74, expectedAlert: False)" computerName="onur-TULPAR-T7-V20-5" duration="00:00:00.0000174" startTime="2025-09-12T08:38:30.8751201+03:00" endTime="2025-09-12T08:38:30.8751202+03:00" testType="13cdc9d9-ddb5-4fa4-a97d-d965ccfc6d4b" outcome="Passed" testListId="8c84fa94-04c1-424b-9868-57a2d4851a1d" relativeResultsDirectory="7e86c41b-ef25-4b25-a039-f419b9acbeae" />
    <UnitTestResult executionId="af0c21cb-1be6-42f4-9976-170b9c0ba3e2" testId="3d836c61-9ce9-2045-0f15-ec0c88f9e269" testName="Enterprise.Shared.Auditing.Tests.Models.SecurityAuditEventSimpleTests.WithRisk_SetsRiskProperties" computerName="onur-TULPAR-T7-V20-5" duration="00:00:00.0001763" startTime="2025-09-12T08:38:30.8768593+03:00" endTime="2025-09-12T08:38:30.8768593+03:00" testType="13cdc9d9-ddb5-4fa4-a97d-d965ccfc6d4b" outcome="Passed" testListId="8c84fa94-04c1-424b-9868-57a2d4851a1d" relativeResultsDirectory="af0c21cb-1be6-42f4-9976-170b9c0ba3e2" />
    <UnitTestResult executionId="5f59d9a4-c698-46f7-a69a-7d2fe9cce89e" testId="ffde4746-c342-1c7f-7179-4122004fc211" testName="Enterprise.Shared.Auditing.Tests.Models.ValidationResultTests.Success_ReturnsSuccessfulResult" computerName="onur-TULPAR-T7-V20-5" duration="00:00:00.0001482" startTime="2025-09-12T08:38:30.8751869+03:00" endTime="2025-09-12T08:38:30.8751869+03:00" testType="13cdc9d9-ddb5-4fa4-a97d-d965ccfc6d4b" outcome="Passed" testListId="8c84fa94-04c1-424b-9868-57a2d4851a1d" relativeResultsDirectory="5f59d9a4-c698-46f7-a69a-7d2fe9cce89e" />
    <UnitTestResult executionId="ac309fea-ef54-4ffe-8d24-00652578f0f6" testId="fe81ca39-7ff9-c8f7-327e-f838b849bf45" testName="Enterprise.Shared.Auditing.Tests.Models.SecurityAuditEventSimpleTests.WithRisk_SetIsAlertBasedOnThreshold(riskScore: 100, expectedAlert: True)" computerName="onur-TULPAR-T7-V20-5" duration="00:00:00.0073238" startTime="2025-09-12T08:38:30.8506467+03:00" endTime="2025-09-12T08:38:30.8506468+03:00" testType="13cdc9d9-ddb5-4fa4-a97d-d965ccfc6d4b" outcome="Passed" testListId="8c84fa94-04c1-424b-9868-57a2d4851a1d" relativeResultsDirectory="ac309fea-ef54-4ffe-8d24-00652578f0f6" />
    <UnitTestResult executionId="60d67cf3-2e86-4633-98f9-2272e6066e0d" testId="e3770ee4-7ecc-87a5-1fdc-ddaa3d786639" testName="Enterprise.Shared.Auditing.Tests.Services.AuditServiceSimpleTests.LogEventAsync_WithNullEvent_ReturnsFailure" computerName="onur-TULPAR-T7-V20-5" duration="00:00:00.0032924" startTime="2025-09-12T08:38:30.8971084+03:00" endTime="2025-09-12T08:38:30.8971085+03:00" testType="13cdc9d9-ddb5-4fa4-a97d-d965ccfc6d4b" outcome="Passed" testListId="8c84fa94-04c1-424b-9868-57a2d4851a1d" relativeResultsDirectory="60d67cf3-2e86-4633-98f9-2272e6066e0d" />
    <UnitTestResult executionId="a0e7fa3e-d2d8-4bab-a2fc-1cb3fff1f1af" testId="a071813a-706a-d60a-ea8a-0bdeea9e61b9" testName="Enterprise.Shared.Auditing.Tests.Models.AuditEventSimpleTests.WithHttpContext_SetsHttpContextProperties" computerName="onur-TULPAR-T7-V20-5" duration="00:00:00.0002946" startTime="2025-09-12T08:38:30.8772897+03:00" endTime="2025-09-12T08:38:30.8772897+03:00" testType="13cdc9d9-ddb5-4fa4-a97d-d965ccfc6d4b" outcome="Passed" testListId="8c84fa94-04c1-424b-9868-57a2d4851a1d" relativeResultsDirectory="a0e7fa3e-d2d8-4bab-a2fc-1cb3fff1f1af" />
    <UnitTestResult executionId="a22faeac-4541-4449-a588-1f668b2b8aa4" testId="881ba049-d412-4ac7-98d1-1211340ae562" testName="Enterprise.Shared.Auditing.Tests.Models.SecurityAuditEventSimpleTests.FactoryMethod_CreateFailedLogin_SetsCorrectProperties" computerName="onur-TULPAR-T7-V20-5" duration="00:00:00.0021644" startTime="2025-09-12T08:38:30.8767765+03:00" endTime="2025-09-12T08:38:30.8767766+03:00" testType="13cdc9d9-ddb5-4fa4-a97d-d965ccfc6d4b" outcome="Passed" testListId="8c84fa94-04c1-424b-9868-57a2d4851a1d" relativeResultsDirectory="a22faeac-4541-4449-a588-1f668b2b8aa4" />
    <UnitTestResult executionId="5bd10557-a1c2-4714-996e-0cbbc04520b5" testId="def99c85-08e3-422b-c8ab-ed53d14d0bf1" testName="Enterprise.Shared.Auditing.Tests.HealthChecks.AuditHealthCheckSimpleTests.CheckHealthAsync_WhenUnexpectedException_ReturnsUnhealthy" computerName="onur-TULPAR-T7-V20-5" duration="00:00:00.0007656" startTime="2025-09-12T08:38:30.9530084+03:00" endTime="2025-09-12T08:38:30.9530084+03:00" testType="13cdc9d9-ddb5-4fa4-a97d-d965ccfc6d4b" outcome="Passed" testListId="8c84fa94-04c1-424b-9868-57a2d4851a1d" relativeResultsDirectory="5bd10557-a1c2-4714-996e-0cbbc04520b5" />
    <UnitTestResult executionId="722c240f-54f3-496b-9a58-ae6ee2e6462d" testId="92d348cb-a0cf-de03-a4ca-0c3074026d8c" testName="Enterprise.Shared.Auditing.Tests.Services.AuditServiceSimpleTests.SearchEventsAsync_WithValidCriteria_ReturnsResults" computerName="onur-TULPAR-T7-V20-5" duration="00:00:00.0028241" startTime="2025-09-12T08:38:30.9000224+03:00" endTime="2025-09-12T08:38:30.9000224+03:00" testType="13cdc9d9-ddb5-4fa4-a97d-d965ccfc6d4b" outcome="Passed" testListId="8c84fa94-04c1-424b-9868-57a2d4851a1d" relativeResultsDirectory="722c240f-54f3-496b-9a58-ae6ee2e6462d" />
    <UnitTestResult executionId="4f2bbb1f-3f2b-47d8-83f1-255e7c5627da" testId="8754c9d7-ca62-f970-014d-3e6f754734a1" testName="Enterprise.Shared.Auditing.Tests.HealthChecks.AuditHealthCheckSimpleTests.CheckHealthAsync_WhenAuditingDisabled_ReturnsHealthy" computerName="onur-TULPAR-T7-V20-5" duration="00:00:00.0523669" startTime="2025-09-12T08:38:30.8886221+03:00" endTime="2025-09-12T08:38:30.8886227+03:00" testType="13cdc9d9-ddb5-4fa4-a97d-d965ccfc6d4b" outcome="Passed" testListId="8c84fa94-04c1-424b-9868-57a2d4851a1d" relativeResultsDirectory="4f2bbb1f-3f2b-47d8-83f1-255e7c5627da" />
    <UnitTestResult executionId="b088c910-2b34-4688-b5d2-816e295d3813" testId="043fd654-a5c8-49d0-ec81-8b8cf9c3ee25" testName="Enterprise.Shared.Auditing.Tests.Models.AuditEventSimpleTests.WithUser_SetsUserProperties" computerName="onur-TULPAR-T7-V20-5" duration="00:00:00.0002383" startTime="2025-09-12T08:38:30.8763297+03:00" endTime="2025-09-12T08:38:30.8763297+03:00" testType="13cdc9d9-ddb5-4fa4-a97d-d965ccfc6d4b" outcome="Passed" testListId="8c84fa94-04c1-424b-9868-57a2d4851a1d" relativeResultsDirectory="b088c910-2b34-4688-b5d2-816e295d3813" />
    <UnitTestResult executionId="2a361b76-846a-4177-b959-4b91134b43bb" testId="c46c55dd-cf3f-ba1f-b6d7-c83499745af9" testName="Enterprise.Shared.Auditing.Tests.Models.SecurityAuditEventSimpleTests.WithAuthorization_SetsAuthorizationProperties" computerName="onur-TULPAR-T7-V20-5" duration="00:00:00.0003111" startTime="2025-09-12T08:38:30.8767952+03:00" endTime="2025-09-12T08:38:30.8767952+03:00" testType="13cdc9d9-ddb5-4fa4-a97d-d965ccfc6d4b" outcome="Passed" testListId="8c84fa94-04c1-424b-9868-57a2d4851a1d" relativeResultsDirectory="2a361b76-846a-4177-b959-4b91134b43bb" />
    <UnitTestResult executionId="1abbe22c-f93e-4f54-8445-1a62073705ec" testId="8bb21605-680d-c45d-24b1-29b3d4fd8dd5" testName="Enterprise.Shared.Auditing.Tests.Models.AuditEventSimpleTests.Create_WithValidParameters_ReturnsConfiguredEvent" computerName="onur-TULPAR-T7-V20-5" duration="00:00:00.0001934" startTime="2025-09-12T08:38:30.8762822+03:00" endTime="2025-09-12T08:38:30.8762822+03:00" testType="13cdc9d9-ddb5-4fa4-a97d-d965ccfc6d4b" outcome="Passed" testListId="8c84fa94-04c1-424b-9868-57a2d4851a1d" relativeResultsDirectory="1abbe22c-f93e-4f54-8445-1a62073705ec" />
    <UnitTestResult executionId="78fed645-3455-49c7-bbbe-ebc3f037935e" testId="8e6bc6cd-d29d-35b7-4089-eb83d7de14eb" testName="Enterprise.Shared.Auditing.Tests.Models.SecurityAuditEventSimpleTests.Constructor_SetsSecurityDefaults" computerName="onur-TULPAR-T7-V20-5" duration="00:00:00.0009574" startTime="2025-09-12T08:38:30.8768201+03:00" endTime="2025-09-12T08:38:30.8768201+03:00" testType="13cdc9d9-ddb5-4fa4-a97d-d965ccfc6d4b" outcome="Passed" testListId="8c84fa94-04c1-424b-9868-57a2d4851a1d" relativeResultsDirectory="78fed645-3455-49c7-bbbe-ebc3f037935e" />
    <UnitTestResult executionId="62c99d94-ca87-464f-82c4-2a505c15cf52" testId="04ac4824-f947-b72d-c120-990f4c114093" testName="Enterprise.Shared.Auditing.Tests.Services.InMemoryAuditStoreSimpleTests.StoreEventAsync_WithValidEvent_StoresSuccessfully" computerName="onur-TULPAR-T7-V20-5" duration="00:00:00.0003610" startTime="2025-09-12T08:38:30.8771722+03:00" endTime="2025-09-12T08:38:30.8771722+03:00" testType="13cdc9d9-ddb5-4fa4-a97d-d965ccfc6d4b" outcome="Passed" testListId="8c84fa94-04c1-424b-9868-57a2d4851a1d" relativeResultsDirectory="62c99d94-ca87-464f-82c4-2a505c15cf52" />
    <UnitTestResult executionId="875f38b6-d37b-4f15-a482-b359b27cf29e" testId="04d143ea-cb2a-c7bf-b067-c9eec5e8a4a5" testName="Enterprise.Shared.Auditing.Tests.Models.AuditEventSimpleTests.Properties_CanBeModifiedDirectly" computerName="onur-TULPAR-T7-V20-5" duration="00:00:00.0015179" startTime="2025-09-12T08:38:30.8772720+03:00" endTime="2025-09-12T08:38:30.8772720+03:00" testType="13cdc9d9-ddb5-4fa4-a97d-d965ccfc6d4b" outcome="Passed" testListId="8c84fa94-04c1-424b-9868-57a2d4851a1d" relativeResultsDirectory="875f38b6-d37b-4f15-a482-b359b27cf29e" />
    <UnitTestResult executionId="5da12100-9a09-45e4-8e4d-9f86ab670048" testId="6447034d-edb1-678f-b099-672ed12a7605" testName="Enterprise.Shared.Auditing.Tests.Services.AuditServiceSimpleTests.GetEventAsync_WithValidId_ReturnsEvent" computerName="onur-TULPAR-T7-V20-5" duration="00:00:00.0575036" startTime="2025-09-12T08:38:30.8938529+03:00" endTime="2025-09-12T08:38:30.8938530+03:00" testType="13cdc9d9-ddb5-4fa4-a97d-d965ccfc6d4b" outcome="Passed" testListId="8c84fa94-04c1-424b-9868-57a2d4851a1d" relativeResultsDirectory="5da12100-9a09-45e4-8e4d-9f86ab670048" />
    <UnitTestResult executionId="75211b10-15c1-4902-b2a7-d765e312d014" testId="41efe741-07be-f6b0-1a5c-1369ee711c86" testName="Enterprise.Shared.Auditing.Tests.Services.InMemoryAuditStoreSimpleTests.GetEventAsync_WithNonExistingId_ReturnsNull" computerName="onur-TULPAR-T7-V20-5" duration="00:00:00.0003780" startTime="2025-09-12T08:38:30.8772413+03:00" endTime="2025-09-12T08:38:30.8772414+03:00" testType="13cdc9d9-ddb5-4fa4-a97d-d965ccfc6d4b" outcome="Passed" testListId="8c84fa94-04c1-424b-9868-57a2d4851a1d" relativeResultsDirectory="75211b10-15c1-4902-b2a7-d765e312d014" />
    <UnitTestResult executionId="d817ca22-1ea9-4793-a212-eb20894c1199" testId="b938de1e-62e3-b21a-e545-a501f8c2033d" testName="Enterprise.Shared.Auditing.Tests.Services.AuditServiceSimpleTests.LogEventAsync_WhenDisabled_ReturnsSuccessWithoutStoring" computerName="onur-TULPAR-T7-V20-5" duration="00:00:00.0006043" startTime="2025-09-12T08:38:30.9006885+03:00" endTime="2025-09-12T08:38:30.9006886+03:00" testType="13cdc9d9-ddb5-4fa4-a97d-d965ccfc6d4b" outcome="Passed" testListId="8c84fa94-04c1-424b-9868-57a2d4851a1d" relativeResultsDirectory="d817ca22-1ea9-4793-a212-eb20894c1199" />
    <UnitTestResult executionId="a6ab308b-66c9-4544-affe-fbe5e6e380ad" testId="e3fa2a54-b952-607d-b737-34af95ccaf48" testName="Enterprise.Shared.Auditing.Tests.Services.AuditServiceSimpleTests.GetEventAsync_WithEmptyId_ReturnsNull" computerName="onur-TULPAR-T7-V20-5" duration="00:00:00.0011589" startTime="2025-09-12T08:38:30.9538495+03:00" endTime="2025-09-12T08:38:30.9538496+03:00" testType="13cdc9d9-ddb5-4fa4-a97d-d965ccfc6d4b" outcome="Passed" testListId="8c84fa94-04c1-424b-9868-57a2d4851a1d" relativeResultsDirectory="a6ab308b-66c9-4544-affe-fbe5e6e380ad" />
    <UnitTestResult executionId="78193b31-f911-4fe1-a5f1-db8b2b7f3bfc" testId="746957b1-64b5-6f49-8865-77ec9c46b43c" testName="Enterprise.Shared.Auditing.Tests.HealthChecks.AuditHealthCheckSimpleTests.CheckHealthAsync_WhenServiceTestFails_ReturnsUnhealthy" computerName="onur-TULPAR-T7-V20-5" duration="00:00:00.0011990" startTime="2025-09-12T08:38:30.9530448+03:00" endTime="2025-09-12T08:38:30.9530448+03:00" testType="13cdc9d9-ddb5-4fa4-a97d-d965ccfc6d4b" outcome="Passed" testListId="8c84fa94-04c1-424b-9868-57a2d4851a1d" relativeResultsDirectory="78193b31-f911-4fe1-a5f1-db8b2b7f3bfc" />
    <UnitTestResult executionId="84c6c1ae-2bf9-4386-8142-d21f11412b53" testId="7bb366b8-2eed-e56f-7ac0-0511636cb3bf" testName="Enterprise.Shared.Auditing.Tests.Models.SecurityAuditEventSimpleTests.FactoryMethod_CreateSuccessfulLogin_SetsCorrectProperties" computerName="onur-TULPAR-T7-V20-5" duration="00:00:00.0004724" startTime="2025-09-12T08:38:30.8768825+03:00" endTime="2025-09-12T08:38:30.8768826+03:00" testType="13cdc9d9-ddb5-4fa4-a97d-d965ccfc6d4b" outcome="Passed" testListId="8c84fa94-04c1-424b-9868-57a2d4851a1d" relativeResultsDirectory="84c6c1ae-2bf9-4386-8142-d21f11412b53" />
    <UnitTestResult executionId="163a0cc1-cd18-4778-8f3d-f6b3d1c8332b" testId="7d7f23f0-16aa-a751-4837-a88f5f9da51b" testName="Enterprise.Shared.Auditing.Tests.Models.ValidationResultTests.Failure_WithMessage_ReturnsFailedResult" computerName="onur-TULPAR-T7-V20-5" duration="00:00:00.0002880" startTime="2025-09-12T08:38:30.8514591+03:00" endTime="2025-09-12T08:38:30.8514592+03:00" testType="13cdc9d9-ddb5-4fa4-a97d-d965ccfc6d4b" outcome="Passed" testListId="8c84fa94-04c1-424b-9868-57a2d4851a1d" relativeResultsDirectory="163a0cc1-cd18-4778-8f3d-f6b3d1c8332b" />
    <UnitTestResult executionId="343c98e0-04c6-4856-b135-236824b11f7b" testId="1d5f6378-83c3-6752-8284-32db5309f530" testName="Enterprise.Shared.Auditing.Tests.HealthChecks.AuditHealthCheckSimpleTests.CheckHealthAsync_WhenStoreHealthCheckFails_ReturnsDegraded" computerName="onur-TULPAR-T7-V20-5" duration="00:00:00.0004561" startTime="2025-09-12T08:38:30.9530278+03:00" endTime="2025-09-12T08:38:30.9530278+03:00" testType="13cdc9d9-ddb5-4fa4-a97d-d965ccfc6d4b" outcome="Passed" testListId="8c84fa94-04c1-424b-9868-57a2d4851a1d" relativeResultsDirectory="343c98e0-04c6-4856-b135-236824b11f7b" />
    <UnitTestResult executionId="af9b7de1-fe03-4ad1-8fad-26085cdc23fa" testId="ef1efab7-f0a5-54cc-3e1d-b90e55d8fb25" testName="Enterprise.Shared.Auditing.Tests.HealthChecks.AuditHealthCheckSimpleTests.CheckHealthAsync_WhenAllHealthy_ReturnsHealthy" computerName="onur-TULPAR-T7-V20-5" duration="00:00:00.0586400" startTime="2025-09-12T08:38:30.9529451+03:00" endTime="2025-09-12T08:38:30.9529452+03:00" testType="13cdc9d9-ddb5-4fa4-a97d-d965ccfc6d4b" outcome="Failed" testListId="8c84fa94-04c1-424b-9868-57a2d4851a1d" relativeResultsDirectory="af9b7de1-fe03-4ad1-8fad-26085cdc23fa">
      <Output>
        <ErrorInfo>
          <Message>Expected result.Status to be HealthStatus.Healthy {value: 2}, but found HealthStatus.Degraded {value: 1}.</Message>
          <StackTrace>   at FluentAssertions.Execution.XUnit2TestFramework.Throw(String message)
   at FluentAssertions.Execution.TestFrameworkProvider.Throw(String message)
   at FluentAssertions.Execution.DefaultAssertionStrategy.HandleFailure(String message)
   at FluentAssertions.Execution.AssertionScope.FailWith(Func`1 failReasonFunc)
   at FluentAssertions.Execution.AssertionScope.FailWith(Func`1 failReasonFunc)
   at FluentAssertions.Execution.AssertionScope.FailWith(String message, Object[] args)
   at FluentAssertions.Primitives.EnumAssertions`2.Be(TEnum expected, String because, Object[] becauseArgs)
   at Enterprise.Shared.Auditing.Tests.HealthChecks.AuditHealthCheckSimpleTests.CheckHealthAsync_WhenAllHealthy_ReturnsHealthy() in /home/onur/Desktop/PlatformV1/src/Shared/Enterprise.Shared.Auditing.Tests/HealthChecks/AuditHealthCheckSimpleTests.cs:line 78
--- End of stack trace from previous location ---</StackTrace>
        </ErrorInfo>
      </Output>
    </UnitTestResult>
    <UnitTestResult executionId="0c39aa53-de89-4649-a725-b192038cee10" testId="b449cdab-37ae-8856-bdf2-36135e89288f" testName="Enterprise.Shared.Auditing.Tests.Models.SecurityAuditEventSimpleTests.Create_WithDifferentEventTypes_SetsCorrectType(eventType: DataAccess)" computerName="onur-TULPAR-T7-V20-5" duration="00:00:00.0001273" startTime="2025-09-12T08:38:30.8763607+03:00" endTime="2025-09-12T08:38:30.8763607+03:00" testType="13cdc9d9-ddb5-4fa4-a97d-d965ccfc6d4b" outcome="Passed" testListId="8c84fa94-04c1-424b-9868-57a2d4851a1d" relativeResultsDirectory="0c39aa53-de89-4649-a725-b192038cee10" />
    <UnitTestResult executionId="9ce126d2-d7c4-410c-a2e3-e2cff3556edd" testId="55dbbe83-9ad7-9ff5-141e-e8b63a99705f" testName="Enterprise.Shared.Auditing.Tests.Models.SecurityAuditEventSimpleTests.WithRisk_SetIsAlertBasedOnThreshold(riskScore: 50, expectedAlert: False)" computerName="onur-TULPAR-T7-V20-5" duration="00:00:00.0000075" startTime="2025-09-12T08:38:30.8751412+03:00" endTime="2025-09-12T08:38:30.8751412+03:00" testType="13cdc9d9-ddb5-4fa4-a97d-d965ccfc6d4b" outcome="Passed" testListId="8c84fa94-04c1-424b-9868-57a2d4851a1d" relativeResultsDirectory="9ce126d2-d7c4-410c-a2e3-e2cff3556edd" />
    <UnitTestResult executionId="e0bcfb69-dcff-45b3-a212-a9d7690fce1a" testId="006fc6bf-8ac2-2338-8302-7b760e5b8337" testName="Enterprise.Shared.Auditing.Tests.Services.InMemoryAuditStoreSimpleTests.GetEventAsync_WithExistingId_ReturnsEvent" computerName="onur-TULPAR-T7-V20-5" duration="00:00:00.0103985" startTime="2025-09-12T08:38:30.8483213+03:00" endTime="2025-09-12T08:38:30.8483347+03:00" testType="13cdc9d9-ddb5-4fa4-a97d-d965ccfc6d4b" outcome="Passed" testListId="8c84fa94-04c1-424b-9868-57a2d4851a1d" relativeResultsDirectory="e0bcfb69-dcff-45b3-a212-a9d7690fce1a" />
    <UnitTestResult executionId="45dc2729-84b8-45a7-8b49-713ef7318462" testId="da64ea37-950e-b681-e202-8667d4c254e6" testName="Enterprise.Shared.Auditing.Tests.Models.SecurityAuditEventSimpleTests.Create_WithDifferentEventTypes_SetsCorrectType(eventType: Authorization)" computerName="onur-TULPAR-T7-V20-5" duration="00:00:00.0000101" startTime="2025-09-12T08:38:30.8763960+03:00" endTime="2025-09-12T08:38:30.8763960+03:00" testType="13cdc9d9-ddb5-4fa4-a97d-d965ccfc6d4b" outcome="Passed" testListId="8c84fa94-04c1-424b-9868-57a2d4851a1d" relativeResultsDirectory="45dc2729-84b8-45a7-8b49-713ef7318462" />
    <UnitTestResult executionId="34f397da-a09c-497c-925e-fe4009929574" testId="8bf22aa1-796e-8e16-f5e8-c167a2a3fded" testName="Enterprise.Shared.Auditing.Tests.Models.AuditEventSimpleTests.Constructor_SetsDefaultValues" computerName="onur-TULPAR-T7-V20-5" duration="00:00:00.0105123" startTime="2025-09-12T08:38:30.8752193+03:00" endTime="2025-09-12T08:38:30.8752193+03:00" testType="13cdc9d9-ddb5-4fa4-a97d-d965ccfc6d4b" outcome="Passed" testListId="8c84fa94-04c1-424b-9868-57a2d4851a1d" relativeResultsDirectory="34f397da-a09c-497c-925e-fe4009929574" />
  </Results>
  <TestDefinitions>
    <UnitTest name="Enterprise.Shared.Auditing.Tests.Services.InMemoryAuditStoreSimpleTests.GetEventAsync_WithExistingId_ReturnsEvent" storage="/home/onur/desktop/platformv1/src/shared/enterprise.shared.auditing.tests/bin/debug/net8.0/enterprise.shared.auditing.tests.dll" id="006fc6bf-8ac2-2338-8302-7b760e5b8337">
      <Execution id="e0bcfb69-dcff-45b3-a212-a9d7690fce1a" />
      <TestMethod codeBase="/home/onur/Desktop/PlatformV1/src/Shared/Enterprise.Shared.Auditing.Tests/bin/Debug/net8.0/Enterprise.Shared.Auditing.Tests.dll" adapterTypeName="executor://xunit/VsTestRunner2/netcoreapp" className="Enterprise.Shared.Auditing.Tests.Services.InMemoryAuditStoreSimpleTests" name="GetEventAsync_WithExistingId_ReturnsEvent" />
    </UnitTest>
    <UnitTest name="Enterprise.Shared.Auditing.Tests.Services.InMemoryAuditStoreSimpleTests.QueryEventsAsync_WithSorting_ReturnsSortedResults" storage="/home/onur/desktop/platformv1/src/shared/enterprise.shared.auditing.tests/bin/debug/net8.0/enterprise.shared.auditing.tests.dll" id="e2a3558c-55a8-e942-5627-563abe02b662">
      <Execution id="eea89283-9e63-4041-8d4b-7c35a7d8f209" />
      <TestMethod codeBase="/home/onur/Desktop/PlatformV1/src/Shared/Enterprise.Shared.Auditing.Tests/bin/Debug/net8.0/Enterprise.Shared.Auditing.Tests.dll" adapterTypeName="executor://xunit/VsTestRunner2/netcoreapp" className="Enterprise.Shared.Auditing.Tests.Services.InMemoryAuditStoreSimpleTests" name="QueryEventsAsync_WithSorting_ReturnsSortedResults" />
    </UnitTest>
    <UnitTest name="Enterprise.Shared.Auditing.Tests.Models.ValidationResultTests.Failure_WithMessage_ReturnsFailedResult" storage="/home/onur/desktop/platformv1/src/shared/enterprise.shared.auditing.tests/bin/debug/net8.0/enterprise.shared.auditing.tests.dll" id="7d7f23f0-16aa-a751-4837-a88f5f9da51b">
      <Execution id="163a0cc1-cd18-4778-8f3d-f6b3d1c8332b" />
      <TestMethod codeBase="/home/onur/Desktop/PlatformV1/src/Shared/Enterprise.Shared.Auditing.Tests/bin/Debug/net8.0/Enterprise.Shared.Auditing.Tests.dll" adapterTypeName="executor://xunit/VsTestRunner2/netcoreapp" className="Enterprise.Shared.Auditing.Tests.Models.ValidationResultTests" name="Failure_WithMessage_ReturnsFailedResult" />
    </UnitTest>
    <UnitTest name="Enterprise.Shared.Auditing.Tests.Models.SecurityAuditEventSimpleTests.WithRisk_SetIsAlertBasedOnThreshold(riskScore: 50, expectedAlert: False)" storage="/home/onur/desktop/platformv1/src/shared/enterprise.shared.auditing.tests/bin/debug/net8.0/enterprise.shared.auditing.tests.dll" id="55dbbe83-9ad7-9ff5-141e-e8b63a99705f">
      <Execution id="9ce126d2-d7c4-410c-a2e3-e2cff3556edd" />
      <TestMethod codeBase="/home/onur/Desktop/PlatformV1/src/Shared/Enterprise.Shared.Auditing.Tests/bin/Debug/net8.0/Enterprise.Shared.Auditing.Tests.dll" adapterTypeName="executor://xunit/VsTestRunner2/netcoreapp" className="Enterprise.Shared.Auditing.Tests.Models.SecurityAuditEventSimpleTests" name="WithRisk_SetIsAlertBasedOnThreshold" />
    </UnitTest>
    <UnitTest name="Enterprise.Shared.Auditing.Tests.Models.SecurityAuditEventSimpleTests.WithRisk_SetIsAlertBasedOnThreshold(riskScore: 100, expectedAlert: True)" storage="/home/onur/desktop/platformv1/src/shared/enterprise.shared.auditing.tests/bin/debug/net8.0/enterprise.shared.auditing.tests.dll" id="fe81ca39-7ff9-c8f7-327e-f838b849bf45">
      <Execution id="ac309fea-ef54-4ffe-8d24-00652578f0f6" />
      <TestMethod codeBase="/home/onur/Desktop/PlatformV1/src/Shared/Enterprise.Shared.Auditing.Tests/bin/Debug/net8.0/Enterprise.Shared.Auditing.Tests.dll" adapterTypeName="executor://xunit/VsTestRunner2/netcoreapp" className="Enterprise.Shared.Auditing.Tests.Models.SecurityAuditEventSimpleTests" name="WithRisk_SetIsAlertBasedOnThreshold" />
    </UnitTest>
    <UnitTest name="Enterprise.Shared.Auditing.Tests.Models.SecurityAuditEventSimpleTests.Create_WithDifferentEventTypes_SetsCorrectType(eventType: Authentication)" storage="/home/onur/desktop/platformv1/src/shared/enterprise.shared.auditing.tests/bin/debug/net8.0/enterprise.shared.auditing.tests.dll" id="b021b8bf-94f8-8cd0-effc-fc080e5da295">
      <Execution id="ec56f30a-1feb-47dd-9708-f9020e7f3861" />
      <TestMethod codeBase="/home/onur/Desktop/PlatformV1/src/Shared/Enterprise.Shared.Auditing.Tests/bin/Debug/net8.0/Enterprise.Shared.Auditing.Tests.dll" adapterTypeName="executor://xunit/VsTestRunner2/netcoreapp" className="Enterprise.Shared.Auditing.Tests.Models.SecurityAuditEventSimpleTests" name="Create_WithDifferentEventTypes_SetsCorrectType" />
    </UnitTest>
    <UnitTest name="Enterprise.Shared.Auditing.Tests.HealthChecks.AuditHealthCheckSimpleTests.CheckHealthAsync_WhenServiceTestFails_ReturnsUnhealthy" storage="/home/onur/desktop/platformv1/src/shared/enterprise.shared.auditing.tests/bin/debug/net8.0/enterprise.shared.auditing.tests.dll" id="746957b1-64b5-6f49-8865-77ec9c46b43c">
      <Execution id="78193b31-f911-4fe1-a5f1-db8b2b7f3bfc" />
      <TestMethod codeBase="/home/onur/Desktop/PlatformV1/src/Shared/Enterprise.Shared.Auditing.Tests/bin/Debug/net8.0/Enterprise.Shared.Auditing.Tests.dll" adapterTypeName="executor://xunit/VsTestRunner2/netcoreapp" className="Enterprise.Shared.Auditing.Tests.HealthChecks.AuditHealthCheckSimpleTests" name="CheckHealthAsync_WhenServiceTestFails_ReturnsUnhealthy" />
    </UnitTest>
    <UnitTest name="Enterprise.Shared.Auditing.Tests.Services.AuditServiceSimpleTests.SearchEventsAsync_WithValidCriteria_ReturnsResults" storage="/home/onur/desktop/platformv1/src/shared/enterprise.shared.auditing.tests/bin/debug/net8.0/enterprise.shared.auditing.tests.dll" id="92d348cb-a0cf-de03-a4ca-0c3074026d8c">
      <Execution id="722c240f-54f3-496b-9a58-ae6ee2e6462d" />
      <TestMethod codeBase="/home/onur/Desktop/PlatformV1/src/Shared/Enterprise.Shared.Auditing.Tests/bin/Debug/net8.0/Enterprise.Shared.Auditing.Tests.dll" adapterTypeName="executor://xunit/VsTestRunner2/netcoreapp" className="Enterprise.Shared.Auditing.Tests.Services.AuditServiceSimpleTests" name="SearchEventsAsync_WithValidCriteria_ReturnsResults" />
    </UnitTest>
    <UnitTest name="Enterprise.Shared.Auditing.Tests.Models.AuditEventSimpleTests.WithCorrelation_SetsCorrelationId" storage="/home/onur/desktop/platformv1/src/shared/enterprise.shared.auditing.tests/bin/debug/net8.0/enterprise.shared.auditing.tests.dll" id="9d0e2bef-0ef6-d425-e0bf-71aa22d99fe1">
      <Execution id="907dd9b7-4861-4fd9-bf94-ee26533487db" />
      <TestMethod codeBase="/home/onur/Desktop/PlatformV1/src/Shared/Enterprise.Shared.Auditing.Tests/bin/Debug/net8.0/Enterprise.Shared.Auditing.Tests.dll" adapterTypeName="executor://xunit/VsTestRunner2/netcoreapp" className="Enterprise.Shared.Auditing.Tests.Models.AuditEventSimpleTests" name="WithCorrelation_SetsCorrelationId" />
    </UnitTest>
    <UnitTest name="Enterprise.Shared.Auditing.Tests.Models.SecurityAuditEventSimpleTests.WithRisk_SetIsAlertBasedOnThreshold(riskScore: 0, expectedAlert: False)" storage="/home/onur/desktop/platformv1/src/shared/enterprise.shared.auditing.tests/bin/debug/net8.0/enterprise.shared.auditing.tests.dll" id="68dbc2c6-398b-ae19-ce9f-587c69a19e83">
      <Execution id="9b4fad55-f76e-4c0d-8acd-00310bae9906" />
      <TestMethod codeBase="/home/onur/Desktop/PlatformV1/src/Shared/Enterprise.Shared.Auditing.Tests/bin/Debug/net8.0/Enterprise.Shared.Auditing.Tests.dll" adapterTypeName="executor://xunit/VsTestRunner2/netcoreapp" className="Enterprise.Shared.Auditing.Tests.Models.SecurityAuditEventSimpleTests" name="WithRisk_SetIsAlertBasedOnThreshold" />
    </UnitTest>
    <UnitTest name="Enterprise.Shared.Auditing.Tests.Services.InMemoryAuditStoreSimpleTests.HealthCheckAsync_WithHealthyStore_ReturnsSuccess" storage="/home/onur/desktop/platformv1/src/shared/enterprise.shared.auditing.tests/bin/debug/net8.0/enterprise.shared.auditing.tests.dll" id="aa030906-38fd-2092-cec0-448b25aaf208">
      <Execution id="8dd8a0c9-5882-43ca-ab8b-943bf030c53a" />
      <TestMethod codeBase="/home/onur/Desktop/PlatformV1/src/Shared/Enterprise.Shared.Auditing.Tests/bin/Debug/net8.0/Enterprise.Shared.Auditing.Tests.dll" adapterTypeName="executor://xunit/VsTestRunner2/netcoreapp" className="Enterprise.Shared.Auditing.Tests.Services.InMemoryAuditStoreSimpleTests" name="HealthCheckAsync_WithHealthyStore_ReturnsSuccess" />
    </UnitTest>
    <UnitTest name="Enterprise.Shared.Auditing.Tests.Models.SecurityAuditEventSimpleTests.FactoryMethod_CreateSuccessfulLogin_SetsCorrectProperties" storage="/home/onur/desktop/platformv1/src/shared/enterprise.shared.auditing.tests/bin/debug/net8.0/enterprise.shared.auditing.tests.dll" id="7bb366b8-2eed-e56f-7ac0-0511636cb3bf">
      <Execution id="84c6c1ae-2bf9-4386-8142-d21f11412b53" />
      <TestMethod codeBase="/home/onur/Desktop/PlatformV1/src/Shared/Enterprise.Shared.Auditing.Tests/bin/Debug/net8.0/Enterprise.Shared.Auditing.Tests.dll" adapterTypeName="executor://xunit/VsTestRunner2/netcoreapp" className="Enterprise.Shared.Auditing.Tests.Models.SecurityAuditEventSimpleTests" name="FactoryMethod_CreateSuccessfulLogin_SetsCorrectProperties" />
    </UnitTest>
    <UnitTest name="Enterprise.Shared.Auditing.Tests.Models.SecurityAuditEventSimpleTests.WithAuthorization_SetsAuthorizationProperties" storage="/home/onur/desktop/platformv1/src/shared/enterprise.shared.auditing.tests/bin/debug/net8.0/enterprise.shared.auditing.tests.dll" id="c46c55dd-cf3f-ba1f-b6d7-c83499745af9">
      <Execution id="2a361b76-846a-4177-b959-4b91134b43bb" />
      <TestMethod codeBase="/home/onur/Desktop/PlatformV1/src/Shared/Enterprise.Shared.Auditing.Tests/bin/Debug/net8.0/Enterprise.Shared.Auditing.Tests.dll" adapterTypeName="executor://xunit/VsTestRunner2/netcoreapp" className="Enterprise.Shared.Auditing.Tests.Models.SecurityAuditEventSimpleTests" name="WithAuthorization_SetsAuthorizationProperties" />
    </UnitTest>
    <UnitTest name="Enterprise.Shared.Auditing.Tests.HealthChecks.AuditHealthCheckSimpleTests.CheckHealthAsync_WhenAuditingDisabled_ReturnsHealthy" storage="/home/onur/desktop/platformv1/src/shared/enterprise.shared.auditing.tests/bin/debug/net8.0/enterprise.shared.auditing.tests.dll" id="8754c9d7-ca62-f970-014d-3e6f754734a1">
      <Execution id="4f2bbb1f-3f2b-47d8-83f1-255e7c5627da" />
      <TestMethod codeBase="/home/onur/Desktop/PlatformV1/src/Shared/Enterprise.Shared.Auditing.Tests/bin/Debug/net8.0/Enterprise.Shared.Auditing.Tests.dll" adapterTypeName="executor://xunit/VsTestRunner2/netcoreapp" className="Enterprise.Shared.Auditing.Tests.HealthChecks.AuditHealthCheckSimpleTests" name="CheckHealthAsync_WhenAuditingDisabled_ReturnsHealthy" />
    </UnitTest>
    <UnitTest name="Enterprise.Shared.Auditing.Tests.Models.AuditEventSimpleTests.Create_WithValidParameters_ReturnsConfiguredEvent" storage="/home/onur/desktop/platformv1/src/shared/enterprise.shared.auditing.tests/bin/debug/net8.0/enterprise.shared.auditing.tests.dll" id="8bb21605-680d-c45d-24b1-29b3d4fd8dd5">
      <Execution id="1abbe22c-f93e-4f54-8445-1a62073705ec" />
      <TestMethod codeBase="/home/onur/Desktop/PlatformV1/src/Shared/Enterprise.Shared.Auditing.Tests/bin/Debug/net8.0/Enterprise.Shared.Auditing.Tests.dll" adapterTypeName="executor://xunit/VsTestRunner2/netcoreapp" className="Enterprise.Shared.Auditing.Tests.Models.AuditEventSimpleTests" name="Create_WithValidParameters_ReturnsConfiguredEvent" />
    </UnitTest>
    <UnitTest name="Enterprise.Shared.Auditing.Tests.Models.AuditEventSimpleTests.WithUser_SetsUserProperties" storage="/home/onur/desktop/platformv1/src/shared/enterprise.shared.auditing.tests/bin/debug/net8.0/enterprise.shared.auditing.tests.dll" id="043fd654-a5c8-49d0-ec81-8b8cf9c3ee25">
      <Execution id="b088c910-2b34-4688-b5d2-816e295d3813" />
      <TestMethod codeBase="/home/onur/Desktop/PlatformV1/src/Shared/Enterprise.Shared.Auditing.Tests/bin/Debug/net8.0/Enterprise.Shared.Auditing.Tests.dll" adapterTypeName="executor://xunit/VsTestRunner2/netcoreapp" className="Enterprise.Shared.Auditing.Tests.Models.AuditEventSimpleTests" name="WithUser_SetsUserProperties" />
    </UnitTest>
    <UnitTest name="Enterprise.Shared.Auditing.Tests.Models.ValidationResultTests.Constructor_WithSuccess_SetsCorrectValues" storage="/home/onur/desktop/platformv1/src/shared/enterprise.shared.auditing.tests/bin/debug/net8.0/enterprise.shared.auditing.tests.dll" id="892ce8c2-c3bb-2266-a377-84d97bf791ef">
      <Execution id="4215152c-f46a-457b-8161-1378cd32feee" />
      <TestMethod codeBase="/home/onur/Desktop/PlatformV1/src/Shared/Enterprise.Shared.Auditing.Tests/bin/Debug/net8.0/Enterprise.Shared.Auditing.Tests.dll" adapterTypeName="executor://xunit/VsTestRunner2/netcoreapp" className="Enterprise.Shared.Auditing.Tests.Models.ValidationResultTests" name="Constructor_WithSuccess_SetsCorrectValues" />
    </UnitTest>
    <UnitTest name="Enterprise.Shared.Auditing.Tests.Services.AuditServiceSimpleTests.GetEventAsync_WithValidId_ReturnsEvent" storage="/home/onur/desktop/platformv1/src/shared/enterprise.shared.auditing.tests/bin/debug/net8.0/enterprise.shared.auditing.tests.dll" id="6447034d-edb1-678f-b099-672ed12a7605">
      <Execution id="5da12100-9a09-45e4-8e4d-9f86ab670048" />
      <TestMethod codeBase="/home/onur/Desktop/PlatformV1/src/Shared/Enterprise.Shared.Auditing.Tests/bin/Debug/net8.0/Enterprise.Shared.Auditing.Tests.dll" adapterTypeName="executor://xunit/VsTestRunner2/netcoreapp" className="Enterprise.Shared.Auditing.Tests.Services.AuditServiceSimpleTests" name="GetEventAsync_WithValidId_ReturnsEvent" />
    </UnitTest>
    <UnitTest name="Enterprise.Shared.Auditing.Tests.Models.ValidationResultTests.Constructor_WithFailure_SetsCorrectValues" storage="/home/onur/desktop/platformv1/src/shared/enterprise.shared.auditing.tests/bin/debug/net8.0/enterprise.shared.auditing.tests.dll" id="eab7bf6d-6a6d-aabd-f35c-888b996d6f4a">
      <Execution id="3d60fbfe-b57c-42df-bed0-f1366aaff9da" />
      <TestMethod codeBase="/home/onur/Desktop/PlatformV1/src/Shared/Enterprise.Shared.Auditing.Tests/bin/Debug/net8.0/Enterprise.Shared.Auditing.Tests.dll" adapterTypeName="executor://xunit/VsTestRunner2/netcoreapp" className="Enterprise.Shared.Auditing.Tests.Models.ValidationResultTests" name="Constructor_WithFailure_SetsCorrectValues" />
    </UnitTest>
    <UnitTest name="Enterprise.Shared.Auditing.Tests.Services.AuditServiceSimpleTests.GetEventAsync_WithEmptyId_ReturnsNull" storage="/home/onur/desktop/platformv1/src/shared/enterprise.shared.auditing.tests/bin/debug/net8.0/enterprise.shared.auditing.tests.dll" id="e3fa2a54-b952-607d-b737-34af95ccaf48">
      <Execution id="a6ab308b-66c9-4544-affe-fbe5e6e380ad" />
      <TestMethod codeBase="/home/onur/Desktop/PlatformV1/src/Shared/Enterprise.Shared.Auditing.Tests/bin/Debug/net8.0/Enterprise.Shared.Auditing.Tests.dll" adapterTypeName="executor://xunit/VsTestRunner2/netcoreapp" className="Enterprise.Shared.Auditing.Tests.Services.AuditServiceSimpleTests" name="GetEventAsync_WithEmptyId_ReturnsNull" />
    </UnitTest>
    <UnitTest name="Enterprise.Shared.Auditing.Tests.Models.SecurityAuditEventSimpleTests.WithRisk_SetsRiskProperties" storage="/home/onur/desktop/platformv1/src/shared/enterprise.shared.auditing.tests/bin/debug/net8.0/enterprise.shared.auditing.tests.dll" id="3d836c61-9ce9-2045-0f15-ec0c88f9e269">
      <Execution id="af0c21cb-1be6-42f4-9976-170b9c0ba3e2" />
      <TestMethod codeBase="/home/onur/Desktop/PlatformV1/src/Shared/Enterprise.Shared.Auditing.Tests/bin/Debug/net8.0/Enterprise.Shared.Auditing.Tests.dll" adapterTypeName="executor://xunit/VsTestRunner2/netcoreapp" className="Enterprise.Shared.Auditing.Tests.Models.SecurityAuditEventSimpleTests" name="WithRisk_SetsRiskProperties" />
    </UnitTest>
    <UnitTest name="Enterprise.Shared.Auditing.Tests.Services.AuditServiceSimpleTests.LogSecurityEventAsync_WithValidEvent_StoresEventSuccessfully" storage="/home/onur/desktop/platformv1/src/shared/enterprise.shared.auditing.tests/bin/debug/net8.0/enterprise.shared.auditing.tests.dll" id="4ebd8889-f49a-6c66-dc50-e03f8e1f8b45">
      <Execution id="caefaf95-99e0-4cca-8681-7906200b4fb3" />
      <TestMethod codeBase="/home/onur/Desktop/PlatformV1/src/Shared/Enterprise.Shared.Auditing.Tests/bin/Debug/net8.0/Enterprise.Shared.Auditing.Tests.dll" adapterTypeName="executor://xunit/VsTestRunner2/netcoreapp" className="Enterprise.Shared.Auditing.Tests.Services.AuditServiceSimpleTests" name="LogSecurityEventAsync_WithValidEvent_StoresEventSuccessfully" />
    </UnitTest>
    <UnitTest name="Enterprise.Shared.Auditing.Tests.Models.AuditEventSimpleTests.WithHttpContext_SetsHttpContextProperties" storage="/home/onur/desktop/platformv1/src/shared/enterprise.shared.auditing.tests/bin/debug/net8.0/enterprise.shared.auditing.tests.dll" id="a071813a-706a-d60a-ea8a-0bdeea9e61b9">
      <Execution id="a0e7fa3e-d2d8-4bab-a2fc-1cb3fff1f1af" />
      <TestMethod codeBase="/home/onur/Desktop/PlatformV1/src/Shared/Enterprise.Shared.Auditing.Tests/bin/Debug/net8.0/Enterprise.Shared.Auditing.Tests.dll" adapterTypeName="executor://xunit/VsTestRunner2/netcoreapp" className="Enterprise.Shared.Auditing.Tests.Models.AuditEventSimpleTests" name="WithHttpContext_SetsHttpContextProperties" />
    </UnitTest>
    <UnitTest name="Enterprise.Shared.Auditing.Tests.Models.SecurityAuditEventSimpleTests.Create_WithDifferentEventTypes_SetsCorrectType(eventType: Authorization)" storage="/home/onur/desktop/platformv1/src/shared/enterprise.shared.auditing.tests/bin/debug/net8.0/enterprise.shared.auditing.tests.dll" id="da64ea37-950e-b681-e202-8667d4c254e6">
      <Execution id="45dc2729-84b8-45a7-8b49-713ef7318462" />
      <TestMethod codeBase="/home/onur/Desktop/PlatformV1/src/Shared/Enterprise.Shared.Auditing.Tests/bin/Debug/net8.0/Enterprise.Shared.Auditing.Tests.dll" adapterTypeName="executor://xunit/VsTestRunner2/netcoreapp" className="Enterprise.Shared.Auditing.Tests.Models.SecurityAuditEventSimpleTests" name="Create_WithDifferentEventTypes_SetsCorrectType" />
    </UnitTest>
    <UnitTest name="Enterprise.Shared.Auditing.Tests.Models.AuditEventSimpleTests.Properties_CanBeModifiedDirectly" storage="/home/onur/desktop/platformv1/src/shared/enterprise.shared.auditing.tests/bin/debug/net8.0/enterprise.shared.auditing.tests.dll" id="04d143ea-cb2a-c7bf-b067-c9eec5e8a4a5">
      <Execution id="875f38b6-d37b-4f15-a482-b359b27cf29e" />
      <TestMethod codeBase="/home/onur/Desktop/PlatformV1/src/Shared/Enterprise.Shared.Auditing.Tests/bin/Debug/net8.0/Enterprise.Shared.Auditing.Tests.dll" adapterTypeName="executor://xunit/VsTestRunner2/netcoreapp" className="Enterprise.Shared.Auditing.Tests.Models.AuditEventSimpleTests" name="Properties_CanBeModifiedDirectly" />
    </UnitTest>
    <UnitTest name="Enterprise.Shared.Auditing.Tests.Models.ValidationResultTests.Success_ReturnsSuccessfulResult" storage="/home/onur/desktop/platformv1/src/shared/enterprise.shared.auditing.tests/bin/debug/net8.0/enterprise.shared.auditing.tests.dll" id="ffde4746-c342-1c7f-7179-4122004fc211">
      <Execution id="5f59d9a4-c698-46f7-a69a-7d2fe9cce89e" />
      <TestMethod codeBase="/home/onur/Desktop/PlatformV1/src/Shared/Enterprise.Shared.Auditing.Tests/bin/Debug/net8.0/Enterprise.Shared.Auditing.Tests.dll" adapterTypeName="executor://xunit/VsTestRunner2/netcoreapp" className="Enterprise.Shared.Auditing.Tests.Models.ValidationResultTests" name="Success_ReturnsSuccessfulResult" />
    </UnitTest>
    <UnitTest name="Enterprise.Shared.Auditing.Tests.Services.AuditServiceSimpleTests.LogEventAsync_WithNullEvent_ReturnsFailure" storage="/home/onur/desktop/platformv1/src/shared/enterprise.shared.auditing.tests/bin/debug/net8.0/enterprise.shared.auditing.tests.dll" id="e3770ee4-7ecc-87a5-1fdc-ddaa3d786639">
      <Execution id="60d67cf3-2e86-4633-98f9-2272e6066e0d" />
      <TestMethod codeBase="/home/onur/Desktop/PlatformV1/src/Shared/Enterprise.Shared.Auditing.Tests/bin/Debug/net8.0/Enterprise.Shared.Auditing.Tests.dll" adapterTypeName="executor://xunit/VsTestRunner2/netcoreapp" className="Enterprise.Shared.Auditing.Tests.Services.AuditServiceSimpleTests" name="LogEventAsync_WithNullEvent_ReturnsFailure" />
    </UnitTest>
    <UnitTest name="Enterprise.Shared.Auditing.Tests.Services.InMemoryAuditStoreSimpleTests.StoreEventAsync_WithValidEvent_StoresSuccessfully" storage="/home/onur/desktop/platformv1/src/shared/enterprise.shared.auditing.tests/bin/debug/net8.0/enterprise.shared.auditing.tests.dll" id="04ac4824-f947-b72d-c120-990f4c114093">
      <Execution id="62c99d94-ca87-464f-82c4-2a505c15cf52" />
      <TestMethod codeBase="/home/onur/Desktop/PlatformV1/src/Shared/Enterprise.Shared.Auditing.Tests/bin/Debug/net8.0/Enterprise.Shared.Auditing.Tests.dll" adapterTypeName="executor://xunit/VsTestRunner2/netcoreapp" className="Enterprise.Shared.Auditing.Tests.Services.InMemoryAuditStoreSimpleTests" name="StoreEventAsync_WithValidEvent_StoresSuccessfully" />
    </UnitTest>
    <UnitTest name="Enterprise.Shared.Auditing.Tests.Services.AuditServiceSimpleTests.LogEventAsync_WhenDisabled_ReturnsSuccessWithoutStoring" storage="/home/onur/desktop/platformv1/src/shared/enterprise.shared.auditing.tests/bin/debug/net8.0/enterprise.shared.auditing.tests.dll" id="b938de1e-62e3-b21a-e545-a501f8c2033d">
      <Execution id="d817ca22-1ea9-4793-a212-eb20894c1199" />
      <TestMethod codeBase="/home/onur/Desktop/PlatformV1/src/Shared/Enterprise.Shared.Auditing.Tests/bin/Debug/net8.0/Enterprise.Shared.Auditing.Tests.dll" adapterTypeName="executor://xunit/VsTestRunner2/netcoreapp" className="Enterprise.Shared.Auditing.Tests.Services.AuditServiceSimpleTests" name="LogEventAsync_WhenDisabled_ReturnsSuccessWithoutStoring" />
    </UnitTest>
    <UnitTest name="Enterprise.Shared.Auditing.Tests.Models.SecurityAuditEventSimpleTests.Create_WithDifferentEventTypes_SetsCorrectType(eventType: AccountManagement)" storage="/home/onur/desktop/platformv1/src/shared/enterprise.shared.auditing.tests/bin/debug/net8.0/enterprise.shared.auditing.tests.dll" id="97bd0b96-0566-4935-2820-9c3ae961b451">
      <Execution id="641dbb3d-49ed-4ea8-8aaf-52140f060b63" />
      <TestMethod codeBase="/home/onur/Desktop/PlatformV1/src/Shared/Enterprise.Shared.Auditing.Tests/bin/Debug/net8.0/Enterprise.Shared.Auditing.Tests.dll" adapterTypeName="executor://xunit/VsTestRunner2/netcoreapp" className="Enterprise.Shared.Auditing.Tests.Models.SecurityAuditEventSimpleTests" name="Create_WithDifferentEventTypes_SetsCorrectType" />
    </UnitTest>
    <UnitTest name="Enterprise.Shared.Auditing.Tests.Models.SecurityAuditEventSimpleTests.WithRisk_SetIsAlertBasedOnThreshold(riskScore: 75, expectedAlert: True)" storage="/home/onur/desktop/platformv1/src/shared/enterprise.shared.auditing.tests/bin/debug/net8.0/enterprise.shared.auditing.tests.dll" id="a009cc9d-c191-1c67-5b7a-4c0069e2c174">
      <Execution id="5e32c4e5-be92-4f3b-a372-f8d9f636229d" />
      <TestMethod codeBase="/home/onur/Desktop/PlatformV1/src/Shared/Enterprise.Shared.Auditing.Tests/bin/Debug/net8.0/Enterprise.Shared.Auditing.Tests.dll" adapterTypeName="executor://xunit/VsTestRunner2/netcoreapp" className="Enterprise.Shared.Auditing.Tests.Models.SecurityAuditEventSimpleTests" name="WithRisk_SetIsAlertBasedOnThreshold" />
    </UnitTest>
    <UnitTest name="Enterprise.Shared.Auditing.Tests.HealthChecks.AuditHealthCheckSimpleTests.CheckHealthAsync_WhenUnexpectedException_ReturnsUnhealthy" storage="/home/onur/desktop/platformv1/src/shared/enterprise.shared.auditing.tests/bin/debug/net8.0/enterprise.shared.auditing.tests.dll" id="def99c85-08e3-422b-c8ab-ed53d14d0bf1">
      <Execution id="5bd10557-a1c2-4714-996e-0cbbc04520b5" />
      <TestMethod codeBase="/home/onur/Desktop/PlatformV1/src/Shared/Enterprise.Shared.Auditing.Tests/bin/Debug/net8.0/Enterprise.Shared.Auditing.Tests.dll" adapterTypeName="executor://xunit/VsTestRunner2/netcoreapp" className="Enterprise.Shared.Auditing.Tests.HealthChecks.AuditHealthCheckSimpleTests" name="CheckHealthAsync_WhenUnexpectedException_ReturnsUnhealthy" />
    </UnitTest>
    <UnitTest name="Enterprise.Shared.Auditing.Tests.Models.AuditEventSimpleTests.Create_WithDefaultResult_SetsSuccessResult" storage="/home/onur/desktop/platformv1/src/shared/enterprise.shared.auditing.tests/bin/debug/net8.0/enterprise.shared.auditing.tests.dll" id="eacbafcc-c655-16f6-d3f0-bd3df89de6f4">
      <Execution id="a3682286-a8fa-4eec-a89d-1fd0d14d3208" />
      <TestMethod codeBase="/home/onur/Desktop/PlatformV1/src/Shared/Enterprise.Shared.Auditing.Tests/bin/Debug/net8.0/Enterprise.Shared.Auditing.Tests.dll" adapterTypeName="executor://xunit/VsTestRunner2/netcoreapp" className="Enterprise.Shared.Auditing.Tests.Models.AuditEventSimpleTests" name="Create_WithDefaultResult_SetsSuccessResult" />
    </UnitTest>
    <UnitTest name="Enterprise.Shared.Auditing.Tests.Services.InMemoryAuditStoreSimpleTests.QueryEventsAsync_WithNoFilters_ReturnsAllEvents" storage="/home/onur/desktop/platformv1/src/shared/enterprise.shared.auditing.tests/bin/debug/net8.0/enterprise.shared.auditing.tests.dll" id="b78da184-ca29-0bea-87df-7b04a8f0e1c6">
      <Execution id="3aee9e14-5354-48cc-b398-61a3a3bf8624" />
      <TestMethod codeBase="/home/onur/Desktop/PlatformV1/src/Shared/Enterprise.Shared.Auditing.Tests/bin/Debug/net8.0/Enterprise.Shared.Auditing.Tests.dll" adapterTypeName="executor://xunit/VsTestRunner2/netcoreapp" className="Enterprise.Shared.Auditing.Tests.Services.InMemoryAuditStoreSimpleTests" name="QueryEventsAsync_WithNoFilters_ReturnsAllEvents" />
    </UnitTest>
    <UnitTest name="Enterprise.Shared.Auditing.Tests.Models.SecurityAuditEventSimpleTests.Create_WithDifferentEventTypes_SetsCorrectType(eventType: DataAccess)" storage="/home/onur/desktop/platformv1/src/shared/enterprise.shared.auditing.tests/bin/debug/net8.0/enterprise.shared.auditing.tests.dll" id="b449cdab-37ae-8856-bdf2-36135e89288f">
      <Execution id="0c39aa53-de89-4649-a725-b192038cee10" />
      <TestMethod codeBase="/home/onur/Desktop/PlatformV1/src/Shared/Enterprise.Shared.Auditing.Tests/bin/Debug/net8.0/Enterprise.Shared.Auditing.Tests.dll" adapterTypeName="executor://xunit/VsTestRunner2/netcoreapp" className="Enterprise.Shared.Auditing.Tests.Models.SecurityAuditEventSimpleTests" name="Create_WithDifferentEventTypes_SetsCorrectType" />
    </UnitTest>
    <UnitTest name="Enterprise.Shared.Auditing.Tests.Models.SecurityAuditEventSimpleTests.WithRisk_SetIsAlertBasedOnThreshold(riskScore: 74, expectedAlert: False)" storage="/home/onur/desktop/platformv1/src/shared/enterprise.shared.auditing.tests/bin/debug/net8.0/enterprise.shared.auditing.tests.dll" id="cdf250c9-d02a-15b3-16df-7a2e6fd05961">
      <Execution id="7e86c41b-ef25-4b25-a039-f419b9acbeae" />
      <TestMethod codeBase="/home/onur/Desktop/PlatformV1/src/Shared/Enterprise.Shared.Auditing.Tests/bin/Debug/net8.0/Enterprise.Shared.Auditing.Tests.dll" adapterTypeName="executor://xunit/VsTestRunner2/netcoreapp" className="Enterprise.Shared.Auditing.Tests.Models.SecurityAuditEventSimpleTests" name="WithRisk_SetIsAlertBasedOnThreshold" />
    </UnitTest>
    <UnitTest name="Enterprise.Shared.Auditing.Tests.Models.AuditEventSimpleTests.WithMetadata_SerializesMetadataToString" storage="/home/onur/desktop/platformv1/src/shared/enterprise.shared.auditing.tests/bin/debug/net8.0/enterprise.shared.auditing.tests.dll" id="e4546f55-81ec-80e6-57d8-b37ee6d6c815">
      <Execution id="9e0f092c-f3ab-4030-8d23-d2ff7c092edc" />
      <TestMethod codeBase="/home/onur/Desktop/PlatformV1/src/Shared/Enterprise.Shared.Auditing.Tests/bin/Debug/net8.0/Enterprise.Shared.Auditing.Tests.dll" adapterTypeName="executor://xunit/VsTestRunner2/netcoreapp" className="Enterprise.Shared.Auditing.Tests.Models.AuditEventSimpleTests" name="WithMetadata_SerializesMetadataToString" />
    </UnitTest>
    <UnitTest name="Enterprise.Shared.Auditing.Tests.HealthChecks.AuditHealthCheckSimpleTests.CheckHealthAsync_WhenStoreHealthCheckFails_ReturnsDegraded" storage="/home/onur/desktop/platformv1/src/shared/enterprise.shared.auditing.tests/bin/debug/net8.0/enterprise.shared.auditing.tests.dll" id="1d5f6378-83c3-6752-8284-32db5309f530">
      <Execution id="343c98e0-04c6-4856-b135-236824b11f7b" />
      <TestMethod codeBase="/home/onur/Desktop/PlatformV1/src/Shared/Enterprise.Shared.Auditing.Tests/bin/Debug/net8.0/Enterprise.Shared.Auditing.Tests.dll" adapterTypeName="executor://xunit/VsTestRunner2/netcoreapp" className="Enterprise.Shared.Auditing.Tests.HealthChecks.AuditHealthCheckSimpleTests" name="CheckHealthAsync_WhenStoreHealthCheckFails_ReturnsDegraded" />
    </UnitTest>
    <UnitTest name="Enterprise.Shared.Auditing.Tests.Models.SecurityAuditEventSimpleTests.FactoryMethod_CreateFailedLogin_SetsCorrectProperties" storage="/home/onur/desktop/platformv1/src/shared/enterprise.shared.auditing.tests/bin/debug/net8.0/enterprise.shared.auditing.tests.dll" id="881ba049-d412-4ac7-98d1-1211340ae562">
      <Execution id="a22faeac-4541-4449-a588-1f668b2b8aa4" />
      <TestMethod codeBase="/home/onur/Desktop/PlatformV1/src/Shared/Enterprise.Shared.Auditing.Tests/bin/Debug/net8.0/Enterprise.Shared.Auditing.Tests.dll" adapterTypeName="executor://xunit/VsTestRunner2/netcoreapp" className="Enterprise.Shared.Auditing.Tests.Models.SecurityAuditEventSimpleTests" name="FactoryMethod_CreateFailedLogin_SetsCorrectProperties" />
    </UnitTest>
    <UnitTest name="Enterprise.Shared.Auditing.Tests.HealthChecks.AuditHealthCheckSimpleTests.CheckHealthAsync_WhenAllHealthy_ReturnsHealthy" storage="/home/onur/desktop/platformv1/src/shared/enterprise.shared.auditing.tests/bin/debug/net8.0/enterprise.shared.auditing.tests.dll" id="ef1efab7-f0a5-54cc-3e1d-b90e55d8fb25">
      <Execution id="af9b7de1-fe03-4ad1-8fad-26085cdc23fa" />
      <TestMethod codeBase="/home/onur/Desktop/PlatformV1/src/Shared/Enterprise.Shared.Auditing.Tests/bin/Debug/net8.0/Enterprise.Shared.Auditing.Tests.dll" adapterTypeName="executor://xunit/VsTestRunner2/netcoreapp" className="Enterprise.Shared.Auditing.Tests.HealthChecks.AuditHealthCheckSimpleTests" name="CheckHealthAsync_WhenAllHealthy_ReturnsHealthy" />
    </UnitTest>
    <UnitTest name="Enterprise.Shared.Auditing.Tests.Services.AuditServiceSimpleTests.LogEventAsync_WithValidEvent_StoresEventSuccessfully" storage="/home/onur/desktop/platformv1/src/shared/enterprise.shared.auditing.tests/bin/debug/net8.0/enterprise.shared.auditing.tests.dll" id="0e34243f-ad7c-0dbf-b995-d8e7774fa91f">
      <Execution id="a964fd12-5a5c-4e5c-a779-5c78e2bee7c2" />
      <TestMethod codeBase="/home/onur/Desktop/PlatformV1/src/Shared/Enterprise.Shared.Auditing.Tests/bin/Debug/net8.0/Enterprise.Shared.Auditing.Tests.dll" adapterTypeName="executor://xunit/VsTestRunner2/netcoreapp" className="Enterprise.Shared.Auditing.Tests.Services.AuditServiceSimpleTests" name="LogEventAsync_WithValidEvent_StoresEventSuccessfully" />
    </UnitTest>
    <UnitTest name="Enterprise.Shared.Auditing.Tests.Services.InMemoryAuditStoreSimpleTests.StoreEventAsync_WithNullEvent_ReturnsFailure" storage="/home/onur/desktop/platformv1/src/shared/enterprise.shared.auditing.tests/bin/debug/net8.0/enterprise.shared.auditing.tests.dll" id="78fde34a-4e5d-bc8e-4f05-2d0347e68bd3">
      <Execution id="18f0b72d-d43a-48d2-a0be-83fc213e459e" />
      <TestMethod codeBase="/home/onur/Desktop/PlatformV1/src/Shared/Enterprise.Shared.Auditing.Tests/bin/Debug/net8.0/Enterprise.Shared.Auditing.Tests.dll" adapterTypeName="executor://xunit/VsTestRunner2/netcoreapp" className="Enterprise.Shared.Auditing.Tests.Services.InMemoryAuditStoreSimpleTests" name="StoreEventAsync_WithNullEvent_ReturnsFailure" />
    </UnitTest>
    <UnitTest name="Enterprise.Shared.Auditing.Tests.Models.AuditEventSimpleTests.Constructor_SetsDefaultValues" storage="/home/onur/desktop/platformv1/src/shared/enterprise.shared.auditing.tests/bin/debug/net8.0/enterprise.shared.auditing.tests.dll" id="8bf22aa1-796e-8e16-f5e8-c167a2a3fded">
      <Execution id="34f397da-a09c-497c-925e-fe4009929574" />
      <TestMethod codeBase="/home/onur/Desktop/PlatformV1/src/Shared/Enterprise.Shared.Auditing.Tests/bin/Debug/net8.0/Enterprise.Shared.Auditing.Tests.dll" adapterTypeName="executor://xunit/VsTestRunner2/netcoreapp" className="Enterprise.Shared.Auditing.Tests.Models.AuditEventSimpleTests" name="Constructor_SetsDefaultValues" />
    </UnitTest>
    <UnitTest name="Enterprise.Shared.Auditing.Tests.Models.SecurityAuditEventSimpleTests.WithAuthentication_SetsAuthenticationProperties" storage="/home/onur/desktop/platformv1/src/shared/enterprise.shared.auditing.tests/bin/debug/net8.0/enterprise.shared.auditing.tests.dll" id="e6c67581-99e2-2748-be5d-5095fb00506b">
      <Execution id="7d618e78-fa60-4831-b3bb-3e2727b6b219" />
      <TestMethod codeBase="/home/onur/Desktop/PlatformV1/src/Shared/Enterprise.Shared.Auditing.Tests/bin/Debug/net8.0/Enterprise.Shared.Auditing.Tests.dll" adapterTypeName="executor://xunit/VsTestRunner2/netcoreapp" className="Enterprise.Shared.Auditing.Tests.Models.SecurityAuditEventSimpleTests" name="WithAuthentication_SetsAuthenticationProperties" />
    </UnitTest>
    <UnitTest name="Enterprise.Shared.Auditing.Tests.Services.InMemoryAuditStoreSimpleTests.GetEventCountAsync_WithDateRange_ReturnsCorrectCount" storage="/home/onur/desktop/platformv1/src/shared/enterprise.shared.auditing.tests/bin/debug/net8.0/enterprise.shared.auditing.tests.dll" id="63219dba-37d6-9cab-ed0c-a714bdc3b3fb">
      <Execution id="5a9fa5d9-9f2c-46bf-8159-11c8d7424245" />
      <TestMethod codeBase="/home/onur/Desktop/PlatformV1/src/Shared/Enterprise.Shared.Auditing.Tests/bin/Debug/net8.0/Enterprise.Shared.Auditing.Tests.dll" adapterTypeName="executor://xunit/VsTestRunner2/netcoreapp" className="Enterprise.Shared.Auditing.Tests.Services.InMemoryAuditStoreSimpleTests" name="GetEventCountAsync_WithDateRange_ReturnsCorrectCount" />
    </UnitTest>
    <UnitTest name="Enterprise.Shared.Auditing.Tests.Services.InMemoryAuditStoreSimpleTests.GetEventAsync_WithNonExistingId_ReturnsNull" storage="/home/onur/desktop/platformv1/src/shared/enterprise.shared.auditing.tests/bin/debug/net8.0/enterprise.shared.auditing.tests.dll" id="41efe741-07be-f6b0-1a5c-1369ee711c86">
      <Execution id="75211b10-15c1-4902-b2a7-d765e312d014" />
      <TestMethod codeBase="/home/onur/Desktop/PlatformV1/src/Shared/Enterprise.Shared.Auditing.Tests/bin/Debug/net8.0/Enterprise.Shared.Auditing.Tests.dll" adapterTypeName="executor://xunit/VsTestRunner2/netcoreapp" className="Enterprise.Shared.Auditing.Tests.Services.InMemoryAuditStoreSimpleTests" name="GetEventAsync_WithNonExistingId_ReturnsNull" />
    </UnitTest>
    <UnitTest name="Enterprise.Shared.Auditing.Tests.Models.SecurityAuditEventSimpleTests.Constructor_SetsSecurityDefaults" storage="/home/onur/desktop/platformv1/src/shared/enterprise.shared.auditing.tests/bin/debug/net8.0/enterprise.shared.auditing.tests.dll" id="8e6bc6cd-d29d-35b7-4089-eb83d7de14eb">
      <Execution id="78fed645-3455-49c7-bbbe-ebc3f037935e" />
      <TestMethod codeBase="/home/onur/Desktop/PlatformV1/src/Shared/Enterprise.Shared.Auditing.Tests/bin/Debug/net8.0/Enterprise.Shared.Auditing.Tests.dll" adapterTypeName="executor://xunit/VsTestRunner2/netcoreapp" className="Enterprise.Shared.Auditing.Tests.Models.SecurityAuditEventSimpleTests" name="Constructor_SetsSecurityDefaults" />
    </UnitTest>
    <UnitTest name="Enterprise.Shared.Auditing.Tests.Models.SecurityAuditEventSimpleTests.Create_WithValidParameters_ReturnsConfiguredEvent" storage="/home/onur/desktop/platformv1/src/shared/enterprise.shared.auditing.tests/bin/debug/net8.0/enterprise.shared.auditing.tests.dll" id="e7962a26-5982-7407-dcdd-3926ff592102">
      <Execution id="564f74e7-0dab-4cad-8ec3-9d33f96d574a" />
      <TestMethod codeBase="/home/onur/Desktop/PlatformV1/src/Shared/Enterprise.Shared.Auditing.Tests/bin/Debug/net8.0/Enterprise.Shared.Auditing.Tests.dll" adapterTypeName="executor://xunit/VsTestRunner2/netcoreapp" className="Enterprise.Shared.Auditing.Tests.Models.SecurityAuditEventSimpleTests" name="Create_WithValidParameters_ReturnsConfiguredEvent" />
    </UnitTest>
  </TestDefinitions>
  <TestEntries>
    <TestEntry testId="63219dba-37d6-9cab-ed0c-a714bdc3b3fb" executionId="5a9fa5d9-9f2c-46bf-8159-11c8d7424245" testListId="8c84fa94-04c1-424b-9868-57a2d4851a1d" />
    <TestEntry testId="b78da184-ca29-0bea-87df-7b04a8f0e1c6" executionId="3aee9e14-5354-48cc-b398-61a3a3bf8624" testListId="8c84fa94-04c1-424b-9868-57a2d4851a1d" />
    <TestEntry testId="eab7bf6d-6a6d-aabd-f35c-888b996d6f4a" executionId="3d60fbfe-b57c-42df-bed0-f1366aaff9da" testListId="8c84fa94-04c1-424b-9868-57a2d4851a1d" />
    <TestEntry testId="68dbc2c6-398b-ae19-ce9f-587c69a19e83" executionId="9b4fad55-f76e-4c0d-8acd-00310bae9906" testListId="8c84fa94-04c1-424b-9868-57a2d4851a1d" />
    <TestEntry testId="0e34243f-ad7c-0dbf-b995-d8e7774fa91f" executionId="a964fd12-5a5c-4e5c-a779-5c78e2bee7c2" testListId="8c84fa94-04c1-424b-9868-57a2d4851a1d" />
    <TestEntry testId="78fde34a-4e5d-bc8e-4f05-2d0347e68bd3" executionId="18f0b72d-d43a-48d2-a0be-83fc213e459e" testListId="8c84fa94-04c1-424b-9868-57a2d4851a1d" />
    <TestEntry testId="b021b8bf-94f8-8cd0-effc-fc080e5da295" executionId="ec56f30a-1feb-47dd-9708-f9020e7f3861" testListId="8c84fa94-04c1-424b-9868-57a2d4851a1d" />
    <TestEntry testId="e6c67581-99e2-2748-be5d-5095fb00506b" executionId="7d618e78-fa60-4831-b3bb-3e2727b6b219" testListId="8c84fa94-04c1-424b-9868-57a2d4851a1d" />
    <TestEntry testId="e7962a26-5982-7407-dcdd-3926ff592102" executionId="564f74e7-0dab-4cad-8ec3-9d33f96d574a" testListId="8c84fa94-04c1-424b-9868-57a2d4851a1d" />
    <TestEntry testId="4ebd8889-f49a-6c66-dc50-e03f8e1f8b45" executionId="caefaf95-99e0-4cca-8681-7906200b4fb3" testListId="8c84fa94-04c1-424b-9868-57a2d4851a1d" />
    <TestEntry testId="aa030906-38fd-2092-cec0-448b25aaf208" executionId="8dd8a0c9-5882-43ca-ab8b-943bf030c53a" testListId="8c84fa94-04c1-424b-9868-57a2d4851a1d" />
    <TestEntry testId="97bd0b96-0566-4935-2820-9c3ae961b451" executionId="641dbb3d-49ed-4ea8-8aaf-52140f060b63" testListId="8c84fa94-04c1-424b-9868-57a2d4851a1d" />
    <TestEntry testId="e4546f55-81ec-80e6-57d8-b37ee6d6c815" executionId="9e0f092c-f3ab-4030-8d23-d2ff7c092edc" testListId="8c84fa94-04c1-424b-9868-57a2d4851a1d" />
    <TestEntry testId="892ce8c2-c3bb-2266-a377-84d97bf791ef" executionId="4215152c-f46a-457b-8161-1378cd32feee" testListId="8c84fa94-04c1-424b-9868-57a2d4851a1d" />
    <TestEntry testId="a009cc9d-c191-1c67-5b7a-4c0069e2c174" executionId="5e32c4e5-be92-4f3b-a372-f8d9f636229d" testListId="8c84fa94-04c1-424b-9868-57a2d4851a1d" />
    <TestEntry testId="9d0e2bef-0ef6-d425-e0bf-71aa22d99fe1" executionId="907dd9b7-4861-4fd9-bf94-ee26533487db" testListId="8c84fa94-04c1-424b-9868-57a2d4851a1d" />
    <TestEntry testId="eacbafcc-c655-16f6-d3f0-bd3df89de6f4" executionId="a3682286-a8fa-4eec-a89d-1fd0d14d3208" testListId="8c84fa94-04c1-424b-9868-57a2d4851a1d" />
    <TestEntry testId="e2a3558c-55a8-e942-5627-563abe02b662" executionId="eea89283-9e63-4041-8d4b-7c35a7d8f209" testListId="8c84fa94-04c1-424b-9868-57a2d4851a1d" />
    <TestEntry testId="cdf250c9-d02a-15b3-16df-7a2e6fd05961" executionId="7e86c41b-ef25-4b25-a039-f419b9acbeae" testListId="8c84fa94-04c1-424b-9868-57a2d4851a1d" />
    <TestEntry testId="3d836c61-9ce9-2045-0f15-ec0c88f9e269" executionId="af0c21cb-1be6-42f4-9976-170b9c0ba3e2" testListId="8c84fa94-04c1-424b-9868-57a2d4851a1d" />
    <TestEntry testId="ffde4746-c342-1c7f-7179-4122004fc211" executionId="5f59d9a4-c698-46f7-a69a-7d2fe9cce89e" testListId="8c84fa94-04c1-424b-9868-57a2d4851a1d" />
    <TestEntry testId="fe81ca39-7ff9-c8f7-327e-f838b849bf45" executionId="ac309fea-ef54-4ffe-8d24-00652578f0f6" testListId="8c84fa94-04c1-424b-9868-57a2d4851a1d" />
    <TestEntry testId="e3770ee4-7ecc-87a5-1fdc-ddaa3d786639" executionId="60d67cf3-2e86-4633-98f9-2272e6066e0d" testListId="8c84fa94-04c1-424b-9868-57a2d4851a1d" />
    <TestEntry testId="a071813a-706a-d60a-ea8a-0bdeea9e61b9" executionId="a0e7fa3e-d2d8-4bab-a2fc-1cb3fff1f1af" testListId="8c84fa94-04c1-424b-9868-57a2d4851a1d" />
    <TestEntry testId="881ba049-d412-4ac7-98d1-1211340ae562" executionId="a22faeac-4541-4449-a588-1f668b2b8aa4" testListId="8c84fa94-04c1-424b-9868-57a2d4851a1d" />
    <TestEntry testId="def99c85-08e3-422b-c8ab-ed53d14d0bf1" executionId="5bd10557-a1c2-4714-996e-0cbbc04520b5" testListId="8c84fa94-04c1-424b-9868-57a2d4851a1d" />
    <TestEntry testId="92d348cb-a0cf-de03-a4ca-0c3074026d8c" executionId="722c240f-54f3-496b-9a58-ae6ee2e6462d" testListId="8c84fa94-04c1-424b-9868-57a2d4851a1d" />
    <TestEntry testId="8754c9d7-ca62-f970-014d-3e6f754734a1" executionId="4f2bbb1f-3f2b-47d8-83f1-255e7c5627da" testListId="8c84fa94-04c1-424b-9868-57a2d4851a1d" />
    <TestEntry testId="043fd654-a5c8-49d0-ec81-8b8cf9c3ee25" executionId="b088c910-2b34-4688-b5d2-816e295d3813" testListId="8c84fa94-04c1-424b-9868-57a2d4851a1d" />
    <TestEntry testId="c46c55dd-cf3f-ba1f-b6d7-c83499745af9" executionId="2a361b76-846a-4177-b959-4b91134b43bb" testListId="8c84fa94-04c1-424b-9868-57a2d4851a1d" />
    <TestEntry testId="8bb21605-680d-c45d-24b1-29b3d4fd8dd5" executionId="1abbe22c-f93e-4f54-8445-1a62073705ec" testListId="8c84fa94-04c1-424b-9868-57a2d4851a1d" />
    <TestEntry testId="8e6bc6cd-d29d-35b7-4089-eb83d7de14eb" executionId="78fed645-3455-49c7-bbbe-ebc3f037935e" testListId="8c84fa94-04c1-424b-9868-57a2d4851a1d" />
    <TestEntry testId="04ac4824-f947-b72d-c120-990f4c114093" executionId="62c99d94-ca87-464f-82c4-2a505c15cf52" testListId="8c84fa94-04c1-424b-9868-57a2d4851a1d" />
    <TestEntry testId="04d143ea-cb2a-c7bf-b067-c9eec5e8a4a5" executionId="875f38b6-d37b-4f15-a482-b359b27cf29e" testListId="8c84fa94-04c1-424b-9868-57a2d4851a1d" />
    <TestEntry testId="6447034d-edb1-678f-b099-672ed12a7605" executionId="5da12100-9a09-45e4-8e4d-9f86ab670048" testListId="8c84fa94-04c1-424b-9868-57a2d4851a1d" />
    <TestEntry testId="41efe741-07be-f6b0-1a5c-1369ee711c86" executionId="75211b10-15c1-4902-b2a7-d765e312d014" testListId="8c84fa94-04c1-424b-9868-57a2d4851a1d" />
    <TestEntry testId="b938de1e-62e3-b21a-e545-a501f8c2033d" executionId="d817ca22-1ea9-4793-a212-eb20894c1199" testListId="8c84fa94-04c1-424b-9868-57a2d4851a1d" />
    <TestEntry testId="e3fa2a54-b952-607d-b737-34af95ccaf48" executionId="a6ab308b-66c9-4544-affe-fbe5e6e380ad" testListId="8c84fa94-04c1-424b-9868-57a2d4851a1d" />
    <TestEntry testId="746957b1-64b5-6f49-8865-77ec9c46b43c" executionId="78193b31-f911-4fe1-a5f1-db8b2b7f3bfc" testListId="8c84fa94-04c1-424b-9868-57a2d4851a1d" />
    <TestEntry testId="7bb366b8-2eed-e56f-7ac0-0511636cb3bf" executionId="84c6c1ae-2bf9-4386-8142-d21f11412b53" testListId="8c84fa94-04c1-424b-9868-57a2d4851a1d" />
    <TestEntry testId="7d7f23f0-16aa-a751-4837-a88f5f9da51b" executionId="163a0cc1-cd18-4778-8f3d-f6b3d1c8332b" testListId="8c84fa94-04c1-424b-9868-57a2d4851a1d" />
    <TestEntry testId="1d5f6378-83c3-6752-8284-32db5309f530" executionId="343c98e0-04c6-4856-b135-236824b11f7b" testListId="8c84fa94-04c1-424b-9868-57a2d4851a1d" />
    <TestEntry testId="ef1efab7-f0a5-54cc-3e1d-b90e55d8fb25" executionId="af9b7de1-fe03-4ad1-8fad-26085cdc23fa" testListId="8c84fa94-04c1-424b-9868-57a2d4851a1d" />
    <TestEntry testId="b449cdab-37ae-8856-bdf2-36135e89288f" executionId="0c39aa53-de89-4649-a725-b192038cee10" testListId="8c84fa94-04c1-424b-9868-57a2d4851a1d" />
    <TestEntry testId="55dbbe83-9ad7-9ff5-141e-e8b63a99705f" executionId="9ce126d2-d7c4-410c-a2e3-e2cff3556edd" testListId="8c84fa94-04c1-424b-9868-57a2d4851a1d" />
    <TestEntry testId="006fc6bf-8ac2-2338-8302-7b760e5b8337" executionId="e0bcfb69-dcff-45b3-a212-a9d7690fce1a" testListId="8c84fa94-04c1-424b-9868-57a2d4851a1d" />
    <TestEntry testId="da64ea37-950e-b681-e202-8667d4c254e6" executionId="45dc2729-84b8-45a7-8b49-713ef7318462" testListId="8c84fa94-04c1-424b-9868-57a2d4851a1d" />
    <TestEntry testId="8bf22aa1-796e-8e16-f5e8-c167a2a3fded" executionId="34f397da-a09c-497c-925e-fe4009929574" testListId="8c84fa94-04c1-424b-9868-57a2d4851a1d" />
  </TestEntries>
  <TestLists>
    <TestList name="Results Not in a List" id="8c84fa94-04c1-424b-9868-57a2d4851a1d" />
    <TestList name="All Loaded Results" id="19431567-8539-422a-85d7-44ee4e166bda" />
  </TestLists>
  <ResultSummary outcome="Failed">
    <Counters total="48" executed="48" passed="45" failed="3" error="0" timeout="0" aborted="0" inconclusive="0" passedButRunAborted="0" notRunnable="0" notExecuted="0" disconnected="0" warning="0" completed="0" inProgress="0" pending="0" />
    <Output>
      <StdOut>[xUnit.net 00:00:00.00] xUnit.net VSTest Adapter v2.5.3.1+6b60a9e56a (64-bit .NET 8.0.19)
[xUnit.net 00:00:00.05]   Discovering: Enterprise.Shared.Auditing.Tests
[xUnit.net 00:00:00.08]   Discovered:  Enterprise.Shared.Auditing.Tests
[xUnit.net 00:00:00.08]   Starting:    Enterprise.Shared.Auditing.Tests
[xUnit.net 00:00:00.23]       Expected result.IsSuccess to be True, but found False.
[xUnit.net 00:00:00.23]       Stack Trace:
[xUnit.net 00:00:00.23]            at FluentAssertions.Execution.XUnit2TestFramework.Throw(String message)
[xUnit.net 00:00:00.23]            at FluentAssertions.Execution.TestFrameworkProvider.Throw(String message)
[xUnit.net 00:00:00.23]            at FluentAssertions.Execution.DefaultAssertionStrategy.HandleFailure(String message)
[xUnit.net 00:00:00.23]            at FluentAssertions.Execution.AssertionScope.FailWith(Func`1 failReasonFunc)
[xUnit.net 00:00:00.23]            at FluentAssertions.Execution.AssertionScope.FailWith(Func`1 failReasonFunc)
[xUnit.net 00:00:00.23]            at FluentAssertions.Execution.AssertionScope.FailWith(String message, Object[] args)
[xUnit.net 00:00:00.23]            at FluentAssertions.Primitives.BooleanAssertions`1.BeTrue(String because, Object[] becauseArgs)
[xUnit.net 00:00:00.23]         /home/onur/Desktop/PlatformV1/src/Shared/Enterprise.Shared.Auditing.Tests/Services/AuditServiceSimpleTests.cs(44,0): at Enterprise.Shared.Auditing.Tests.Services.AuditServiceSimpleTests.LogEventAsync_WithValidEvent_StoresEventSuccessfully()
[xUnit.net 00:00:00.23]         --- End of stack trace from previous location ---
[xUnit.net 00:00:00.23]       Expected result.Status to be HealthStatus.Healthy {value: 2}, but found HealthStatus.Degraded {value: 1}.
[xUnit.net 00:00:00.23]       Stack Trace:
[xUnit.net 00:00:00.23]            at FluentAssertions.Execution.XUnit2TestFramework.Throw(String message)
[xUnit.net 00:00:00.23]            at FluentAssertions.Execution.TestFrameworkProvider.Throw(String message)
[xUnit.net 00:00:00.23]            at FluentAssertions.Execution.DefaultAssertionStrategy.HandleFailure(String message)
[xUnit.net 00:00:00.23]            at FluentAssertions.Execution.AssertionScope.FailWith(Func`1 failReasonFunc)
[xUnit.net 00:00:00.23]            at FluentAssertions.Execution.AssertionScope.FailWith(Func`1 failReasonFunc)
[xUnit.net 00:00:00.23]            at FluentAssertions.Execution.AssertionScope.FailWith(String message, Object[] args)
[xUnit.net 00:00:00.23]            at FluentAssertions.Primitives.EnumAssertions`2.Be(TEnum expected, String because, Object[] becauseArgs)
[xUnit.net 00:00:00.23]         /home/onur/Desktop/PlatformV1/src/Shared/Enterprise.Shared.Auditing.Tests/HealthChecks/AuditHealthCheckSimpleTests.cs(78,0): at Enterprise.Shared.Auditing.Tests.HealthChecks.AuditHealthCheckSimpleTests.CheckHealthAsync_WhenAllHealthy_ReturnsHealthy()
[xUnit.net 00:00:00.23]         --- End of stack trace from previous location ---
[xUnit.net 00:00:00.23]       Expected result.IsSuccess to be True, but found False.
[xUnit.net 00:00:00.23]       Stack Trace:
[xUnit.net 00:00:00.23]            at FluentAssertions.Execution.XUnit2TestFramework.Throw(String message)
[xUnit.net 00:00:00.23]            at FluentAssertions.Execution.TestFrameworkProvider.Throw(String message)
[xUnit.net 00:00:00.23]            at FluentAssertions.Execution.DefaultAssertionStrategy.HandleFailure(String message)
[xUnit.net 00:00:00.23]            at FluentAssertions.Execution.AssertionScope.FailWith(Func`1 failReasonFunc)
[xUnit.net 00:00:00.23]            at FluentAssertions.Execution.AssertionScope.FailWith(Func`1 failReasonFunc)
[xUnit.net 00:00:00.23]            at FluentAssertions.Execution.AssertionScope.FailWith(String message, Object[] args)
[xUnit.net 00:00:00.23]            at FluentAssertions.Primitives.BooleanAssertions`1.BeTrue(String because, Object[] becauseArgs)
[xUnit.net 00:00:00.23]         /home/onur/Desktop/PlatformV1/src/Shared/Enterprise.Shared.Auditing.Tests/Services/AuditServiceSimpleTests.cs(117,0): at Enterprise.Shared.Auditing.Tests.Services.AuditServiceSimpleTests.LogSecurityEventAsync_WithValidEvent_StoresEventSuccessfully()
[xUnit.net 00:00:00.23]         --- End of stack trace from previous location ---
[xUnit.net 00:00:00.23]   Finished:    Enterprise.Shared.Auditing.Tests
</StdOut>
    </Output>
    <RunInfos>
      <RunInfo computerName="onur-TULPAR-T7-V20-5" outcome="Error" timestamp="2025-09-12T08:38:30.9515996+03:00">
        <Text>[xUnit.net 00:00:00.23]     Enterprise.Shared.Auditing.Tests.Services.AuditServiceSimpleTests.LogEventAsync_WithValidEvent_StoresEventSuccessfully [FAIL]</Text>
      </RunInfo>
      <RunInfo computerName="onur-TULPAR-T7-V20-5" outcome="Error" timestamp="2025-09-12T08:38:30.9528347+03:00">
        <Text>[xUnit.net 00:00:00.23]     Enterprise.Shared.Auditing.Tests.HealthChecks.AuditHealthCheckSimpleTests.CheckHealthAsync_WhenAllHealthy_ReturnsHealthy [FAIL]</Text>
      </RunInfo>
      <RunInfo computerName="onur-TULPAR-T7-V20-5" outcome="Error" timestamp="2025-09-12T08:38:30.9536351+03:00">
        <Text>[xUnit.net 00:00:00.23]     Enterprise.Shared.Auditing.Tests.Services.AuditServiceSimpleTests.LogSecurityEventAsync_WithValidEvent_StoresEventSuccessfully [FAIL]</Text>
      </RunInfo>
    </RunInfos>
  </ResultSummary>
</TestRun>