<?xml version="1.0" encoding="utf-8"?>
<TestRun id="7e3171fe-7ec2-4611-94c3-4616297ed58f" name="@onur-TULPAR-T7-V20-5 2025-09-12 21:04:26" xmlns="http://microsoft.com/schemas/VisualStudio/TeamTest/2010">
  <Times creation="2025-09-12T21:04:26.9075952+03:00" queuing="2025-09-12T21:04:26.9075952+03:00" start="2025-09-12T21:04:25.1532889+03:00" finish="2025-09-12T21:04:35.3552242+03:00" />
  <TestSettings name="default" id="1b216664-226a-4af7-b2b2-3a350108153f">
    <Deployment runDeploymentRoot="_onur-TULPAR-T7-V20-5_2025-09-12_21_04_26" />
  </TestSettings>
  <Results>
    <UnitTestResult executionId="164a1437-18ff-4015-a1cb-a019716e6609" testId="5edc1d0e-4399-b3ac-e7dd-0168d444ca3e" testName="Enterprise.Shared.Caching.Tests.Integration.CacheIntegrationTests.GetOrSetAsync_ShouldWorkCorrectly" computerName="onur-TULPAR-T7-V20-5" duration="00:00:00.0775323" startTime="2025-09-12T21:04:27.7848922+03:00" endTime="2025-09-12T21:04:27.7848922+03:00" testType="13cdc9d9-ddb5-4fa4-a97d-d965ccfc6d4b" outcome="Passed" testListId="8c84fa94-04c1-424b-9868-57a2d4851a1d" relativeResultsDirectory="164a1437-18ff-4015-a1cb-a019716e6609" />
    <UnitTestResult executionId="b8c2470c-029a-487b-9d60-c6d41faa48df" testId="545aec44-69f1-ff31-bd20-d7fdf3923347" testName="Enterprise.Shared.Caching.Tests.Integration.CacheIntegrationTests.ConcurrentOperations_ShouldHandleCorrectly" computerName="onur-TULPAR-T7-V20-5" duration="00:00:00.0142604" startTime="2025-09-12T21:04:33.3129806+03:00" endTime="2025-09-12T21:04:33.3129807+03:00" testType="13cdc9d9-ddb5-4fa4-a97d-d965ccfc6d4b" outcome="Passed" testListId="8c84fa94-04c1-424b-9868-57a2d4851a1d" relativeResultsDirectory="b8c2470c-029a-487b-9d60-c6d41faa48df" />
    <UnitTestResult executionId="fc20a5a7-3776-43f4-abc8-86fbddea1510" testId="c1d4cb43-1124-7e36-390d-2b398a530414" testName="Enterprise.Shared.Caching.Tests.Integration.CacheIntegrationTests.Metrics_ShouldTrackOperations" computerName="onur-TULPAR-T7-V20-5" duration="00:00:00.0146084" startTime="2025-09-12T21:04:35.3033457+03:00" endTime="2025-09-12T21:04:35.3033458+03:00" testType="13cdc9d9-ddb5-4fa4-a97d-d965ccfc6d4b" outcome="Passed" testListId="8c84fa94-04c1-424b-9868-57a2d4851a1d" relativeResultsDirectory="fc20a5a7-3776-43f4-abc8-86fbddea1510" />
    <UnitTestResult executionId="0d2a0a9f-2ab4-403e-bf25-4d21b5cdede4" testId="1aafacb8-7b06-f6b2-fd45-e3740f593178" testName="Enterprise.Shared.Caching.Tests.Integration.CacheIntegrationTests.MultiLevelCaching_ShouldWorkCorrectly" computerName="onur-TULPAR-T7-V20-5" duration="00:00:00.1415708" startTime="2025-09-12T21:04:26.6558174+03:00" endTime="2025-09-12T21:04:26.6558307+03:00" testType="13cdc9d9-ddb5-4fa4-a97d-d965ccfc6d4b" outcome="Failed" testListId="8c84fa94-04c1-424b-9868-57a2d4851a1d" relativeResultsDirectory="0d2a0a9f-2ab4-403e-bf25-4d21b5cdede4">
      <Output>
        <ErrorInfo>
          <Message>Expected result1.Basarili to be False, but found True.</Message>
          <StackTrace>   at FluentAssertions.Execution.XUnit2TestFramework.Throw(String message)
   at FluentAssertions.Execution.TestFrameworkProvider.Throw(String message)
   at FluentAssertions.Execution.DefaultAssertionStrategy.HandleFailure(String message)
   at FluentAssertions.Execution.AssertionScope.FailWith(Func`1 failReasonFunc)
   at FluentAssertions.Execution.AssertionScope.FailWith(Func`1 failReasonFunc)
   at FluentAssertions.Execution.AssertionScope.FailWith(String message, Object[] args)
   at FluentAssertions.Primitives.BooleanAssertions`1.BeFalse(String because, Object[] becauseArgs)
   at Enterprise.Shared.Caching.Tests.Integration.CacheIntegrationTests.MultiLevelCaching_ShouldWorkCorrectly() in /home/onur/Desktop/PlatformV1/src/Shared/Enterprise.Shared.Caching.Tests/Integration/CacheIntegrationTests.cs:line 157
--- End of stack trace from previous location ---</StackTrace>
        </ErrorInfo>
      </Output>
    </UnitTestResult>
    <UnitTestResult executionId="28ed3346-34fe-4cf7-9aeb-ed2c5d621803" testId="dc1c4bbd-c80e-0e71-4c02-f8f514ad8ab8" testName="Enterprise.Shared.Caching.Tests.Integration.CacheIntegrationTests.PatternRemoval_ShouldWork" computerName="onur-TULPAR-T7-V20-5" duration="00:00:00.0110329" startTime="2025-09-12T21:04:34.8044481+03:00" endTime="2025-09-12T21:04:34.8044481+03:00" testType="13cdc9d9-ddb5-4fa4-a97d-d965ccfc6d4b" outcome="Failed" testListId="8c84fa94-04c1-424b-9868-57a2d4851a1d" relativeResultsDirectory="28ed3346-34fe-4cf7-9aeb-ed2c5d621803">
      <Output>
        <ErrorInfo>
          <Message>Expected removedCount to be 2 because Should remove exactly 2 pattern-test keys, but found 0 (difference of -2).</Message>
          <StackTrace>   at FluentAssertions.Execution.XUnit2TestFramework.Throw(String message)
   at FluentAssertions.Execution.TestFrameworkProvider.Throw(String message)
   at FluentAssertions.Execution.DefaultAssertionStrategy.HandleFailure(String message)
   at FluentAssertions.Execution.AssertionScope.FailWith(Func`1 failReasonFunc)
   at FluentAssertions.Execution.AssertionScope.FailWith(Func`1 failReasonFunc)
   at FluentAssertions.Execution.AssertionScope.FailWith(String message, Object[] args)
   at FluentAssertions.Numeric.NumericAssertions`2.Be(T expected, String because, Object[] becauseArgs)
   at Enterprise.Shared.Caching.Tests.Integration.CacheIntegrationTests.PatternRemoval_ShouldWork() in /home/onur/Desktop/PlatformV1/src/Shared/Enterprise.Shared.Caching.Tests/Integration/CacheIntegrationTests.cs:line 235
--- End of stack trace from previous location ---</StackTrace>
        </ErrorInfo>
      </Output>
    </UnitTestResult>
    <UnitTestResult executionId="81f28e0c-6333-4ed8-852e-511965def127" testId="154218c2-5158-7a5c-ff97-4a94a0d313d5" testName="Enterprise.Shared.Caching.Tests.Integration.CacheIntegrationTests.HealthCheck_ShouldReportHealthy" computerName="onur-TULPAR-T7-V20-5" duration="00:00:00.0094060" startTime="2025-09-12T21:04:27.1663760+03:00" endTime="2025-09-12T21:04:27.1663761+03:00" testType="13cdc9d9-ddb5-4fa4-a97d-d965ccfc6d4b" outcome="Failed" testListId="8c84fa94-04c1-424b-9868-57a2d4851a1d" relativeResultsDirectory="81f28e0c-6333-4ed8-852e-511965def127">
      <Output>
        <ErrorInfo>
          <Message>Expected isHealthy to be True, but found False.</Message>
          <StackTrace>   at FluentAssertions.Execution.XUnit2TestFramework.Throw(String message)
   at FluentAssertions.Execution.TestFrameworkProvider.Throw(String message)
   at FluentAssertions.Execution.DefaultAssertionStrategy.HandleFailure(String message)
   at FluentAssertions.Execution.AssertionScope.FailWith(Func`1 failReasonFunc)
   at FluentAssertions.Execution.AssertionScope.FailWith(Func`1 failReasonFunc)
   at FluentAssertions.Execution.AssertionScope.FailWith(String message, Object[] args)
   at FluentAssertions.Primitives.BooleanAssertions`1.BeTrue(String because, Object[] becauseArgs)
   at Enterprise.Shared.Caching.Tests.Integration.CacheIntegrationTests.HealthCheck_ShouldReportHealthy() in /home/onur/Desktop/PlatformV1/src/Shared/Enterprise.Shared.Caching.Tests/Integration/CacheIntegrationTests.cs:line 258
--- End of stack trace from previous location ---</StackTrace>
        </ErrorInfo>
      </Output>
    </UnitTestResult>
    <UnitTestResult executionId="7ea8bf85-0b55-4acc-9c23-433264a9b4df" testId="c6742520-371b-ae78-700d-404099632b7d" testName="Enterprise.Shared.Caching.Tests.Integration.CacheIntegrationTests.RefreshAsync_ShouldExtendTtl" computerName="onur-TULPAR-T7-V20-5" duration="00:00:01.0095382" startTime="2025-09-12T21:04:29.3054811+03:00" endTime="2025-09-12T21:04:29.3054813+03:00" testType="13cdc9d9-ddb5-4fa4-a97d-d965ccfc6d4b" outcome="Failed" testListId="8c84fa94-04c1-424b-9868-57a2d4851a1d" relativeResultsDirectory="7ea8bf85-0b55-4acc-9c23-433264a9b4df">
      <Output>
        <ErrorInfo>
          <Message>Expected refreshed to be True, but found False.</Message>
          <StackTrace>   at FluentAssertions.Execution.XUnit2TestFramework.Throw(String message)
   at FluentAssertions.Execution.TestFrameworkProvider.Throw(String message)
   at FluentAssertions.Execution.DefaultAssertionStrategy.HandleFailure(String message)
   at FluentAssertions.Execution.AssertionScope.FailWith(Func`1 failReasonFunc)
   at FluentAssertions.Execution.AssertionScope.FailWith(Func`1 failReasonFunc)
   at FluentAssertions.Execution.AssertionScope.FailWith(String message, Object[] args)
   at FluentAssertions.Primitives.BooleanAssertions`1.BeTrue(String because, Object[] becauseArgs)
   at Enterprise.Shared.Caching.Tests.Integration.CacheIntegrationTests.RefreshAsync_ShouldExtendTtl() in /home/onur/Desktop/PlatformV1/src/Shared/Enterprise.Shared.Caching.Tests/Integration/CacheIntegrationTests.cs:line 327
--- End of stack trace from previous location ---</StackTrace>
        </ErrorInfo>
      </Output>
    </UnitTestResult>
    <UnitTestResult executionId="259c3728-a694-462a-b2b1-2a29cfaca7ca" testId="8d4c56cb-482e-1100-d15f-faee770f5dd4" testName="Enterprise.Shared.Caching.Tests.Integration.CacheIntegrationTests.BasicCacheOperations_ShouldWork" computerName="onur-TULPAR-T7-V20-5" duration="00:00:00.0078515" startTime="2025-09-12T21:04:33.8136331+03:00" endTime="2025-09-12T21:04:33.8136346+03:00" testType="13cdc9d9-ddb5-4fa4-a97d-d965ccfc6d4b" outcome="Passed" testListId="8c84fa94-04c1-424b-9868-57a2d4851a1d" relativeResultsDirectory="259c3728-a694-462a-b2b1-2a29cfaca7ca" />
    <UnitTestResult executionId="5d14b0e4-c136-4111-806e-7bc1f6aa2573" testId="c9c1da8c-3363-b2b7-7cac-5f5c6af2fa31" testName="Enterprise.Shared.Caching.Tests.Integration.CacheIntegrationTests.BulkOperations_ShouldWork" computerName="onur-TULPAR-T7-V20-5" duration="00:00:00.0117575" startTime="2025-09-12T21:04:34.3056641+03:00" endTime="2025-09-12T21:04:34.3056642+03:00" testType="13cdc9d9-ddb5-4fa4-a97d-d965ccfc6d4b" outcome="Passed" testListId="8c84fa94-04c1-424b-9868-57a2d4851a1d" relativeResultsDirectory="5d14b0e4-c136-4111-806e-7bc1f6aa2573" />
    <UnitTestResult executionId="d3b3151a-2649-4977-99ad-cfd687cb9828" testId="fcf210c0-e82a-5768-7cfc-8d1289f873d3" testName="Enterprise.Shared.Caching.Tests.Integration.CacheIntegrationTests.TtlOperations_ShouldWork" computerName="onur-TULPAR-T7-V20-5" duration="00:00:03.0057796" startTime="2025-09-12T21:04:32.8359460+03:00" endTime="2025-09-12T21:04:32.8359460+03:00" testType="13cdc9d9-ddb5-4fa4-a97d-d965ccfc6d4b" outcome="Failed" testListId="8c84fa94-04c1-424b-9868-57a2d4851a1d" relativeResultsDirectory="d3b3151a-2649-4977-99ad-cfd687cb9828">
      <Output>
        <ErrorInfo>
          <Message>Expected a value.</Message>
          <StackTrace>   at FluentAssertions.Execution.XUnit2TestFramework.Throw(String message)
   at FluentAssertions.Execution.TestFrameworkProvider.Throw(String message)
   at FluentAssertions.Execution.DefaultAssertionStrategy.HandleFailure(String message)
   at FluentAssertions.Execution.AssertionScope.FailWith(Func`1 failReasonFunc)
   at FluentAssertions.Execution.AssertionScope.FailWith(Func`1 failReasonFunc)
   at FluentAssertions.Execution.AssertionScope.FailWith(String message)
   at FluentAssertions.Primitives.NullableSimpleTimeSpanAssertions`1.HaveValue(String because, Object[] becauseArgs)
   at FluentAssertions.Primitives.NullableSimpleTimeSpanAssertions`1.NotBeNull(String because, Object[] becauseArgs)
   at Enterprise.Shared.Caching.Tests.Integration.CacheIntegrationTests.TtlOperations_ShouldWork() in /home/onur/Desktop/PlatformV1/src/Shared/Enterprise.Shared.Caching.Tests/Integration/CacheIntegrationTests.cs:line 304
--- End of stack trace from previous location ---</StackTrace>
        </ErrorInfo>
      </Output>
    </UnitTestResult>
  </Results>
  <TestDefinitions>
    <UnitTest name="Enterprise.Shared.Caching.Tests.Integration.CacheIntegrationTests.BulkOperations_ShouldWork" storage="/home/onur/desktop/platformv1/src/shared/enterprise.shared.caching.tests/bin/debug/net8.0/enterprise.shared.caching.tests.dll" id="c9c1da8c-3363-b2b7-7cac-5f5c6af2fa31">
      <Execution id="5d14b0e4-c136-4111-806e-7bc1f6aa2573" />
      <TestMethod codeBase="/home/onur/Desktop/PlatformV1/src/Shared/Enterprise.Shared.Caching.Tests/bin/Debug/net8.0/Enterprise.Shared.Caching.Tests.dll" adapterTypeName="executor://xunit/VsTestRunner2/netcoreapp" className="Enterprise.Shared.Caching.Tests.Integration.CacheIntegrationTests" name="BulkOperations_ShouldWork" />
    </UnitTest>
    <UnitTest name="Enterprise.Shared.Caching.Tests.Integration.CacheIntegrationTests.PatternRemoval_ShouldWork" storage="/home/onur/desktop/platformv1/src/shared/enterprise.shared.caching.tests/bin/debug/net8.0/enterprise.shared.caching.tests.dll" id="dc1c4bbd-c80e-0e71-4c02-f8f514ad8ab8">
      <Execution id="28ed3346-34fe-4cf7-9aeb-ed2c5d621803" />
      <TestMethod codeBase="/home/onur/Desktop/PlatformV1/src/Shared/Enterprise.Shared.Caching.Tests/bin/Debug/net8.0/Enterprise.Shared.Caching.Tests.dll" adapterTypeName="executor://xunit/VsTestRunner2/netcoreapp" className="Enterprise.Shared.Caching.Tests.Integration.CacheIntegrationTests" name="PatternRemoval_ShouldWork" />
    </UnitTest>
    <UnitTest name="Enterprise.Shared.Caching.Tests.Integration.CacheIntegrationTests.GetOrSetAsync_ShouldWorkCorrectly" storage="/home/onur/desktop/platformv1/src/shared/enterprise.shared.caching.tests/bin/debug/net8.0/enterprise.shared.caching.tests.dll" id="5edc1d0e-4399-b3ac-e7dd-0168d444ca3e">
      <Execution id="164a1437-18ff-4015-a1cb-a019716e6609" />
      <TestMethod codeBase="/home/onur/Desktop/PlatformV1/src/Shared/Enterprise.Shared.Caching.Tests/bin/Debug/net8.0/Enterprise.Shared.Caching.Tests.dll" adapterTypeName="executor://xunit/VsTestRunner2/netcoreapp" className="Enterprise.Shared.Caching.Tests.Integration.CacheIntegrationTests" name="GetOrSetAsync_ShouldWorkCorrectly" />
    </UnitTest>
    <UnitTest name="Enterprise.Shared.Caching.Tests.Integration.CacheIntegrationTests.Metrics_ShouldTrackOperations" storage="/home/onur/desktop/platformv1/src/shared/enterprise.shared.caching.tests/bin/debug/net8.0/enterprise.shared.caching.tests.dll" id="c1d4cb43-1124-7e36-390d-2b398a530414">
      <Execution id="fc20a5a7-3776-43f4-abc8-86fbddea1510" />
      <TestMethod codeBase="/home/onur/Desktop/PlatformV1/src/Shared/Enterprise.Shared.Caching.Tests/bin/Debug/net8.0/Enterprise.Shared.Caching.Tests.dll" adapterTypeName="executor://xunit/VsTestRunner2/netcoreapp" className="Enterprise.Shared.Caching.Tests.Integration.CacheIntegrationTests" name="Metrics_ShouldTrackOperations" />
    </UnitTest>
    <UnitTest name="Enterprise.Shared.Caching.Tests.Integration.CacheIntegrationTests.TtlOperations_ShouldWork" storage="/home/onur/desktop/platformv1/src/shared/enterprise.shared.caching.tests/bin/debug/net8.0/enterprise.shared.caching.tests.dll" id="fcf210c0-e82a-5768-7cfc-8d1289f873d3">
      <Execution id="d3b3151a-2649-4977-99ad-cfd687cb9828" />
      <TestMethod codeBase="/home/onur/Desktop/PlatformV1/src/Shared/Enterprise.Shared.Caching.Tests/bin/Debug/net8.0/Enterprise.Shared.Caching.Tests.dll" adapterTypeName="executor://xunit/VsTestRunner2/netcoreapp" className="Enterprise.Shared.Caching.Tests.Integration.CacheIntegrationTests" name="TtlOperations_ShouldWork" />
    </UnitTest>
    <UnitTest name="Enterprise.Shared.Caching.Tests.Integration.CacheIntegrationTests.MultiLevelCaching_ShouldWorkCorrectly" storage="/home/onur/desktop/platformv1/src/shared/enterprise.shared.caching.tests/bin/debug/net8.0/enterprise.shared.caching.tests.dll" id="1aafacb8-7b06-f6b2-fd45-e3740f593178">
      <Execution id="0d2a0a9f-2ab4-403e-bf25-4d21b5cdede4" />
      <TestMethod codeBase="/home/onur/Desktop/PlatformV1/src/Shared/Enterprise.Shared.Caching.Tests/bin/Debug/net8.0/Enterprise.Shared.Caching.Tests.dll" adapterTypeName="executor://xunit/VsTestRunner2/netcoreapp" className="Enterprise.Shared.Caching.Tests.Integration.CacheIntegrationTests" name="MultiLevelCaching_ShouldWorkCorrectly" />
    </UnitTest>
    <UnitTest name="Enterprise.Shared.Caching.Tests.Integration.CacheIntegrationTests.BasicCacheOperations_ShouldWork" storage="/home/onur/desktop/platformv1/src/shared/enterprise.shared.caching.tests/bin/debug/net8.0/enterprise.shared.caching.tests.dll" id="8d4c56cb-482e-1100-d15f-faee770f5dd4">
      <Execution id="259c3728-a694-462a-b2b1-2a29cfaca7ca" />
      <TestMethod codeBase="/home/onur/Desktop/PlatformV1/src/Shared/Enterprise.Shared.Caching.Tests/bin/Debug/net8.0/Enterprise.Shared.Caching.Tests.dll" adapterTypeName="executor://xunit/VsTestRunner2/netcoreapp" className="Enterprise.Shared.Caching.Tests.Integration.CacheIntegrationTests" name="BasicCacheOperations_ShouldWork" />
    </UnitTest>
    <UnitTest name="Enterprise.Shared.Caching.Tests.Integration.CacheIntegrationTests.RefreshAsync_ShouldExtendTtl" storage="/home/onur/desktop/platformv1/src/shared/enterprise.shared.caching.tests/bin/debug/net8.0/enterprise.shared.caching.tests.dll" id="c6742520-371b-ae78-700d-404099632b7d">
      <Execution id="7ea8bf85-0b55-4acc-9c23-433264a9b4df" />
      <TestMethod codeBase="/home/onur/Desktop/PlatformV1/src/Shared/Enterprise.Shared.Caching.Tests/bin/Debug/net8.0/Enterprise.Shared.Caching.Tests.dll" adapterTypeName="executor://xunit/VsTestRunner2/netcoreapp" className="Enterprise.Shared.Caching.Tests.Integration.CacheIntegrationTests" name="RefreshAsync_ShouldExtendTtl" />
    </UnitTest>
    <UnitTest name="Enterprise.Shared.Caching.Tests.Integration.CacheIntegrationTests.ConcurrentOperations_ShouldHandleCorrectly" storage="/home/onur/desktop/platformv1/src/shared/enterprise.shared.caching.tests/bin/debug/net8.0/enterprise.shared.caching.tests.dll" id="545aec44-69f1-ff31-bd20-d7fdf3923347">
      <Execution id="b8c2470c-029a-487b-9d60-c6d41faa48df" />
      <TestMethod codeBase="/home/onur/Desktop/PlatformV1/src/Shared/Enterprise.Shared.Caching.Tests/bin/Debug/net8.0/Enterprise.Shared.Caching.Tests.dll" adapterTypeName="executor://xunit/VsTestRunner2/netcoreapp" className="Enterprise.Shared.Caching.Tests.Integration.CacheIntegrationTests" name="ConcurrentOperations_ShouldHandleCorrectly" />
    </UnitTest>
    <UnitTest name="Enterprise.Shared.Caching.Tests.Integration.CacheIntegrationTests.HealthCheck_ShouldReportHealthy" storage="/home/onur/desktop/platformv1/src/shared/enterprise.shared.caching.tests/bin/debug/net8.0/enterprise.shared.caching.tests.dll" id="154218c2-5158-7a5c-ff97-4a94a0d313d5">
      <Execution id="81f28e0c-6333-4ed8-852e-511965def127" />
      <TestMethod codeBase="/home/onur/Desktop/PlatformV1/src/Shared/Enterprise.Shared.Caching.Tests/bin/Debug/net8.0/Enterprise.Shared.Caching.Tests.dll" adapterTypeName="executor://xunit/VsTestRunner2/netcoreapp" className="Enterprise.Shared.Caching.Tests.Integration.CacheIntegrationTests" name="HealthCheck_ShouldReportHealthy" />
    </UnitTest>
  </TestDefinitions>
  <TestEntries>
    <TestEntry testId="5edc1d0e-4399-b3ac-e7dd-0168d444ca3e" executionId="164a1437-18ff-4015-a1cb-a019716e6609" testListId="8c84fa94-04c1-424b-9868-57a2d4851a1d" />
    <TestEntry testId="545aec44-69f1-ff31-bd20-d7fdf3923347" executionId="b8c2470c-029a-487b-9d60-c6d41faa48df" testListId="8c84fa94-04c1-424b-9868-57a2d4851a1d" />
    <TestEntry testId="c1d4cb43-1124-7e36-390d-2b398a530414" executionId="fc20a5a7-3776-43f4-abc8-86fbddea1510" testListId="8c84fa94-04c1-424b-9868-57a2d4851a1d" />
    <TestEntry testId="1aafacb8-7b06-f6b2-fd45-e3740f593178" executionId="0d2a0a9f-2ab4-403e-bf25-4d21b5cdede4" testListId="8c84fa94-04c1-424b-9868-57a2d4851a1d" />
    <TestEntry testId="dc1c4bbd-c80e-0e71-4c02-f8f514ad8ab8" executionId="28ed3346-34fe-4cf7-9aeb-ed2c5d621803" testListId="8c84fa94-04c1-424b-9868-57a2d4851a1d" />
    <TestEntry testId="154218c2-5158-7a5c-ff97-4a94a0d313d5" executionId="81f28e0c-6333-4ed8-852e-511965def127" testListId="8c84fa94-04c1-424b-9868-57a2d4851a1d" />
    <TestEntry testId="c6742520-371b-ae78-700d-404099632b7d" executionId="7ea8bf85-0b55-4acc-9c23-433264a9b4df" testListId="8c84fa94-04c1-424b-9868-57a2d4851a1d" />
    <TestEntry testId="8d4c56cb-482e-1100-d15f-faee770f5dd4" executionId="259c3728-a694-462a-b2b1-2a29cfaca7ca" testListId="8c84fa94-04c1-424b-9868-57a2d4851a1d" />
    <TestEntry testId="c9c1da8c-3363-b2b7-7cac-5f5c6af2fa31" executionId="5d14b0e4-c136-4111-806e-7bc1f6aa2573" testListId="8c84fa94-04c1-424b-9868-57a2d4851a1d" />
    <TestEntry testId="fcf210c0-e82a-5768-7cfc-8d1289f873d3" executionId="d3b3151a-2649-4977-99ad-cfd687cb9828" testListId="8c84fa94-04c1-424b-9868-57a2d4851a1d" />
  </TestEntries>
  <TestLists>
    <TestList name="Results Not in a List" id="8c84fa94-04c1-424b-9868-57a2d4851a1d" />
    <TestList name="All Loaded Results" id="19431567-8539-422a-85d7-44ee4e166bda" />
  </TestLists>
  <ResultSummary outcome="Failed">
    <Counters total="10" executed="10" passed="5" failed="5" error="0" timeout="0" aborted="0" inconclusive="0" passedButRunAborted="0" notRunnable="0" notExecuted="0" disconnected="0" warning="0" completed="0" inProgress="0" pending="0" />
    <Output>
      <StdOut>[xUnit.net 00:00:00.00] xUnit.net VSTest Adapter v2.5.3.1+6b60a9e56a (64-bit .NET 8.0.19)
[xUnit.net 00:00:00.04]   Discovering: Enterprise.Shared.Caching.Tests
[xUnit.net 00:00:00.08]   Discovered:  Enterprise.Shared.Caching.Tests
[xUnit.net 00:00:00.08]   Starting:    Enterprise.Shared.Caching.Tests
[xUnit.net 00:00:01.25]       Expected result1.Basarili to be False, but found True.
[xUnit.net 00:00:01.25]       Stack Trace:
[xUnit.net 00:00:01.25]            at FluentAssertions.Execution.XUnit2TestFramework.Throw(String message)
[xUnit.net 00:00:01.25]            at FluentAssertions.Execution.TestFrameworkProvider.Throw(String message)
[xUnit.net 00:00:01.25]            at FluentAssertions.Execution.DefaultAssertionStrategy.HandleFailure(String message)
[xUnit.net 00:00:01.25]            at FluentAssertions.Execution.AssertionScope.FailWith(Func`1 failReasonFunc)
[xUnit.net 00:00:01.25]            at FluentAssertions.Execution.AssertionScope.FailWith(Func`1 failReasonFunc)
[xUnit.net 00:00:01.25]            at FluentAssertions.Execution.AssertionScope.FailWith(String message, Object[] args)
[xUnit.net 00:00:01.25]            at FluentAssertions.Primitives.BooleanAssertions`1.BeFalse(String because, Object[] becauseArgs)
[xUnit.net 00:00:01.25]         /home/onur/Desktop/PlatformV1/src/Shared/Enterprise.Shared.Caching.Tests/Integration/CacheIntegrationTests.cs(157,0): at Enterprise.Shared.Caching.Tests.Integration.CacheIntegrationTests.MultiLevelCaching_ShouldWorkCorrectly()
[xUnit.net 00:00:01.25]         --- End of stack trace from previous location ---
[xUnit.net 00:00:01.76]       Expected isHealthy to be True, but found False.
[xUnit.net 00:00:01.76]       Stack Trace:
[xUnit.net 00:00:01.76]            at FluentAssertions.Execution.XUnit2TestFramework.Throw(String message)
[xUnit.net 00:00:01.76]            at FluentAssertions.Execution.TestFrameworkProvider.Throw(String message)
[xUnit.net 00:00:01.76]            at FluentAssertions.Execution.DefaultAssertionStrategy.HandleFailure(String message)
[xUnit.net 00:00:01.76]            at FluentAssertions.Execution.AssertionScope.FailWith(Func`1 failReasonFunc)
[xUnit.net 00:00:01.76]            at FluentAssertions.Execution.AssertionScope.FailWith(Func`1 failReasonFunc)
[xUnit.net 00:00:01.76]            at FluentAssertions.Execution.AssertionScope.FailWith(String message, Object[] args)
[xUnit.net 00:00:01.76]            at FluentAssertions.Primitives.BooleanAssertions`1.BeTrue(String because, Object[] becauseArgs)
[xUnit.net 00:00:01.76]         /home/onur/Desktop/PlatformV1/src/Shared/Enterprise.Shared.Caching.Tests/Integration/CacheIntegrationTests.cs(258,0): at Enterprise.Shared.Caching.Tests.Integration.CacheIntegrationTests.HealthCheck_ShouldReportHealthy()
[xUnit.net 00:00:01.76]         --- End of stack trace from previous location ---
[xUnit.net 00:00:03.90]       Expected refreshed to be True, but found False.
[xUnit.net 00:00:03.90]       Stack Trace:
[xUnit.net 00:00:03.90]            at FluentAssertions.Execution.XUnit2TestFramework.Throw(String message)
[xUnit.net 00:00:03.90]            at FluentAssertions.Execution.TestFrameworkProvider.Throw(String message)
[xUnit.net 00:00:03.90]            at FluentAssertions.Execution.DefaultAssertionStrategy.HandleFailure(String message)
[xUnit.net 00:00:03.90]            at FluentAssertions.Execution.AssertionScope.FailWith(Func`1 failReasonFunc)
[xUnit.net 00:00:03.90]            at FluentAssertions.Execution.AssertionScope.FailWith(Func`1 failReasonFunc)
[xUnit.net 00:00:03.90]            at FluentAssertions.Execution.AssertionScope.FailWith(String message, Object[] args)
[xUnit.net 00:00:03.90]            at FluentAssertions.Primitives.BooleanAssertions`1.BeTrue(String because, Object[] becauseArgs)
[xUnit.net 00:00:03.90]         /home/onur/Desktop/PlatformV1/src/Shared/Enterprise.Shared.Caching.Tests/Integration/CacheIntegrationTests.cs(327,0): at Enterprise.Shared.Caching.Tests.Integration.CacheIntegrationTests.RefreshAsync_ShouldExtendTtl()
[xUnit.net 00:00:03.90]         --- End of stack trace from previous location ---
[xUnit.net 00:00:07.43]       Expected a value.
[xUnit.net 00:00:07.43]       Stack Trace:
[xUnit.net 00:00:07.43]            at FluentAssertions.Execution.XUnit2TestFramework.Throw(String message)
[xUnit.net 00:00:07.43]            at FluentAssertions.Execution.TestFrameworkProvider.Throw(String message)
[xUnit.net 00:00:07.43]            at FluentAssertions.Execution.DefaultAssertionStrategy.HandleFailure(String message)
[xUnit.net 00:00:07.43]            at FluentAssertions.Execution.AssertionScope.FailWith(Func`1 failReasonFunc)
[xUnit.net 00:00:07.43]            at FluentAssertions.Execution.AssertionScope.FailWith(Func`1 failReasonFunc)
[xUnit.net 00:00:07.43]            at FluentAssertions.Execution.AssertionScope.FailWith(String message)
[xUnit.net 00:00:07.43]            at FluentAssertions.Primitives.NullableSimpleTimeSpanAssertions`1.HaveValue(String because, Object[] becauseArgs)
[xUnit.net 00:00:07.43]            at FluentAssertions.Primitives.NullableSimpleTimeSpanAssertions`1.NotBeNull(String because, Object[] becauseArgs)
[xUnit.net 00:00:07.43]         /home/onur/Desktop/PlatformV1/src/Shared/Enterprise.Shared.Caching.Tests/Integration/CacheIntegrationTests.cs(304,0): at Enterprise.Shared.Caching.Tests.Integration.CacheIntegrationTests.TtlOperations_ShouldWork()
[xUnit.net 00:00:07.43]         --- End of stack trace from previous location ---
[xUnit.net 00:00:09.40]       Expected removedCount to be 2 because Should remove exactly 2 pattern-test keys, but found 0 (difference of -2).
[xUnit.net 00:00:09.40]       Stack Trace:
[xUnit.net 00:00:09.40]            at FluentAssertions.Execution.XUnit2TestFramework.Throw(String message)
[xUnit.net 00:00:09.40]            at FluentAssertions.Execution.TestFrameworkProvider.Throw(String message)
[xUnit.net 00:00:09.40]            at FluentAssertions.Execution.DefaultAssertionStrategy.HandleFailure(String message)
[xUnit.net 00:00:09.40]            at FluentAssertions.Execution.AssertionScope.FailWith(Func`1 failReasonFunc)
[xUnit.net 00:00:09.40]            at FluentAssertions.Execution.AssertionScope.FailWith(Func`1 failReasonFunc)
[xUnit.net 00:00:09.40]            at FluentAssertions.Execution.AssertionScope.FailWith(String message, Object[] args)
[xUnit.net 00:00:09.40]            at FluentAssertions.Numeric.NumericAssertions`2.Be(T expected, String because, Object[] becauseArgs)
[xUnit.net 00:00:09.40]         /home/onur/Desktop/PlatformV1/src/Shared/Enterprise.Shared.Caching.Tests/Integration/CacheIntegrationTests.cs(235,0): at Enterprise.Shared.Caching.Tests.Integration.CacheIntegrationTests.PatternRemoval_ShouldWork()
[xUnit.net 00:00:09.40]         --- End of stack trace from previous location ---
[xUnit.net 00:00:09.90]   Finished:    Enterprise.Shared.Caching.Tests
</StdOut>
    </Output>
    <RunInfos>
      <RunInfo computerName="onur-TULPAR-T7-V20-5" outcome="Error" timestamp="2025-09-12T21:04:26.6543189+03:00">
        <Text>[xUnit.net 00:00:01.25]     Enterprise.Shared.Caching.Tests.Integration.CacheIntegrationTests.MultiLevelCaching_ShouldWorkCorrectly [FAIL]</Text>
      </RunInfo>
      <RunInfo computerName="onur-TULPAR-T7-V20-5" outcome="Error" timestamp="2025-09-12T21:04:27.1665365+03:00">
        <Text>[xUnit.net 00:00:01.76]     Enterprise.Shared.Caching.Tests.Integration.CacheIntegrationTests.HealthCheck_ShouldReportHealthy [FAIL]</Text>
      </RunInfo>
      <RunInfo computerName="onur-TULPAR-T7-V20-5" outcome="Error" timestamp="2025-09-12T21:04:29.3052253+03:00">
        <Text>[xUnit.net 00:00:03.90]     Enterprise.Shared.Caching.Tests.Integration.CacheIntegrationTests.RefreshAsync_ShouldExtendTtl [FAIL]</Text>
      </RunInfo>
      <RunInfo computerName="onur-TULPAR-T7-V20-5" outcome="Error" timestamp="2025-09-12T21:04:32.8361021+03:00">
        <Text>[xUnit.net 00:00:07.43]     Enterprise.Shared.Caching.Tests.Integration.CacheIntegrationTests.TtlOperations_ShouldWork [FAIL]</Text>
      </RunInfo>
      <RunInfo computerName="onur-TULPAR-T7-V20-5" outcome="Error" timestamp="2025-09-12T21:04:34.8041243+03:00">
        <Text>[xUnit.net 00:00:09.40]     Enterprise.Shared.Caching.Tests.Integration.CacheIntegrationTests.PatternRemoval_ShouldWork [FAIL]</Text>
      </RunInfo>
    </RunInfos>
  </ResultSummary>
</TestRun>