<?xml version="1.0" encoding="utf-8"?>
<TestRun id="e2b55802-f65f-4434-bbe4-5f77a7698f3e" name="@onur-TULPAR-T7-V20-5 2025-09-12 15:31:35" xmlns="http://microsoft.com/schemas/VisualStudio/TeamTest/2010">
  <Times creation="2025-09-12T15:31:35.5225479+03:00" queuing="2025-09-12T15:31:35.5225480+03:00" start="2025-09-12T15:31:34.8205520+03:00" finish="2025-09-12T15:31:37.2447609+03:00" />
  <TestSettings name="default" id="08caaad8-1fbf-47f2-8505-7c4e8442ea2e">
    <Deployment runDeploymentRoot="_onur-TULPAR-T7-V20-5_2025-09-12_15_31_35" />
  </TestSettings>
  <Results>
    <UnitTestResult executionId="16b1e841-f6e3-4bb2-93b2-19ba023a05f7" testId="e03b5bdd-230d-53c3-fbcb-79212c2eceea" testName="Enterprise.Shared.Storage.Tests.Services.VirusTarayiciServisTestleri.TemizMiAsync_HerDosya_TrueDondurmeli" computerName="onur-TULPAR-T7-V20-5" duration="00:00:00.0004468" startTime="2025-09-12T15:31:35.5019907+03:00" endTime="2025-09-12T15:31:35.5019907+03:00" testType="13cdc9d9-ddb5-4fa4-a97d-d965ccfc6d4b" outcome="Passed" testListId="8c84fa94-04c1-424b-9868-57a2d4851a1d" relativeResultsDirectory="16b1e841-f6e3-4bb2-93b2-19ba023a05f7" />
    <UnitTestResult executionId="63403f8f-8c59-47ce-bd0f-d002b1e9b010" testId="f8ea8402-12b5-9b66-aba4-1b9181b3d22f" testName="Enterprise.Shared.Storage.Tests.Services.ResimIslemeServisTestleri.ResimDosyasiMi_FarkliIcerikTurleri_DogruSonucVermeli(icerikTuru: &quot;image/gif&quot;, beklenenSonuc: True)" computerName="onur-TULPAR-T7-V20-5" duration="00:00:00.0000620" startTime="2025-09-12T15:31:35.4967655+03:00" endTime="2025-09-12T15:31:35.4967655+03:00" testType="13cdc9d9-ddb5-4fa4-a97d-d965ccfc6d4b" outcome="Passed" testListId="8c84fa94-04c1-424b-9868-57a2d4851a1d" relativeResultsDirectory="63403f8f-8c59-47ce-bd0f-d002b1e9b010" />
    <UnitTestResult executionId="91b7d4dc-9c1c-4e83-8ebb-1ac6d76813f1" testId="6b10ae76-054b-2eef-8d5d-e6115f7b869b" testName="Enterprise.Shared.Storage.Tests.Models.StorageModelsTests.DosyaYuklemeIstegi_ExitFields_ValidationFailed(eksikAlan: &quot;DosyaAdi&quot;)" computerName="onur-TULPAR-T7-V20-5" duration="00:00:00.0000252" startTime="2025-09-12T15:31:35.4890766+03:00" endTime="2025-09-12T15:31:35.4890767+03:00" testType="13cdc9d9-ddb5-4fa4-a97d-d965ccfc6d4b" outcome="Passed" testListId="8c84fa94-04c1-424b-9868-57a2d4851a1d" relativeResultsDirectory="91b7d4dc-9c1c-4e83-8ebb-1ac6d76813f1" />
    <UnitTestResult executionId="16e1eaf0-785e-4ad7-aa90-33fa1a1e1130" testId="f7194480-9399-0052-3b84-846249066dbf" testName="Enterprise.Shared.Storage.Tests.Models.StorageModelsTests.ValidationResult_Failure_HataileFailureSonucuOlusturmali" computerName="onur-TULPAR-T7-V20-5" duration="00:00:00.0004403" startTime="2025-09-12T15:31:35.4906608+03:00" endTime="2025-09-12T15:31:35.4906608+03:00" testType="13cdc9d9-ddb5-4fa4-a97d-d965ccfc6d4b" outcome="Passed" testListId="8c84fa94-04c1-424b-9868-57a2d4851a1d" relativeResultsDirectory="16e1eaf0-785e-4ad7-aa90-33fa1a1e1130" />
    <UnitTestResult executionId="ed0c70a8-2e89-446f-92b6-047fb0734109" testId="272b23ff-f63d-4eb8-3096-16de66a4efef" testName="Enterprise.Shared.Storage.Tests.Models.StorageModelsTests.YedekTipi_GecerliDegerler_EnumDegerleriTanimliOlmali(tip: DifferansiyalYedek)" computerName="onur-TULPAR-T7-V20-5" duration="00:00:00.0004702" startTime="2025-09-12T15:31:35.4905963+03:00" endTime="2025-09-12T15:31:35.4905963+03:00" testType="13cdc9d9-ddb5-4fa4-a97d-d965ccfc6d4b" outcome="Passed" testListId="8c84fa94-04c1-424b-9868-57a2d4851a1d" relativeResultsDirectory="ed0c70a8-2e89-446f-92b6-047fb0734109" />
    <UnitTestResult executionId="17e3faa7-e995-4e09-ba6e-ffa4d704f7d8" testId="975bb357-e96e-64a7-408f-e212511c9c2e" testName="Enterprise.Shared.Storage.Tests.Extensions.ServiceCollectionExtensionsTests.AddClamAVVirusScanner_Ayarlar_VirusServisiveHttpClientEklenmeli" computerName="onur-TULPAR-T7-V20-5" duration="00:00:00.0400003" startTime="2025-09-12T15:31:35.4911836+03:00" endTime="2025-09-12T15:31:35.4911837+03:00" testType="13cdc9d9-ddb5-4fa4-a97d-d965ccfc6d4b" outcome="Passed" testListId="8c84fa94-04c1-424b-9868-57a2d4851a1d" relativeResultsDirectory="17e3faa7-e995-4e09-ba6e-ffa4d704f7d8" />
    <UnitTestResult executionId="72991d2c-bbe7-4a18-a007-bbebab62c224" testId="ccbf1a1c-bb15-00d8-6c30-83490d79c7a4" testName="Enterprise.Shared.Storage.Tests.Models.StorageModelsTests.DosyaMetadata_TurkiyeSaatiSonDegistirilme_TurkiyeSaatiniDondurmeli" computerName="onur-TULPAR-T7-V20-5" duration="00:00:00.0010481" startTime="2025-09-12T15:31:35.4892984+03:00" endTime="2025-09-12T15:31:35.4892984+03:00" testType="13cdc9d9-ddb5-4fa4-a97d-d965ccfc6d4b" outcome="Passed" testListId="8c84fa94-04c1-424b-9868-57a2d4851a1d" relativeResultsDirectory="72991d2c-bbe7-4a18-a007-bbebab62c224" />
    <UnitTestResult executionId="7797b626-0347-46db-9ac5-2ffbe4fc8fab" testId="057adc5d-b9c7-9ec4-b79a-8781edbe539f" testName="Enterprise.Shared.Storage.Tests.Services.ClamAVTarayiciServisTestleri.Constructor_NullLogger_ArgumentNullExceptionFirlatmali" computerName="onur-TULPAR-T7-V20-5" duration="00:00:00.0015553" startTime="2025-09-12T15:31:35.4959570+03:00" endTime="2025-09-12T15:31:35.4959570+03:00" testType="13cdc9d9-ddb5-4fa4-a97d-d965ccfc6d4b" outcome="Passed" testListId="8c84fa94-04c1-424b-9868-57a2d4851a1d" relativeResultsDirectory="7797b626-0347-46db-9ac5-2ffbe4fc8fab" />
    <UnitTestResult executionId="37a59382-9ca8-4097-b77b-293287502807" testId="01e9ce06-687f-1328-629f-877fb3d6b1de" testName="Enterprise.Shared.Storage.Tests.Models.StorageModelsTests.ResimIslemeSecenekleri_DefaultValues_VarsayilanDegerereSahipOlmali" computerName="onur-TULPAR-T7-V20-5" duration="00:00:00.0032889" startTime="2025-09-12T15:31:35.4910344+03:00" endTime="2025-09-12T15:31:35.4910345+03:00" testType="13cdc9d9-ddb5-4fa4-a97d-d965ccfc6d4b" outcome="Passed" testListId="8c84fa94-04c1-424b-9868-57a2d4851a1d" relativeResultsDirectory="37a59382-9ca8-4097-b77b-293287502807" />
    <UnitTestResult executionId="5f9e3050-1815-4884-a919-9940226559f0" testId="79cfc419-cc18-83db-6883-06584171e046" testName="Enterprise.Shared.Storage.Tests.Models.StorageModelsTests.ValidationResult_AddInfo_InfoEklenmeli" computerName="onur-TULPAR-T7-V20-5" duration="00:00:00.0038882" startTime="2025-09-12T15:31:35.4894424+03:00" endTime="2025-09-12T15:31:35.4894424+03:00" testType="13cdc9d9-ddb5-4fa4-a97d-d965ccfc6d4b" outcome="Passed" testListId="8c84fa94-04c1-424b-9868-57a2d4851a1d" relativeResultsDirectory="5f9e3050-1815-4884-a919-9940226559f0" />
    <UnitTestResult executionId="cc785ab1-4660-4960-bf91-2a54e2080797" testId="61fd8226-7b52-b909-bd0a-4672fb4bf31b" testName="Enterprise.Shared.Storage.Tests.Extensions.DepolamaServisiFactoryTests.CreateStorageService_DesteklenmevenProvider_NotSupportedExceptionFirlatmali" computerName="onur-TULPAR-T7-V20-5" duration="00:00:00.0017427" startTime="2025-09-12T15:31:35.4910464+03:00" endTime="2025-09-12T15:31:35.4910464+03:00" testType="13cdc9d9-ddb5-4fa4-a97d-d965ccfc6d4b" outcome="Passed" testListId="8c84fa94-04c1-424b-9868-57a2d4851a1d" relativeResultsDirectory="cc785ab1-4660-4960-bf91-2a54e2080797" />
    <UnitTestResult executionId="a9613084-f008-4e19-82ac-6b86eafcc284" testId="5b952f12-da7a-60a0-2d0b-adb17c4e2527" testName="Enterprise.Shared.Storage.Tests.Services.VirusTarayiciServisTestleri.TaraAsync_FarkliDosyaBoyutlari_UygunSonucVermeli(dosyaBoyutu: 500)" computerName="onur-TULPAR-T7-V20-5" duration="00:00:00.0538635" startTime="2025-09-12T15:31:35.4985997+03:00" endTime="2025-09-12T15:31:35.4985998+03:00" testType="13cdc9d9-ddb5-4fa4-a97d-d965ccfc6d4b" outcome="Passed" testListId="8c84fa94-04c1-424b-9868-57a2d4851a1d" relativeResultsDirectory="a9613084-f008-4e19-82ac-6b86eafcc284" />
    <UnitTestResult executionId="99806e9d-5d8b-4977-a7c8-274810a95fee" testId="c8a7a4b8-68dc-6d4c-01fc-9f5efada5ae5" testName="Enterprise.Shared.Storage.Tests.Extensions.ServiceCollectionExtensionsTests.GetStorageSettings_GecerliKonfigürasyon_AyarlariDondururMeli" computerName="onur-TULPAR-T7-V20-5" duration="00:00:00.0021356" startTime="2025-09-12T15:31:35.5041048+03:00" endTime="2025-09-12T15:31:35.5041048+03:00" testType="13cdc9d9-ddb5-4fa4-a97d-d965ccfc6d4b" outcome="Passed" testListId="8c84fa94-04c1-424b-9868-57a2d4851a1d" relativeResultsDirectory="99806e9d-5d8b-4977-a7c8-274810a95fee" />
    <UnitTestResult executionId="20b6c232-f8ac-4697-9c9e-a43efbd203c5" testId="ac2cb801-acd3-e8d1-6e82-b6d4b1b48910" testName="Enterprise.Shared.Storage.Tests.Services.ResimIslemeServisTestleri.ResimBoyutlandirAsync_GecerliResim_BoyutlandirilmisDondururMeli" computerName="onur-TULPAR-T7-V20-5" duration="00:00:00.0787889" startTime="2025-09-12T15:31:36.9426033+03:00" endTime="2025-09-12T15:31:36.9426034+03:00" testType="13cdc9d9-ddb5-4fa4-a97d-d965ccfc6d4b" outcome="Passed" testListId="8c84fa94-04c1-424b-9868-57a2d4851a1d" relativeResultsDirectory="20b6c232-f8ac-4697-9c9e-a43efbd203c5" />
    <UnitTestResult executionId="13a75cbf-1676-4b53-ae0a-9770c388634e" testId="36bf94e8-b2fb-7995-11dd-0edf10cf9046" testName="Enterprise.Shared.Storage.Tests.Models.StorageModelsTests.GuvenlikAyarlari_BosAllowedExtensions_ValidasyonHatasiVermeli(extension: null)" computerName="onur-TULPAR-T7-V20-5" duration="00:00:00.0024982" startTime="2025-09-12T15:31:35.4905189+03:00" endTime="2025-09-12T15:31:35.4905190+03:00" testType="13cdc9d9-ddb5-4fa4-a97d-d965ccfc6d4b" outcome="Passed" testListId="8c84fa94-04c1-424b-9868-57a2d4851a1d" relativeResultsDirectory="13a75cbf-1676-4b53-ae0a-9770c388634e" />
    <UnitTestResult executionId="4bdd827f-51d2-4159-9a0a-479bd9bb1386" testId="52a39535-f531-efc2-9989-54e8da844dd6" testName="Enterprise.Shared.Storage.Tests.Models.StorageModelsTests.DosyaYuklemeIstegi_ExitFields_ValidationFailed(eksikAlan: &quot;DosyaStream&quot;)" computerName="onur-TULPAR-T7-V20-5" duration="00:00:00.0003545" startTime="2025-09-12T15:31:35.4630056+03:00" endTime="2025-09-12T15:31:35.4630058+03:00" testType="13cdc9d9-ddb5-4fa4-a97d-d965ccfc6d4b" outcome="Passed" testListId="8c84fa94-04c1-424b-9868-57a2d4851a1d" relativeResultsDirectory="4bdd827f-51d2-4159-9a0a-479bd9bb1386" />
    <UnitTestResult executionId="f1a2e0c8-b9be-4adf-a1e5-2e9af564f258" testId="d5c68c46-c896-a96f-a99c-e12ce7f25031" testName="Enterprise.Shared.Storage.Tests.Models.StorageModelsTests.DosyaYuklemeIstegi_ExitFields_ValidationFailed(eksikAlan: &quot;IcerikTuru&quot;)" computerName="onur-TULPAR-T7-V20-5" duration="00:00:00.0063137" startTime="2025-09-12T15:31:35.4624458+03:00" endTime="2025-09-12T15:31:35.4624459+03:00" testType="13cdc9d9-ddb5-4fa4-a97d-d965ccfc6d4b" outcome="Passed" testListId="8c84fa94-04c1-424b-9868-57a2d4851a1d" relativeResultsDirectory="f1a2e0c8-b9be-4adf-a1e5-2e9af564f258" />
    <UnitTestResult executionId="b4368b74-af24-4e59-bc44-dca029caa893" testId="cf8667da-b6a3-bb34-46c4-02e50a6f4aa1" testName="Enterprise.Shared.Storage.Tests.Extensions.ServiceCollectionExtensionsTests.AddMockVirusScanner_MockServisEklenmeli" computerName="onur-TULPAR-T7-V20-5" duration="00:00:00.0010133" startTime="2025-09-12T15:31:35.4928863+03:00" endTime="2025-09-12T15:31:35.4928864+03:00" testType="13cdc9d9-ddb5-4fa4-a97d-d965ccfc6d4b" outcome="Passed" testListId="8c84fa94-04c1-424b-9868-57a2d4851a1d" relativeResultsDirectory="b4368b74-af24-4e59-bc44-dca029caa893" />
    <UnitTestResult executionId="ba1dae21-e711-4d23-bac3-9b2987f30a0c" testId="fa73ac31-f989-94e7-97d6-5698892d9422" testName="Enterprise.Shared.Storage.Tests.Models.StorageModelsTests.YedekBilgisi_DefaultConstructor_PropertilerBaslatilmali" computerName="onur-TULPAR-T7-V20-5" duration="00:00:00.0069125" startTime="2025-09-12T15:31:35.4565595+03:00" endTime="2025-09-12T15:31:35.4566289+03:00" testType="13cdc9d9-ddb5-4fa4-a97d-d965ccfc6d4b" outcome="Passed" testListId="8c84fa94-04c1-424b-9868-57a2d4851a1d" relativeResultsDirectory="ba1dae21-e711-4d23-bac3-9b2987f30a0c" />
    <UnitTestResult executionId="ff205aa3-23d2-4758-b449-9a70575f19e7" testId="90d351de-9252-a77d-cb14-a74503773f9c" testName="Enterprise.Shared.Storage.Tests.Extensions.ServiceCollectionExtensionsTests.HasStorageSettings_KonfigürasyonVar_TrueDondurmeli" computerName="onur-TULPAR-T7-V20-5" duration="00:00:00.0021275" startTime="2025-09-12T15:31:35.4914622+03:00" endTime="2025-09-12T15:31:35.4914622+03:00" testType="13cdc9d9-ddb5-4fa4-a97d-d965ccfc6d4b" outcome="Passed" testListId="8c84fa94-04c1-424b-9868-57a2d4851a1d" relativeResultsDirectory="ff205aa3-23d2-4758-b449-9a70575f19e7" />
    <UnitTestResult executionId="22fc01bc-f952-433c-b6f0-6892dbe197c4" testId="e7892a4f-a7f9-4559-9176-4da4301dff02" testName="Enterprise.Shared.Storage.Tests.Services.DosyaValidasyonServisTestleri.ValidateAsync_GeçersizDosyaAdi_HataVermeliMeli(dosyaAdi: null)" computerName="onur-TULPAR-T7-V20-5" duration="00:00:00.0501159" startTime="2025-09-12T15:31:35.5606771+03:00" endTime="2025-09-12T15:31:35.5606772+03:00" testType="13cdc9d9-ddb5-4fa4-a97d-d965ccfc6d4b" outcome="Failed" testListId="8c84fa94-04c1-424b-9868-57a2d4851a1d" relativeResultsDirectory="22fc01bc-f952-433c-b6f0-6892dbe197c4">
      <Output>
        <ErrorInfo>
          <Message>Expected sonuc.ErrorMessages {"Validasyon hatası: Object reference not set to an instance of an object."} to have an item matching x.Contains("Dosya adı").</Message>
          <StackTrace>   at FluentAssertions.Execution.XUnit2TestFramework.Throw(String message)
   at FluentAssertions.Execution.TestFrameworkProvider.Throw(String message)
   at FluentAssertions.Execution.DefaultAssertionStrategy.HandleFailure(String message)
   at FluentAssertions.Execution.AssertionScope.FailWith(Func`1 failReasonFunc)
   at FluentAssertions.Execution.AssertionScope.FailWith(Func`1 failReasonFunc)
   at FluentAssertions.Execution.AssertionScope.FailWith(String message, Object[] args)
   at FluentAssertions.Collections.GenericCollectionAssertions`3.Contain(Expression`1 predicate, String because, Object[] becauseArgs)
   at Enterprise.Shared.Storage.Tests.Services.DosyaValidasyonServisTestleri.ValidateAsync_GeçersizDosyaAdi_HataVermeliMeli(String dosyaAdi) in /home/onur/Desktop/PlatformV1/src/Shared/Enterprise.Shared.Storage.Tests/Services/FileValidationServiceTests.cs:line 156
--- End of stack trace from previous location ---</StackTrace>
        </ErrorInfo>
      </Output>
    </UnitTestResult>
    <UnitTestResult executionId="300c2b43-fca7-4ed2-ae75-2ad00635c7c6" testId="66e4263d-a33f-9f76-5248-e0ea0462567e" testName="Enterprise.Shared.Storage.Tests.Services.DosyaValidasyonServisTestleri.MimeTipiGecerliMi_GecerliTip_TrueDondurmeli" computerName="onur-TULPAR-T7-V20-5" duration="00:00:00.0001774" startTime="2025-09-12T15:31:35.5626119+03:00" endTime="2025-09-12T15:31:35.5626120+03:00" testType="13cdc9d9-ddb5-4fa4-a97d-d965ccfc6d4b" outcome="Passed" testListId="8c84fa94-04c1-424b-9868-57a2d4851a1d" relativeResultsDirectory="300c2b43-fca7-4ed2-ae75-2ad00635c7c6" />
    <UnitTestResult executionId="cabbe6ec-bd44-4f73-a9e4-158090c758b8" testId="340b429b-cb7c-f1cb-c7fd-563586b2e442" testName="Enterprise.Shared.Storage.Tests.Extensions.DepolamaServisiFactoryTests.Constructor_NullServiceProvider_ArgumentNullExceptionFirlatmali" computerName="onur-TULPAR-T7-V20-5" duration="00:00:00.0007528" startTime="2025-09-12T15:31:35.4911180+03:00" endTime="2025-09-12T15:31:35.4911180+03:00" testType="13cdc9d9-ddb5-4fa4-a97d-d965ccfc6d4b" outcome="Passed" testListId="8c84fa94-04c1-424b-9868-57a2d4851a1d" relativeResultsDirectory="cabbe6ec-bd44-4f73-a9e4-158090c758b8" />
    <UnitTestResult executionId="8091b2f3-20cf-4993-8065-aece6d806dd6" testId="81e8f42e-2b74-f5ee-0e5a-f94f93713110" testName="Enterprise.Shared.Storage.Tests.Services.DosyaValidasyonServisTestleri.DosyaImzasiGecerliMiAsync_GecerliJpegImza_TrueDondurmeli" computerName="onur-TULPAR-T7-V20-5" duration="00:00:00.0004363" startTime="2025-09-12T15:31:35.5627569+03:00" endTime="2025-09-12T15:31:35.5627569+03:00" testType="13cdc9d9-ddb5-4fa4-a97d-d965ccfc6d4b" outcome="Passed" testListId="8c84fa94-04c1-424b-9868-57a2d4851a1d" relativeResultsDirectory="8091b2f3-20cf-4993-8065-aece6d806dd6" />
    <UnitTestResult executionId="a70415ab-268c-4bca-8a57-0c31ce472970" testId="6cd4aab2-0a9a-d20f-25d8-3ba767ab2bf5" testName="Enterprise.Shared.Storage.Tests.Services.ResimIslemeServisTestleri.ResimDosyasiMi_FarkliIcerikTurleri_DogruSonucVermeli(icerikTuru: &quot;application/pdf&quot;, beklenenSonuc: False)" computerName="onur-TULPAR-T7-V20-5" duration="00:00:00.0000198" startTime="2025-09-12T15:31:35.4968670+03:00" endTime="2025-09-12T15:31:35.4968670+03:00" testType="13cdc9d9-ddb5-4fa4-a97d-d965ccfc6d4b" outcome="Passed" testListId="8c84fa94-04c1-424b-9868-57a2d4851a1d" relativeResultsDirectory="a70415ab-268c-4bca-8a57-0c31ce472970" />
    <UnitTestResult executionId="b28d251c-5e64-41b9-b13a-2782ec9ff61d" testId="9ff69c44-faa5-e60c-d71c-2cfcdff220ca" testName="Enterprise.Shared.Storage.Tests.Services.ResimIslemeServisTestleri.ResimDosyasiMi_FarkliIcerikTurleri_DogruSonucVermeli(icerikTuru: &quot;image/webp&quot;, beklenenSonuc: True)" computerName="onur-TULPAR-T7-V20-5" duration="00:00:00.0003909" startTime="2025-09-12T15:31:35.4966722+03:00" endTime="2025-09-12T15:31:35.4966723+03:00" testType="13cdc9d9-ddb5-4fa4-a97d-d965ccfc6d4b" outcome="Passed" testListId="8c84fa94-04c1-424b-9868-57a2d4851a1d" relativeResultsDirectory="b28d251c-5e64-41b9-b13a-2782ec9ff61d" />
    <UnitTestResult executionId="adb7b6cc-2e37-40a1-9306-30e35fdaf75d" testId="1ebb3d19-c1f5-6337-c253-fab534601faf" testName="Enterprise.Shared.Storage.Tests.Services.ResimIslemeServisTestleri.WatermarkEkleAsync_GecerliResim_WatermarkEklenmisResimDondururMeli" computerName="onur-TULPAR-T7-V20-5" duration="00:00:00.1177359" startTime="2025-09-12T15:31:37.0605470+03:00" endTime="2025-09-12T15:31:37.0605471+03:00" testType="13cdc9d9-ddb5-4fa4-a97d-d965ccfc6d4b" outcome="Passed" testListId="8c84fa94-04c1-424b-9868-57a2d4851a1d" relativeResultsDirectory="adb7b6cc-2e37-40a1-9306-30e35fdaf75d" />
    <UnitTestResult executionId="4a03aac2-5750-4c4d-a33d-6edc8602f85a" testId="3da88a3e-b6f5-d800-66e5-348fb3505fed" testName="Enterprise.Shared.Storage.Tests.Models.StorageModelsTests.ValidationResult_AddWarning_WarningEklenmeli" computerName="onur-TULPAR-T7-V20-5" duration="00:00:00.0002948" startTime="2025-09-12T15:31:35.4893537+03:00" endTime="2025-09-12T15:31:35.4893537+03:00" testType="13cdc9d9-ddb5-4fa4-a97d-d965ccfc6d4b" outcome="Passed" testListId="8c84fa94-04c1-424b-9868-57a2d4851a1d" relativeResultsDirectory="4a03aac2-5750-4c4d-a33d-6edc8602f85a" />
    <UnitTestResult executionId="099a683b-0818-4a11-9541-1ac7003b6bb9" testId="aa616321-cac9-b063-562c-1b535b053cef" testName="Enterprise.Shared.Storage.Tests.Services.VirusTarayiciServisTestleri.TaraAsync_KucukDosya_TemizSonucuVermeli" computerName="onur-TULPAR-T7-V20-5" duration="00:00:00.0005575" startTime="2025-09-12T15:31:35.5025963+03:00" endTime="2025-09-12T15:31:35.5025963+03:00" testType="13cdc9d9-ddb5-4fa4-a97d-d965ccfc6d4b" outcome="Passed" testListId="8c84fa94-04c1-424b-9868-57a2d4851a1d" relativeResultsDirectory="099a683b-0818-4a11-9541-1ac7003b6bb9" />
    <UnitTestResult executionId="49eed3cb-dc9f-4d5e-83ed-4bffecf4d648" testId="5fce9f5b-44f5-4e68-b548-4157a52c2c21" testName="Enterprise.Shared.Storage.Tests.Models.StorageModelsTests.IslenmisResim_StreamProperty_DisposableOlmali" computerName="onur-TULPAR-T7-V20-5" duration="00:00:00.0008597" startTime="2025-09-12T15:31:35.4909807+03:00" endTime="2025-09-12T15:31:35.4909807+03:00" testType="13cdc9d9-ddb5-4fa4-a97d-d965ccfc6d4b" outcome="Passed" testListId="8c84fa94-04c1-424b-9868-57a2d4851a1d" relativeResultsDirectory="49eed3cb-dc9f-4d5e-83ed-4bffecf4d648" />
    <UnitTestResult executionId="c2ba1050-4e86-4389-bc48-bdd30e663cde" testId="14f66f59-ce3c-9807-2426-71130979e6d4" testName="Enterprise.Shared.Storage.Tests.Services.VirusTarayiciServisTestleri.TaraAsync_FarkliDosyaBoyutlari_UygunSonucVermeli(dosyaBoyutu: 0)" computerName="onur-TULPAR-T7-V20-5" duration="00:00:00.0003443" startTime="2025-09-12T15:31:35.4989817+03:00" endTime="2025-09-12T15:31:35.4989817+03:00" testType="13cdc9d9-ddb5-4fa4-a97d-d965ccfc6d4b" outcome="Passed" testListId="8c84fa94-04c1-424b-9868-57a2d4851a1d" relativeResultsDirectory="c2ba1050-4e86-4389-bc48-bdd30e663cde" />
    <UnitTestResult executionId="caaa360e-a0ab-4481-8d9c-1c53f29b4d61" testId="e290abb5-4a4c-a6bc-7766-5c20f40d23f0" testName="Enterprise.Shared.Storage.Tests.Services.DosyaValidasyonServisTestleri.DosyaBoyutuGecerliMi_GecerliBoyut_TrueDondurmeli" computerName="onur-TULPAR-T7-V20-5" duration="00:00:00.0001469" startTime="2025-09-12T15:31:35.5626612+03:00" endTime="2025-09-12T15:31:35.5626612+03:00" testType="13cdc9d9-ddb5-4fa4-a97d-d965ccfc6d4b" outcome="Passed" testListId="8c84fa94-04c1-424b-9868-57a2d4851a1d" relativeResultsDirectory="caaa360e-a0ab-4481-8d9c-1c53f29b4d61" />
    <UnitTestResult executionId="256f6e81-0efe-4b48-9cab-19e92e7a35a3" testId="bf57b459-8be1-2213-c2f2-d0d3bb54333c" testName="Enterprise.Shared.Storage.Tests.Services.DosyaValidasyonServisTestleri.ValidateAsync_GeçersizDosyaAdi_HataVermeliMeli(dosyaAdi: &quot;   &quot;)" computerName="onur-TULPAR-T7-V20-5" duration="00:00:00.0584227" startTime="2025-09-12T15:31:35.5032018+03:00" endTime="2025-09-12T15:31:35.5032018+03:00" testType="13cdc9d9-ddb5-4fa4-a97d-d965ccfc6d4b" outcome="Passed" testListId="8c84fa94-04c1-424b-9868-57a2d4851a1d" relativeResultsDirectory="256f6e81-0efe-4b48-9cab-19e92e7a35a3" />
    <UnitTestResult executionId="755066fd-1de8-4096-a36f-de677176c2f1" testId="d1e7751a-f78a-d6d6-e4d1-3b177d5d2849" testName="Enterprise.Shared.Storage.Tests.Extensions.ServiceCollectionExtensionsTests.AddEnterpriseStorage_GecerliKonfigürasyon_ServislerEklenmeli" computerName="onur-TULPAR-T7-V20-5" duration="00:00:00.0032923" startTime="2025-09-12T15:31:35.5019653+03:00" endTime="2025-09-12T15:31:35.5019654+03:00" testType="13cdc9d9-ddb5-4fa4-a97d-d965ccfc6d4b" outcome="Passed" testListId="8c84fa94-04c1-424b-9868-57a2d4851a1d" relativeResultsDirectory="755066fd-1de8-4096-a36f-de677176c2f1" />
    <UnitTestResult executionId="aeb5b452-a794-4e67-b0cb-8c8d85b0019b" testId="3e00b09b-68c1-faa6-6b39-9e8efa1da9eb" testName="Enterprise.Shared.Storage.Tests.Services.ResimIslemeServisTestleri.ResimDosyasiMi_FarkliIcerikTurleri_DogruSonucVermeli(icerikTuru: &quot;image/png&quot;, beklenenSonuc: True)" computerName="onur-TULPAR-T7-V20-5" duration="00:00:00.0000203" startTime="2025-09-12T15:31:35.4968350+03:00" endTime="2025-09-12T15:31:35.4968350+03:00" testType="13cdc9d9-ddb5-4fa4-a97d-d965ccfc6d4b" outcome="Passed" testListId="8c84fa94-04c1-424b-9868-57a2d4851a1d" relativeResultsDirectory="aeb5b452-a794-4e67-b0cb-8c8d85b0019b" />
    <UnitTestResult executionId="7a7cc26e-4219-4577-b3cd-c384a123b226" testId="9507dc98-5599-be8a-b135-ace9c72db944" testName="Enterprise.Shared.Storage.Tests.Models.StorageModelsTests.VirusTaramaSonucu_TemizDosya_DogruPropertilerleOlusturmali" computerName="onur-TULPAR-T7-V20-5" duration="00:00:00.0009690" startTime="2025-09-12T15:31:35.4906852+03:00" endTime="2025-09-12T15:31:35.4906853+03:00" testType="13cdc9d9-ddb5-4fa4-a97d-d965ccfc6d4b" outcome="Passed" testListId="8c84fa94-04c1-424b-9868-57a2d4851a1d" relativeResultsDirectory="7a7cc26e-4219-4577-b3cd-c384a123b226" />
    <UnitTestResult executionId="a56227e7-a3c3-4d31-bd48-5ecd9eea6ca2" testId="050f5418-717c-0616-f15d-60ec01d72cca" testName="Enterprise.Shared.Storage.Tests.Models.StorageModelsTests.DosyaYuklemeIstegi_ValidModel_ValidationPassed" computerName="onur-TULPAR-T7-V20-5" duration="00:00:00.0004190" startTime="2025-09-12T15:31:35.4907114+03:00" endTime="2025-09-12T15:31:35.4907114+03:00" testType="13cdc9d9-ddb5-4fa4-a97d-d965ccfc6d4b" outcome="Passed" testListId="8c84fa94-04c1-424b-9868-57a2d4851a1d" relativeResultsDirectory="a56227e7-a3c3-4d31-bd48-5ecd9eea6ca2" />
    <UnitTestResult executionId="4d8fe563-57a1-463d-83a1-fc1ceafbc170" testId="d8edb4ad-4531-f937-2bac-550c98aef40e" testName="Enterprise.Shared.Storage.Tests.Extensions.ServiceCollectionExtensionsTests.AddEnterpriseStorage_ActionKonfigürasyon_ServislerEklenmeli" computerName="onur-TULPAR-T7-V20-5" duration="00:00:00.0005354" startTime="2025-09-12T15:31:35.4934626+03:00" endTime="2025-09-12T15:31:35.4934627+03:00" testType="13cdc9d9-ddb5-4fa4-a97d-d965ccfc6d4b" outcome="Passed" testListId="8c84fa94-04c1-424b-9868-57a2d4851a1d" relativeResultsDirectory="4d8fe563-57a1-463d-83a1-fc1ceafbc170" />
    <UnitTestResult executionId="4909d335-48a4-4e6f-8d55-a9f2010cb510" testId="1c33ab4a-bd84-adef-0a00-ad253a33a66f" testName="Enterprise.Shared.Storage.Tests.Services.VirusTarayiciServisTestleri.TaraAsync_FarkliDosyaBoyutlari_UygunSonucVermeli(dosyaBoyutu: 50000)" computerName="onur-TULPAR-T7-V20-5" duration="00:00:00.0000377" startTime="2025-09-12T15:31:35.4990517+03:00" endTime="2025-09-12T15:31:35.4990518+03:00" testType="13cdc9d9-ddb5-4fa4-a97d-d965ccfc6d4b" outcome="Passed" testListId="8c84fa94-04c1-424b-9868-57a2d4851a1d" relativeResultsDirectory="4909d335-48a4-4e6f-8d55-a9f2010cb510" />
    <UnitTestResult executionId="f1f9fa0c-502b-41dc-a185-63779e31d764" testId="7288a54e-575a-a093-4ab8-963830294c29" testName="Enterprise.Shared.Storage.Tests.Services.ResimIslemeServisTestleri.ResimIsleAsync_BuyukResim_KucukResimlerleIslenmisResimDondururMeli" computerName="onur-TULPAR-T7-V20-5" duration="00:00:01.3659225" startTime="2025-09-12T15:31:36.8637357+03:00" endTime="2025-09-12T15:31:36.8637358+03:00" testType="13cdc9d9-ddb5-4fa4-a97d-d965ccfc6d4b" outcome="Passed" testListId="8c84fa94-04c1-424b-9868-57a2d4851a1d" relativeResultsDirectory="f1f9fa0c-502b-41dc-a185-63779e31d764" />
    <UnitTestResult executionId="1b2ca080-077b-4ba7-9fec-0c53730ebdff" testId="6eb99c4a-01bc-c2e9-d8c3-c10f390a5232" testName="Enterprise.Shared.Storage.Tests.Services.ClamAVTarayiciServisTestleri.Constructor_NullOptions_ArgumentNullExceptionFirlatmali" computerName="onur-TULPAR-T7-V20-5" duration="00:00:00.0442009" startTime="2025-09-12T15:31:35.4914868+03:00" endTime="2025-09-12T15:31:35.4914869+03:00" testType="13cdc9d9-ddb5-4fa4-a97d-d965ccfc6d4b" outcome="Passed" testListId="8c84fa94-04c1-424b-9868-57a2d4851a1d" relativeResultsDirectory="1b2ca080-077b-4ba7-9fec-0c53730ebdff" />
    <UnitTestResult executionId="5a37a0a0-5618-453b-a86a-0fd49c32966c" testId="5522037e-e5a0-021b-d0b7-c7d234eb0f03" testName="Enterprise.Shared.Storage.Tests.Services.ResimIslemeServisTestleri.ResimDosyasiMi_FarkliIcerikTurleri_DogruSonucVermeli(icerikTuru: &quot;image/jpeg&quot;, beklenenSonuc: True)" computerName="onur-TULPAR-T7-V20-5" duration="00:00:00.0515132" startTime="2025-09-12T15:31:35.4962344+03:00" endTime="2025-09-12T15:31:35.4962344+03:00" testType="13cdc9d9-ddb5-4fa4-a97d-d965ccfc6d4b" outcome="Passed" testListId="8c84fa94-04c1-424b-9868-57a2d4851a1d" relativeResultsDirectory="5a37a0a0-5618-453b-a86a-0fd49c32966c" />
    <UnitTestResult executionId="ca23071a-bc4f-4d3f-9bbe-047fa43074be" testId="c616ef4a-ff6a-726e-c8c2-0be8e6f710ca" testName="Enterprise.Shared.Storage.Tests.Services.DosyaValidasyonServisTestleri.DosyaImzasiGecerliMiAsync_YanlisImza_FalseDondurmeli" computerName="onur-TULPAR-T7-V20-5" duration="00:00:00.0004870" startTime="2025-09-12T15:31:35.5609734+03:00" endTime="2025-09-12T15:31:35.5609734+03:00" testType="13cdc9d9-ddb5-4fa4-a97d-d965ccfc6d4b" outcome="Passed" testListId="8c84fa94-04c1-424b-9868-57a2d4851a1d" relativeResultsDirectory="ca23071a-bc4f-4d3f-9bbe-047fa43074be" />
    <UnitTestResult executionId="82982a61-1785-43f1-861c-127fe14dd531" testId="238d6161-d560-b29b-9b2b-f26a292d411e" testName="Enterprise.Shared.Storage.Tests.Models.StorageModelsTests.ValidationResult_AddError_ErrorEklenmeli" computerName="onur-TULPAR-T7-V20-5" duration="00:00:00.0010538" startTime="2025-09-12T15:31:35.4893292+03:00" endTime="2025-09-12T15:31:35.4893293+03:00" testType="13cdc9d9-ddb5-4fa4-a97d-d965ccfc6d4b" outcome="Passed" testListId="8c84fa94-04c1-424b-9868-57a2d4851a1d" relativeResultsDirectory="82982a61-1785-43f1-861c-127fe14dd531" />
    <UnitTestResult executionId="e252721d-9211-416e-8064-a2bb39416b5d" testId="09f5ecd5-ebcd-830b-3241-2228a9737c9d" testName="Enterprise.Shared.Storage.Tests.Services.DosyaValidasyonServisTestleri.ValidateAsync_GecersizKarakterler_HataVermeliMeli(dosyaAdi: &quot;test\ttab.txt&quot;)" computerName="onur-TULPAR-T7-V20-5" duration="00:00:00.0018146" startTime="2025-09-12T15:31:35.5625350+03:00" endTime="2025-09-12T15:31:35.5625350+03:00" testType="13cdc9d9-ddb5-4fa4-a97d-d965ccfc6d4b" outcome="Failed" testListId="8c84fa94-04c1-424b-9868-57a2d4851a1d" relativeResultsDirectory="e252721d-9211-416e-8064-a2bb39416b5d">
      <Output>
        <ErrorInfo>
          <Message>Expected sonuc.IsValid to be False, but found True.</Message>
          <StackTrace>   at FluentAssertions.Execution.XUnit2TestFramework.Throw(String message)
   at FluentAssertions.Execution.TestFrameworkProvider.Throw(String message)
   at FluentAssertions.Execution.DefaultAssertionStrategy.HandleFailure(String message)
   at FluentAssertions.Execution.AssertionScope.FailWith(Func`1 failReasonFunc)
   at FluentAssertions.Execution.AssertionScope.FailWith(Func`1 failReasonFunc)
   at FluentAssertions.Execution.AssertionScope.FailWith(String message, Object[] args)
   at FluentAssertions.Primitives.BooleanAssertions`1.BeFalse(String because, Object[] becauseArgs)
   at Enterprise.Shared.Storage.Tests.Services.DosyaValidasyonServisTestleri.ValidateAsync_GecersizKarakterler_HataVermeliMeli(String dosyaAdi) in /home/onur/Desktop/PlatformV1/src/Shared/Enterprise.Shared.Storage.Tests/Services/FileValidationServiceTests.cs:line 186
--- End of stack trace from previous location ---</StackTrace>
        </ErrorInfo>
      </Output>
    </UnitTestResult>
    <UnitTestResult executionId="aac3baf9-a74b-4012-9fca-a4c83190e22a" testId="c785965f-54f5-0958-d1b3-031adc08431b" testName="Enterprise.Shared.Storage.Tests.Extensions.DepolamaServisiFactoryTests.CreateStorageService_NullProvider_DefaultServiceDondurmeli" computerName="onur-TULPAR-T7-V20-5" duration="00:00:00.0004120" startTime="2025-09-12T15:31:35.4911673+03:00" endTime="2025-09-12T15:31:35.4911673+03:00" testType="13cdc9d9-ddb5-4fa4-a97d-d965ccfc6d4b" outcome="Passed" testListId="8c84fa94-04c1-424b-9868-57a2d4851a1d" relativeResultsDirectory="aac3baf9-a74b-4012-9fca-a4c83190e22a" />
    <UnitTestResult executionId="18c29340-a130-4a0a-86ee-485c9e799461" testId="0cf4f303-b8ae-c881-1399-73c030b9a8c3" testName="Enterprise.Shared.Storage.Tests.Extensions.ServiceCollectionExtensionsTests.AddImageProcessing_KonfigurasyonAction_ResimServisiEklenmeli" computerName="onur-TULPAR-T7-V20-5" duration="00:00:00.0009277" startTime="2025-09-12T15:31:35.4918430+03:00" endTime="2025-09-12T15:31:35.4918430+03:00" testType="13cdc9d9-ddb5-4fa4-a97d-d965ccfc6d4b" outcome="Passed" testListId="8c84fa94-04c1-424b-9868-57a2d4851a1d" relativeResultsDirectory="18c29340-a130-4a0a-86ee-485c9e799461" />
    <UnitTestResult executionId="36ef152a-30ce-4424-aa71-b833601515db" testId="ac0bc820-4f76-beb5-ec12-ae63c751fbef" testName="Enterprise.Shared.Storage.Tests.Services.ResimIslemeServisTestleri.KucukResimOlusturAsync_GecerliResim_KucukResimDondururMeli" computerName="onur-TULPAR-T7-V20-5" duration="00:00:00.0483084" startTime="2025-09-12T15:31:37.1704407+03:00" endTime="2025-09-12T15:31:37.1704410+03:00" testType="13cdc9d9-ddb5-4fa4-a97d-d965ccfc6d4b" outcome="Passed" testListId="8c84fa94-04c1-424b-9868-57a2d4851a1d" relativeResultsDirectory="36ef152a-30ce-4424-aa71-b833601515db" />
    <UnitTestResult executionId="675f2f66-066e-44f1-9958-8c34a8d3aa72" testId="f711a204-d998-0916-98b3-93660763166b" testName="Enterprise.Shared.Storage.Tests.Services.VirusTarayiciServisTestleri.SaglikliMiAsync_MockServis_HepSaglikliDondurmeli" computerName="onur-TULPAR-T7-V20-5" duration="00:00:00.0004506" startTime="2025-09-12T15:31:35.5015025+03:00" endTime="2025-09-12T15:31:35.5015025+03:00" testType="13cdc9d9-ddb5-4fa4-a97d-d965ccfc6d4b" outcome="Passed" testListId="8c84fa94-04c1-424b-9868-57a2d4851a1d" relativeResultsDirectory="675f2f66-066e-44f1-9958-8c34a8d3aa72" />
    <UnitTestResult executionId="5c7fba42-2e16-4d2f-9236-0084e3fdc42d" testId="e41f65a5-124b-abc8-1f30-3ea05e547824" testName="Enterprise.Shared.Storage.Tests.Services.VirusTarayiciServisTestleri.TaraAsync_CancellationToken_IptalEdildigindeOperationCanceledFirlatmali" computerName="onur-TULPAR-T7-V20-5" duration="00:00:00.0019177" startTime="2025-09-12T15:31:35.5010445+03:00" endTime="2025-09-12T15:31:35.5010445+03:00" testType="13cdc9d9-ddb5-4fa4-a97d-d965ccfc6d4b" outcome="Passed" testListId="8c84fa94-04c1-424b-9868-57a2d4851a1d" relativeResultsDirectory="5c7fba42-2e16-4d2f-9236-0084e3fdc42d" />
    <UnitTestResult executionId="3ef4e41c-f27d-405d-a421-593db8a0bc41" testId="1c88859b-4113-0216-b2f3-2b25555ba917" testName="Enterprise.Shared.Storage.Tests.Services.ResimIslemeServisTestleri.ResimMetadataAlAsync_GecerliResim_MetadataVermeli" computerName="onur-TULPAR-T7-V20-5" duration="00:00:00.0138348" startTime="2025-09-12T15:31:37.1879862+03:00" endTime="2025-09-12T15:31:37.1879863+03:00" testType="13cdc9d9-ddb5-4fa4-a97d-d965ccfc6d4b" outcome="Passed" testListId="8c84fa94-04c1-424b-9868-57a2d4851a1d" relativeResultsDirectory="3ef4e41c-f27d-405d-a421-593db8a0bc41" />
    <UnitTestResult executionId="e75e5381-9f7c-42f3-a6c1-ca738dc5fec9" testId="51579947-a00a-89fd-8c29-c2c7b7c4f814" testName="Enterprise.Shared.Storage.Tests.Services.ClamAVTarayiciServisTestleri.Constructor_NullHttpClient_ArgumentNullExceptionFirlatmali" computerName="onur-TULPAR-T7-V20-5" duration="00:00:00.0033866" startTime="2025-09-12T15:31:35.4943780+03:00" endTime="2025-09-12T15:31:35.4943781+03:00" testType="13cdc9d9-ddb5-4fa4-a97d-d965ccfc6d4b" outcome="Passed" testListId="8c84fa94-04c1-424b-9868-57a2d4851a1d" relativeResultsDirectory="e75e5381-9f7c-42f3-a6c1-ca738dc5fec9" />
    <UnitTestResult executionId="8d96f51f-ac2b-40c3-820d-695c7ca39c8b" testId="a09e1861-d612-ccea-38e2-f226c6a5598f" testName="Enterprise.Shared.Storage.Tests.Services.DosyaValidasyonServisTestleri.DosyaUzantisiGecerliMi_YasakliUzanti_FalseDondurmeli" computerName="onur-TULPAR-T7-V20-5" duration="00:00:00.0002629" startTime="2025-09-12T15:31:35.5609215+03:00" endTime="2025-09-12T15:31:35.5609215+03:00" testType="13cdc9d9-ddb5-4fa4-a97d-d965ccfc6d4b" outcome="Passed" testListId="8c84fa94-04c1-424b-9868-57a2d4851a1d" relativeResultsDirectory="8d96f51f-ac2b-40c3-820d-695c7ca39c8b" />
    <UnitTestResult executionId="2b2481de-d947-4661-b12b-de054ef82f26" testId="3932fc5c-8a7d-db96-142c-68fffa2dd87c" testName="Enterprise.Shared.Storage.Tests.Extensions.ServiceCollectionExtensionsTests.HasStorageSettings_KonfigürasyonYok_FalseDondurmeli" computerName="onur-TULPAR-T7-V20-5" duration="00:00:00.0015234" startTime="2025-09-12T15:31:35.4914108+03:00" endTime="2025-09-12T15:31:35.4914108+03:00" testType="13cdc9d9-ddb5-4fa4-a97d-d965ccfc6d4b" outcome="Passed" testListId="8c84fa94-04c1-424b-9868-57a2d4851a1d" relativeResultsDirectory="2b2481de-d947-4661-b12b-de054ef82f26" />
    <UnitTestResult executionId="e77eaf48-29c5-4ecd-b16e-e67ef614f470" testId="6725ca6e-2db4-d52b-666e-c5c0c5700fbf" testName="Enterprise.Shared.Storage.Tests.Models.StorageModelsTests.ValidationResult_Success_BasariliSonucOlusturmali" computerName="onur-TULPAR-T7-V20-5" duration="00:00:00.0007930" startTime="2025-09-12T15:31:35.4893796+03:00" endTime="2025-09-12T15:31:35.4893796+03:00" testType="13cdc9d9-ddb5-4fa4-a97d-d965ccfc6d4b" outcome="Passed" testListId="8c84fa94-04c1-424b-9868-57a2d4851a1d" relativeResultsDirectory="e77eaf48-29c5-4ecd-b16e-e67ef614f470" />
    <UnitTestResult executionId="e6d0e91a-611a-4484-beb1-11735bd66cfa" testId="f8298d54-baa5-d2dc-db6d-c9ef0bf1832a" testName="Enterprise.Shared.Storage.Tests.Services.VirusTarayiciServisTestleri.TaraAsync_BuyukDosya_SuspheliSonucuVermeli" computerName="onur-TULPAR-T7-V20-5" duration="00:00:00.0006729" startTime="2025-09-12T15:31:35.5033085+03:00" endTime="2025-09-12T15:31:35.5033085+03:00" testType="13cdc9d9-ddb5-4fa4-a97d-d965ccfc6d4b" outcome="Passed" testListId="8c84fa94-04c1-424b-9868-57a2d4851a1d" relativeResultsDirectory="e6d0e91a-611a-4484-beb1-11735bd66cfa" />
    <UnitTestResult executionId="9807109e-5d10-42ec-bcb3-4502a4e8e597" testId="2b7d0b21-4591-5f61-149f-2d20880e8c4e" testName="Enterprise.Shared.Storage.Tests.Extensions.ServiceCollectionExtensionsTests.GetMinIOConnectionString_GecerliAyarlar_ConnectionStringOlusturmali" computerName="onur-TULPAR-T7-V20-5" duration="00:00:00.0044660" startTime="2025-09-12T15:31:35.4979470+03:00" endTime="2025-09-12T15:31:35.4979471+03:00" testType="13cdc9d9-ddb5-4fa4-a97d-d965ccfc6d4b" outcome="Passed" testListId="8c84fa94-04c1-424b-9868-57a2d4851a1d" relativeResultsDirectory="9807109e-5d10-42ec-bcb3-4502a4e8e597" />
    <UnitTestResult executionId="fc5dffc4-11a3-45ec-8d7e-3979c52bebae" testId="1cd0370b-9adf-338b-b1eb-b461a43afc4c" testName="Enterprise.Shared.Storage.Tests.Services.DosyaValidasyonServisTestleri.ValidateAsync_GeçersizDosyaAdi_HataVermeliMeli(dosyaAdi: &quot;&quot;)" computerName="onur-TULPAR-T7-V20-5" duration="00:00:00.0007912" startTime="2025-09-12T15:31:35.5040676+03:00" endTime="2025-09-12T15:31:35.5040676+03:00" testType="13cdc9d9-ddb5-4fa4-a97d-d965ccfc6d4b" outcome="Passed" testListId="8c84fa94-04c1-424b-9868-57a2d4851a1d" relativeResultsDirectory="fc5dffc4-11a3-45ec-8d7e-3979c52bebae" />
    <UnitTestResult executionId="f4851034-e757-46a3-acd2-59dceb008e56" testId="25e2a728-abcd-630a-d595-081c7325d260" testName="Enterprise.Shared.Storage.Tests.Models.StorageModelsTests.DepolamaAyarlari_ConfigSection_DogruSectionAdiniDondurmeli" computerName="onur-TULPAR-T7-V20-5" duration="00:00:00.0002246" startTime="2025-09-12T15:31:35.4894158+03:00" endTime="2025-09-12T15:31:35.4894158+03:00" testType="13cdc9d9-ddb5-4fa4-a97d-d965ccfc6d4b" outcome="Passed" testListId="8c84fa94-04c1-424b-9868-57a2d4851a1d" relativeResultsDirectory="f4851034-e757-46a3-acd2-59dceb008e56" />
    <UnitTestResult executionId="37ced254-4418-4c17-aac4-2908e3b7cb2b" testId="8c8453f3-1b9c-3bfc-7145-aa2819e3ff59" testName="Enterprise.Shared.Storage.Tests.Models.StorageModelsTests.DosyaYuklemeIstegi_ExitFields_ValidationFailed(eksikAlan: &quot;BucketAdi&quot;)" computerName="onur-TULPAR-T7-V20-5" duration="00:00:00.0000126" startTime="2025-09-12T15:31:35.4892400+03:00" endTime="2025-09-12T15:31:35.4892401+03:00" testType="13cdc9d9-ddb5-4fa4-a97d-d965ccfc6d4b" outcome="Passed" testListId="8c84fa94-04c1-424b-9868-57a2d4851a1d" relativeResultsDirectory="37ced254-4418-4c17-aac4-2908e3b7cb2b" />
    <UnitTestResult executionId="ef92db44-4ee4-4d90-ba16-853a74786eb1" testId="acfc01fa-94be-4bdb-e207-7fd8de9a95cd" testName="Enterprise.Shared.Storage.Tests.Services.DosyaValidasyonServisTestleri.ValidateAsync_BuyukDosya_HataVermeliMeli" computerName="onur-TULPAR-T7-V20-5" duration="00:00:00.0011960" startTime="2025-09-12T15:31:35.5615980+03:00" endTime="2025-09-12T15:31:35.5615981+03:00" testType="13cdc9d9-ddb5-4fa4-a97d-d965ccfc6d4b" outcome="Passed" testListId="8c84fa94-04c1-424b-9868-57a2d4851a1d" relativeResultsDirectory="ef92db44-4ee4-4d90-ba16-853a74786eb1" />
    <UnitTestResult executionId="ed8b8672-8fd6-4fd8-afac-16e5215d2d33" testId="f05caa87-f69e-b71e-3668-ed6af5dc5a8c" testName="Enterprise.Shared.Storage.Tests.Services.DosyaValidasyonServisTestleri.ValidateAsync_UzunDosyaAdi_HataVermeliMeli" computerName="onur-TULPAR-T7-V20-5" duration="00:00:00.0007917" startTime="2025-09-12T15:31:35.5627092+03:00" endTime="2025-09-12T15:31:35.5627092+03:00" testType="13cdc9d9-ddb5-4fa4-a97d-d965ccfc6d4b" outcome="Passed" testListId="8c84fa94-04c1-424b-9868-57a2d4851a1d" relativeResultsDirectory="ed8b8672-8fd6-4fd8-afac-16e5215d2d33" />
    <UnitTestResult executionId="edf243d3-cb6f-4be0-9a8e-5cd0585efa5a" testId="5c451b10-6d89-dedd-df26-8d95496c7669" testName="Enterprise.Shared.Storage.Tests.Services.ResimIslemeServisTestleri.ResimIsleAsync_BozukResim_HataFirlatmali" computerName="onur-TULPAR-T7-V20-5" duration="00:00:00.0034792" startTime="2025-09-12T15:31:37.1740087+03:00" endTime="2025-09-12T15:31:37.1740088+03:00" testType="13cdc9d9-ddb5-4fa4-a97d-d965ccfc6d4b" outcome="Passed" testListId="8c84fa94-04c1-424b-9868-57a2d4851a1d" relativeResultsDirectory="edf243d3-cb6f-4be0-9a8e-5cd0585efa5a" />
    <UnitTestResult executionId="39112158-c8a4-4ff4-aaea-c89b02904235" testId="0e876ae0-e77c-4ca7-7879-98cd54300afa" testName="Enterprise.Shared.Storage.Tests.Models.StorageModelsTests.DosyaBilgisi_TamYolProperty_BucketveNesneAdiniIcermeli" computerName="onur-TULPAR-T7-V20-5" duration="00:00:00.0005201" startTime="2025-09-12T15:31:35.4892730+03:00" endTime="2025-09-12T15:31:35.4892730+03:00" testType="13cdc9d9-ddb5-4fa4-a97d-d965ccfc6d4b" outcome="Passed" testListId="8c84fa94-04c1-424b-9868-57a2d4851a1d" relativeResultsDirectory="39112158-c8a4-4ff4-aaea-c89b02904235" />
    <UnitTestResult executionId="adc20962-c134-411d-99cd-9e87cd917e76" testId="1b49adf1-4016-2333-bfa5-3112e1389a5a" testName="Enterprise.Shared.Storage.Tests.Extensions.DepolamaServisiFactoryTests.CreateBackupService_IYedeklemeServisinerendurmeli" computerName="onur-TULPAR-T7-V20-5" duration="00:00:00.0014623" startTime="2025-09-12T15:31:35.4910921+03:00" endTime="2025-09-12T15:31:35.4910922+03:00" testType="13cdc9d9-ddb5-4fa4-a97d-d965ccfc6d4b" outcome="Passed" testListId="8c84fa94-04c1-424b-9868-57a2d4851a1d" relativeResultsDirectory="adc20962-c134-411d-99cd-9e87cd917e76" />
    <UnitTestResult executionId="05834bd8-7e61-4313-bd5f-0e0a810e99a2" testId="7b36674a-6731-09c1-bb69-026aa2292060" testName="Enterprise.Shared.Storage.Tests.Services.VirusTarayiciServisTestleri.SonGuncellemeTarihiAsync_MockServis_BugununTarihiniDondurmeli" computerName="onur-TULPAR-T7-V20-5" duration="00:00:00.0010565" startTime="2025-09-12T15:31:35.5044570+03:00" endTime="2025-09-12T15:31:35.5044571+03:00" testType="13cdc9d9-ddb5-4fa4-a97d-d965ccfc6d4b" outcome="Passed" testListId="8c84fa94-04c1-424b-9868-57a2d4851a1d" relativeResultsDirectory="05834bd8-7e61-4313-bd5f-0e0a810e99a2" />
    <UnitTestResult executionId="c80d79de-4748-4516-bd5b-67f85b78e98a" testId="d2c34e9e-d124-d5ac-2582-481d1b778665" testName="Enterprise.Shared.Storage.Tests.Extensions.ServiceCollectionExtensionsTests.AddEnterpriseStorage_VarsayilanAyarlar_DefaultDegerlerleServislerEklenmeli" computerName="onur-TULPAR-T7-V20-5" duration="00:00:00.0003364" startTime="2025-09-12T15:31:35.4914372+03:00" endTime="2025-09-12T15:31:35.4914372+03:00" testType="13cdc9d9-ddb5-4fa4-a97d-d965ccfc6d4b" outcome="Passed" testListId="8c84fa94-04c1-424b-9868-57a2d4851a1d" relativeResultsDirectory="c80d79de-4748-4516-bd5b-67f85b78e98a" />
    <UnitTestResult executionId="eeb19acc-1657-45a3-8bc6-6df4d6678bfe" testId="1635d350-77c7-937d-5384-a1d89274fb26" testName="Enterprise.Shared.Storage.Tests.Extensions.DepolamaServisiFactoryTests.CreateImageProcessingService_IResimIslemeServisimrDerendurmeli" computerName="onur-TULPAR-T7-V20-5" duration="00:00:00.0006036" startTime="2025-09-12T15:31:35.4911433+03:00" endTime="2025-09-12T15:31:35.4911433+03:00" testType="13cdc9d9-ddb5-4fa4-a97d-d965ccfc6d4b" outcome="Passed" testListId="8c84fa94-04c1-424b-9868-57a2d4851a1d" relativeResultsDirectory="eeb19acc-1657-45a3-8bc6-6df4d6678bfe" />
    <UnitTestResult executionId="03377502-80fb-42dc-8c47-67cb9b4192e5" testId="be82b51c-3be8-bcc0-0e3f-6e24abe28fed" testName="Enterprise.Shared.Storage.Tests.Models.StorageModelsTests.GuvenlikAyarlari_BosAllowedExtensions_ValidasyonHatasiVermeli(extension: &quot;   &quot;)" computerName="onur-TULPAR-T7-V20-5" duration="00:00:00.0005476" startTime="2025-09-12T15:31:35.4905477+03:00" endTime="2025-09-12T15:31:35.4905478+03:00" testType="13cdc9d9-ddb5-4fa4-a97d-d965ccfc6d4b" outcome="Passed" testListId="8c84fa94-04c1-424b-9868-57a2d4851a1d" relativeResultsDirectory="03377502-80fb-42dc-8c47-67cb9b4192e5" />
    <UnitTestResult executionId="254f0587-7574-4c98-8e61-7179401831ff" testId="ecf06a14-ada8-ce31-dbf3-612d3b2c4fdd" testName="Enterprise.Shared.Storage.Tests.Services.DosyaValidasyonServisTestleri.ValidateAsync_GecerliDosya_BasariliSonucDondururMeli" computerName="onur-TULPAR-T7-V20-5" duration="00:00:00.0004732" startTime="2025-09-12T15:31:35.5633015+03:00" endTime="2025-09-12T15:31:35.5633015+03:00" testType="13cdc9d9-ddb5-4fa4-a97d-d965ccfc6d4b" outcome="Passed" testListId="8c84fa94-04c1-424b-9868-57a2d4851a1d" relativeResultsDirectory="254f0587-7574-4c98-8e61-7179401831ff" />
    <UnitTestResult executionId="099b9726-d9bb-4c60-a4d9-35078071a5ee" testId="2a3523ac-fdf5-c5b9-c307-497d28bb65f8" testName="Enterprise.Shared.Storage.Tests.Extensions.ServiceCollectionExtensionsTests.AddMinIOStorage_OzelAyarlar_MinIOAyarlariGuncellenmeli" computerName="onur-TULPAR-T7-V20-5" duration="00:00:00.0006047" startTime="2025-09-12T15:31:35.4985910+03:00" endTime="2025-09-12T15:31:35.4985910+03:00" testType="13cdc9d9-ddb5-4fa4-a97d-d965ccfc6d4b" outcome="Passed" testListId="8c84fa94-04c1-424b-9868-57a2d4851a1d" relativeResultsDirectory="099b9726-d9bb-4c60-a4d9-35078071a5ee" />
    <UnitTestResult executionId="2e3d70b7-d34b-4625-ac90-5d391da65973" testId="a60dd689-bb3d-0403-fed6-74ea9caff3d2" testName="Enterprise.Shared.Storage.Tests.Services.ResimIslemeServisTestleri.DesteklenenFormatlar_ListelenmisFormatlar_DogruFormatlariIcermeliMeli" computerName="onur-TULPAR-T7-V20-5" duration="00:00:00.0006926" startTime="2025-09-12T15:31:35.4975868+03:00" endTime="2025-09-12T15:31:35.4975869+03:00" testType="13cdc9d9-ddb5-4fa4-a97d-d965ccfc6d4b" outcome="Passed" testListId="8c84fa94-04c1-424b-9868-57a2d4851a1d" relativeResultsDirectory="2e3d70b7-d34b-4625-ac90-5d391da65973" />
    <UnitTestResult executionId="852d33bb-f386-4c7b-a750-f4d8f32ab046" testId="ace63b21-b7f0-20d8-5d67-074f4026efd0" testName="Enterprise.Shared.Storage.Tests.Services.ResimIslemeServisTestleri.ResimDosyasiMi_FarkliIcerikTurleri_DogruSonucVermeli(icerikTuru: &quot;text/plain&quot;, beklenenSonuc: False)" computerName="onur-TULPAR-T7-V20-5" duration="00:00:00.0000239" startTime="2025-09-12T15:31:35.4968029+03:00" endTime="2025-09-12T15:31:35.4968029+03:00" testType="13cdc9d9-ddb5-4fa4-a97d-d965ccfc6d4b" outcome="Passed" testListId="8c84fa94-04c1-424b-9868-57a2d4851a1d" relativeResultsDirectory="852d33bb-f386-4c7b-a750-f4d8f32ab046" />
    <UnitTestResult executionId="92ed80a5-8982-443d-b464-86aec7b30db3" testId="00d1ae19-1e33-a988-217e-102646f74288" testName="Enterprise.Shared.Storage.Tests.Services.ResimIslemeServisTestleri.ResimFormatiniDegistirAsync_JpegdenWebp_WebpDondururMeli" computerName="onur-TULPAR-T7-V20-5" duration="00:00:00.0612658" startTime="2025-09-12T15:31:37.1219896+03:00" endTime="2025-09-12T15:31:37.1219899+03:00" testType="13cdc9d9-ddb5-4fa4-a97d-d965ccfc6d4b" outcome="Passed" testListId="8c84fa94-04c1-424b-9868-57a2d4851a1d" relativeResultsDirectory="92ed80a5-8982-443d-b464-86aec7b30db3" />
    <UnitTestResult executionId="cd5a8039-14db-46bc-bfaf-e38be3b01785" testId="22df29ca-1919-bfd8-40d0-5cffe65d98c0" testName="Enterprise.Shared.Storage.Tests.Extensions.DepolamaServisiFactoryTests.CreateStorageService_MinIOProvider_IDepolamaServisinerendurmeli" computerName="onur-TULPAR-T7-V20-5" duration="00:00:00.0335384" startTime="2025-09-12T15:31:35.4910080+03:00" endTime="2025-09-12T15:31:35.4910080+03:00" testType="13cdc9d9-ddb5-4fa4-a97d-d965ccfc6d4b" outcome="Passed" testListId="8c84fa94-04c1-424b-9868-57a2d4851a1d" relativeResultsDirectory="cd5a8039-14db-46bc-bfaf-e38be3b01785" />
    <UnitTestResult executionId="989e3e9f-bcdd-47f9-9c75-241423f83eab" testId="a841b8c6-52fb-8406-beef-ffef5bf7c9f1" testName="Enterprise.Shared.Storage.Tests.Models.StorageModelsTests.YedekTipi_GecerliDegerler_EnumDegerleriTanimliOlmali(tip: TamYedek)" computerName="onur-TULPAR-T7-V20-5" duration="00:00:00.0000117" startTime="2025-09-12T15:31:35.4906357+03:00" endTime="2025-09-12T15:31:35.4906357+03:00" testType="13cdc9d9-ddb5-4fa4-a97d-d965ccfc6d4b" outcome="Passed" testListId="8c84fa94-04c1-424b-9868-57a2d4851a1d" relativeResultsDirectory="989e3e9f-bcdd-47f9-9c75-241423f83eab" />
    <UnitTestResult executionId="979e288f-0fde-4c23-a346-795d8ccd05e7" testId="8f242e89-bf70-67a6-4013-7e1bcb746ba1" testName="Enterprise.Shared.Storage.Tests.Services.DosyaValidasyonServisTestleri.DosyaUzantisiGecerliMi_GecerliUzanti_TrueDondurmeli" computerName="onur-TULPAR-T7-V20-5" duration="00:00:00.0001705" startTime="2025-09-12T15:31:35.5616515+03:00" endTime="2025-09-12T15:31:35.5616516+03:00" testType="13cdc9d9-ddb5-4fa4-a97d-d965ccfc6d4b" outcome="Passed" testListId="8c84fa94-04c1-424b-9868-57a2d4851a1d" relativeResultsDirectory="979e288f-0fde-4c23-a346-795d8ccd05e7" />
    <UnitTestResult executionId="15f45c45-3d02-4d76-af24-c56ff9134ee6" testId="eec139e4-b8d2-4787-eec5-f37b72dfef14" testName="Enterprise.Shared.Storage.Tests.Services.DosyaValidasyonServisTestleri.DosyaBoyutuGecerliMi_SifirVeyaNegatif_FalseDondurmeli" computerName="onur-TULPAR-T7-V20-5" duration="00:00:00.0001853" startTime="2025-09-12T15:31:35.5617003+03:00" endTime="2025-09-12T15:31:35.5617003+03:00" testType="13cdc9d9-ddb5-4fa4-a97d-d965ccfc6d4b" outcome="Passed" testListId="8c84fa94-04c1-424b-9868-57a2d4851a1d" relativeResultsDirectory="15f45c45-3d02-4d76-af24-c56ff9134ee6" />
    <UnitTestResult executionId="cfd6055e-cb6a-4bc7-ad14-b48cc80d31db" testId="4c92c0a2-9077-a097-915f-460bf7eda0c3" testName="Enterprise.Shared.Storage.Tests.Models.StorageModelsTests.GuvenlikAyarlari_BosAllowedExtensions_ValidasyonHatasiVermeli(extension: &quot;&quot;)" computerName="onur-TULPAR-T7-V20-5" duration="00:00:00.0000500" startTime="2025-09-12T15:31:35.4905716+03:00" endTime="2025-09-12T15:31:35.4905717+03:00" testType="13cdc9d9-ddb5-4fa4-a97d-d965ccfc6d4b" outcome="Passed" testListId="8c84fa94-04c1-424b-9868-57a2d4851a1d" relativeResultsDirectory="cfd6055e-cb6a-4bc7-ad14-b48cc80d31db" />
    <UnitTestResult executionId="cd9a0c58-b6c9-400d-91cc-7bb02dc32b05" testId="172d5222-b9fc-660d-50b2-49274d6424c1" testName="Enterprise.Shared.Storage.Tests.Models.StorageModelsTests.YedekTipi_GecerliDegerler_EnumDegerleriTanimliOlmali(tip: TransaksiyonLogYedek)" computerName="onur-TULPAR-T7-V20-5" duration="00:00:00.0002127" startTime="2025-09-12T15:31:35.4906158+03:00" endTime="2025-09-12T15:31:35.4906159+03:00" testType="13cdc9d9-ddb5-4fa4-a97d-d965ccfc6d4b" outcome="Passed" testListId="8c84fa94-04c1-424b-9868-57a2d4851a1d" relativeResultsDirectory="cd9a0c58-b6c9-400d-91cc-7bb02dc32b05" />
    <UnitTestResult executionId="2cc7d5c0-0fdf-47f1-89b5-dd1630316d81" testId="7950db2f-ae36-eb6b-1adb-1b59e02a39cd" testName="Enterprise.Shared.Storage.Tests.Services.DosyaValidasyonServisTestleri.ValidateAsync_GecersizKarakterler_HataVermeliMeli(dosyaAdi: &quot;test\0file.txt&quot;)" computerName="onur-TULPAR-T7-V20-5" duration="00:00:00.0007423" startTime="2025-09-12T15:31:35.5617476+03:00" endTime="2025-09-12T15:31:35.5617476+03:00" testType="13cdc9d9-ddb5-4fa4-a97d-d965ccfc6d4b" outcome="Passed" testListId="8c84fa94-04c1-424b-9868-57a2d4851a1d" relativeResultsDirectory="2cc7d5c0-0fdf-47f1-89b5-dd1630316d81" />
  </Results>
  <TestDefinitions>
    <UnitTest name="Enterprise.Shared.Storage.Tests.Models.StorageModelsTests.DosyaYuklemeIstegi_ExitFields_ValidationFailed(eksikAlan: &quot;BucketAdi&quot;)" storage="/home/onur/desktop/platformv1/src/shared/enterprise.shared.storage.tests/bin/debug/net8.0/enterprise.shared.storage.tests.dll" id="8c8453f3-1b9c-3bfc-7145-aa2819e3ff59">
      <Execution id="37ced254-4418-4c17-aac4-2908e3b7cb2b" />
      <TestMethod codeBase="/home/onur/Desktop/PlatformV1/src/Shared/Enterprise.Shared.Storage.Tests/bin/Debug/net8.0/Enterprise.Shared.Storage.Tests.dll" adapterTypeName="executor://xunit/VsTestRunner2/netcoreapp" className="Enterprise.Shared.Storage.Tests.Models.StorageModelsTests" name="DosyaYuklemeIstegi_ExitFields_ValidationFailed" />
    </UnitTest>
    <UnitTest name="Enterprise.Shared.Storage.Tests.Services.ResimIslemeServisTestleri.KucukResimOlusturAsync_GecerliResim_KucukResimDondururMeli" storage="/home/onur/desktop/platformv1/src/shared/enterprise.shared.storage.tests/bin/debug/net8.0/enterprise.shared.storage.tests.dll" id="ac0bc820-4f76-beb5-ec12-ae63c751fbef">
      <Execution id="36ef152a-30ce-4424-aa71-b833601515db" />
      <TestMethod codeBase="/home/onur/Desktop/PlatformV1/src/Shared/Enterprise.Shared.Storage.Tests/bin/Debug/net8.0/Enterprise.Shared.Storage.Tests.dll" adapterTypeName="executor://xunit/VsTestRunner2/netcoreapp" className="Enterprise.Shared.Storage.Tests.Services.ResimIslemeServisTestleri" name="KucukResimOlusturAsync_GecerliResim_KucukResimDondururMeli" />
    </UnitTest>
    <UnitTest name="Enterprise.Shared.Storage.Tests.Services.DosyaValidasyonServisTestleri.DosyaImzasiGecerliMiAsync_GecerliJpegImza_TrueDondurmeli" storage="/home/onur/desktop/platformv1/src/shared/enterprise.shared.storage.tests/bin/debug/net8.0/enterprise.shared.storage.tests.dll" id="81e8f42e-2b74-f5ee-0e5a-f94f93713110">
      <Execution id="8091b2f3-20cf-4993-8065-aece6d806dd6" />
      <TestMethod codeBase="/home/onur/Desktop/PlatformV1/src/Shared/Enterprise.Shared.Storage.Tests/bin/Debug/net8.0/Enterprise.Shared.Storage.Tests.dll" adapterTypeName="executor://xunit/VsTestRunner2/netcoreapp" className="Enterprise.Shared.Storage.Tests.Services.DosyaValidasyonServisTestleri" name="DosyaImzasiGecerliMiAsync_GecerliJpegImza_TrueDondurmeli" />
    </UnitTest>
    <UnitTest name="Enterprise.Shared.Storage.Tests.Models.StorageModelsTests.DosyaMetadata_TurkiyeSaatiSonDegistirilme_TurkiyeSaatiniDondurmeli" storage="/home/onur/desktop/platformv1/src/shared/enterprise.shared.storage.tests/bin/debug/net8.0/enterprise.shared.storage.tests.dll" id="ccbf1a1c-bb15-00d8-6c30-83490d79c7a4">
      <Execution id="72991d2c-bbe7-4a18-a007-bbebab62c224" />
      <TestMethod codeBase="/home/onur/Desktop/PlatformV1/src/Shared/Enterprise.Shared.Storage.Tests/bin/Debug/net8.0/Enterprise.Shared.Storage.Tests.dll" adapterTypeName="executor://xunit/VsTestRunner2/netcoreapp" className="Enterprise.Shared.Storage.Tests.Models.StorageModelsTests" name="DosyaMetadata_TurkiyeSaatiSonDegistirilme_TurkiyeSaatiniDondurmeli" />
    </UnitTest>
    <UnitTest name="Enterprise.Shared.Storage.Tests.Services.DosyaValidasyonServisTestleri.MimeTipiGecerliMi_GecerliTip_TrueDondurmeli" storage="/home/onur/desktop/platformv1/src/shared/enterprise.shared.storage.tests/bin/debug/net8.0/enterprise.shared.storage.tests.dll" id="66e4263d-a33f-9f76-5248-e0ea0462567e">
      <Execution id="300c2b43-fca7-4ed2-ae75-2ad00635c7c6" />
      <TestMethod codeBase="/home/onur/Desktop/PlatformV1/src/Shared/Enterprise.Shared.Storage.Tests/bin/Debug/net8.0/Enterprise.Shared.Storage.Tests.dll" adapterTypeName="executor://xunit/VsTestRunner2/netcoreapp" className="Enterprise.Shared.Storage.Tests.Services.DosyaValidasyonServisTestleri" name="MimeTipiGecerliMi_GecerliTip_TrueDondurmeli" />
    </UnitTest>
    <UnitTest name="Enterprise.Shared.Storage.Tests.Models.StorageModelsTests.DepolamaAyarlari_ConfigSection_DogruSectionAdiniDondurmeli" storage="/home/onur/desktop/platformv1/src/shared/enterprise.shared.storage.tests/bin/debug/net8.0/enterprise.shared.storage.tests.dll" id="25e2a728-abcd-630a-d595-081c7325d260">
      <Execution id="f4851034-e757-46a3-acd2-59dceb008e56" />
      <TestMethod codeBase="/home/onur/Desktop/PlatformV1/src/Shared/Enterprise.Shared.Storage.Tests/bin/Debug/net8.0/Enterprise.Shared.Storage.Tests.dll" adapterTypeName="executor://xunit/VsTestRunner2/netcoreapp" className="Enterprise.Shared.Storage.Tests.Models.StorageModelsTests" name="DepolamaAyarlari_ConfigSection_DogruSectionAdiniDondurmeli" />
    </UnitTest>
    <UnitTest name="Enterprise.Shared.Storage.Tests.Extensions.ServiceCollectionExtensionsTests.AddEnterpriseStorage_ActionKonfigürasyon_ServislerEklenmeli" storage="/home/onur/desktop/platformv1/src/shared/enterprise.shared.storage.tests/bin/debug/net8.0/enterprise.shared.storage.tests.dll" id="d8edb4ad-4531-f937-2bac-550c98aef40e">
      <Execution id="4d8fe563-57a1-463d-83a1-fc1ceafbc170" />
      <TestMethod codeBase="/home/onur/Desktop/PlatformV1/src/Shared/Enterprise.Shared.Storage.Tests/bin/Debug/net8.0/Enterprise.Shared.Storage.Tests.dll" adapterTypeName="executor://xunit/VsTestRunner2/netcoreapp" className="Enterprise.Shared.Storage.Tests.Extensions.ServiceCollectionExtensionsTests" name="AddEnterpriseStorage_ActionKonfigürasyon_ServislerEklenmeli" />
    </UnitTest>
    <UnitTest name="Enterprise.Shared.Storage.Tests.Models.StorageModelsTests.IslenmisResim_StreamProperty_DisposableOlmali" storage="/home/onur/desktop/platformv1/src/shared/enterprise.shared.storage.tests/bin/debug/net8.0/enterprise.shared.storage.tests.dll" id="5fce9f5b-44f5-4e68-b548-4157a52c2c21">
      <Execution id="49eed3cb-dc9f-4d5e-83ed-4bffecf4d648" />
      <TestMethod codeBase="/home/onur/Desktop/PlatformV1/src/Shared/Enterprise.Shared.Storage.Tests/bin/Debug/net8.0/Enterprise.Shared.Storage.Tests.dll" adapterTypeName="executor://xunit/VsTestRunner2/netcoreapp" className="Enterprise.Shared.Storage.Tests.Models.StorageModelsTests" name="IslenmisResim_StreamProperty_DisposableOlmali" />
    </UnitTest>
    <UnitTest name="Enterprise.Shared.Storage.Tests.Services.ResimIslemeServisTestleri.ResimMetadataAlAsync_GecerliResim_MetadataVermeli" storage="/home/onur/desktop/platformv1/src/shared/enterprise.shared.storage.tests/bin/debug/net8.0/enterprise.shared.storage.tests.dll" id="1c88859b-4113-0216-b2f3-2b25555ba917">
      <Execution id="3ef4e41c-f27d-405d-a421-593db8a0bc41" />
      <TestMethod codeBase="/home/onur/Desktop/PlatformV1/src/Shared/Enterprise.Shared.Storage.Tests/bin/Debug/net8.0/Enterprise.Shared.Storage.Tests.dll" adapterTypeName="executor://xunit/VsTestRunner2/netcoreapp" className="Enterprise.Shared.Storage.Tests.Services.ResimIslemeServisTestleri" name="ResimMetadataAlAsync_GecerliResim_MetadataVermeli" />
    </UnitTest>
    <UnitTest name="Enterprise.Shared.Storage.Tests.Services.DosyaValidasyonServisTestleri.DosyaBoyutuGecerliMi_SifirVeyaNegatif_FalseDondurmeli" storage="/home/onur/desktop/platformv1/src/shared/enterprise.shared.storage.tests/bin/debug/net8.0/enterprise.shared.storage.tests.dll" id="eec139e4-b8d2-4787-eec5-f37b72dfef14">
      <Execution id="15f45c45-3d02-4d76-af24-c56ff9134ee6" />
      <TestMethod codeBase="/home/onur/Desktop/PlatformV1/src/Shared/Enterprise.Shared.Storage.Tests/bin/Debug/net8.0/Enterprise.Shared.Storage.Tests.dll" adapterTypeName="executor://xunit/VsTestRunner2/netcoreapp" className="Enterprise.Shared.Storage.Tests.Services.DosyaValidasyonServisTestleri" name="DosyaBoyutuGecerliMi_SifirVeyaNegatif_FalseDondurmeli" />
    </UnitTest>
    <UnitTest name="Enterprise.Shared.Storage.Tests.Services.DosyaValidasyonServisTestleri.DosyaUzantisiGecerliMi_GecerliUzanti_TrueDondurmeli" storage="/home/onur/desktop/platformv1/src/shared/enterprise.shared.storage.tests/bin/debug/net8.0/enterprise.shared.storage.tests.dll" id="8f242e89-bf70-67a6-4013-7e1bcb746ba1">
      <Execution id="979e288f-0fde-4c23-a346-795d8ccd05e7" />
      <TestMethod codeBase="/home/onur/Desktop/PlatformV1/src/Shared/Enterprise.Shared.Storage.Tests/bin/Debug/net8.0/Enterprise.Shared.Storage.Tests.dll" adapterTypeName="executor://xunit/VsTestRunner2/netcoreapp" className="Enterprise.Shared.Storage.Tests.Services.DosyaValidasyonServisTestleri" name="DosyaUzantisiGecerliMi_GecerliUzanti_TrueDondurmeli" />
    </UnitTest>
    <UnitTest name="Enterprise.Shared.Storage.Tests.Models.StorageModelsTests.DosyaYuklemeIstegi_ExitFields_ValidationFailed(eksikAlan: &quot;IcerikTuru&quot;)" storage="/home/onur/desktop/platformv1/src/shared/enterprise.shared.storage.tests/bin/debug/net8.0/enterprise.shared.storage.tests.dll" id="d5c68c46-c896-a96f-a99c-e12ce7f25031">
      <Execution id="f1a2e0c8-b9be-4adf-a1e5-2e9af564f258" />
      <TestMethod codeBase="/home/onur/Desktop/PlatformV1/src/Shared/Enterprise.Shared.Storage.Tests/bin/Debug/net8.0/Enterprise.Shared.Storage.Tests.dll" adapterTypeName="executor://xunit/VsTestRunner2/netcoreapp" className="Enterprise.Shared.Storage.Tests.Models.StorageModelsTests" name="DosyaYuklemeIstegi_ExitFields_ValidationFailed" />
    </UnitTest>
    <UnitTest name="Enterprise.Shared.Storage.Tests.Services.DosyaValidasyonServisTestleri.DosyaUzantisiGecerliMi_YasakliUzanti_FalseDondurmeli" storage="/home/onur/desktop/platformv1/src/shared/enterprise.shared.storage.tests/bin/debug/net8.0/enterprise.shared.storage.tests.dll" id="a09e1861-d612-ccea-38e2-f226c6a5598f">
      <Execution id="8d96f51f-ac2b-40c3-820d-695c7ca39c8b" />
      <TestMethod codeBase="/home/onur/Desktop/PlatformV1/src/Shared/Enterprise.Shared.Storage.Tests/bin/Debug/net8.0/Enterprise.Shared.Storage.Tests.dll" adapterTypeName="executor://xunit/VsTestRunner2/netcoreapp" className="Enterprise.Shared.Storage.Tests.Services.DosyaValidasyonServisTestleri" name="DosyaUzantisiGecerliMi_YasakliUzanti_FalseDondurmeli" />
    </UnitTest>
    <UnitTest name="Enterprise.Shared.Storage.Tests.Extensions.DepolamaServisiFactoryTests.CreateStorageService_MinIOProvider_IDepolamaServisinerendurmeli" storage="/home/onur/desktop/platformv1/src/shared/enterprise.shared.storage.tests/bin/debug/net8.0/enterprise.shared.storage.tests.dll" id="22df29ca-1919-bfd8-40d0-5cffe65d98c0">
      <Execution id="cd5a8039-14db-46bc-bfaf-e38be3b01785" />
      <TestMethod codeBase="/home/onur/Desktop/PlatformV1/src/Shared/Enterprise.Shared.Storage.Tests/bin/Debug/net8.0/Enterprise.Shared.Storage.Tests.dll" adapterTypeName="executor://xunit/VsTestRunner2/netcoreapp" className="Enterprise.Shared.Storage.Tests.Extensions.DepolamaServisiFactoryTests" name="CreateStorageService_MinIOProvider_IDepolamaServisinerendurmeli" />
    </UnitTest>
    <UnitTest name="Enterprise.Shared.Storage.Tests.Services.VirusTarayiciServisTestleri.TaraAsync_FarkliDosyaBoyutlari_UygunSonucVermeli(dosyaBoyutu: 50000)" storage="/home/onur/desktop/platformv1/src/shared/enterprise.shared.storage.tests/bin/debug/net8.0/enterprise.shared.storage.tests.dll" id="1c33ab4a-bd84-adef-0a00-ad253a33a66f">
      <Execution id="4909d335-48a4-4e6f-8d55-a9f2010cb510" />
      <TestMethod codeBase="/home/onur/Desktop/PlatformV1/src/Shared/Enterprise.Shared.Storage.Tests/bin/Debug/net8.0/Enterprise.Shared.Storage.Tests.dll" adapterTypeName="executor://xunit/VsTestRunner2/netcoreapp" className="Enterprise.Shared.Storage.Tests.Services.VirusTarayiciServisTestleri" name="TaraAsync_FarkliDosyaBoyutlari_UygunSonucVermeli" />
    </UnitTest>
    <UnitTest name="Enterprise.Shared.Storage.Tests.Extensions.DepolamaServisiFactoryTests.CreateImageProcessingService_IResimIslemeServisimrDerendurmeli" storage="/home/onur/desktop/platformv1/src/shared/enterprise.shared.storage.tests/bin/debug/net8.0/enterprise.shared.storage.tests.dll" id="1635d350-77c7-937d-5384-a1d89274fb26">
      <Execution id="eeb19acc-1657-45a3-8bc6-6df4d6678bfe" />
      <TestMethod codeBase="/home/onur/Desktop/PlatformV1/src/Shared/Enterprise.Shared.Storage.Tests/bin/Debug/net8.0/Enterprise.Shared.Storage.Tests.dll" adapterTypeName="executor://xunit/VsTestRunner2/netcoreapp" className="Enterprise.Shared.Storage.Tests.Extensions.DepolamaServisiFactoryTests" name="CreateImageProcessingService_IResimIslemeServisimrDerendurmeli" />
    </UnitTest>
    <UnitTest name="Enterprise.Shared.Storage.Tests.Services.ClamAVTarayiciServisTestleri.Constructor_NullOptions_ArgumentNullExceptionFirlatmali" storage="/home/onur/desktop/platformv1/src/shared/enterprise.shared.storage.tests/bin/debug/net8.0/enterprise.shared.storage.tests.dll" id="6eb99c4a-01bc-c2e9-d8c3-c10f390a5232">
      <Execution id="1b2ca080-077b-4ba7-9fec-0c53730ebdff" />
      <TestMethod codeBase="/home/onur/Desktop/PlatformV1/src/Shared/Enterprise.Shared.Storage.Tests/bin/Debug/net8.0/Enterprise.Shared.Storage.Tests.dll" adapterTypeName="executor://xunit/VsTestRunner2/netcoreapp" className="Enterprise.Shared.Storage.Tests.Services.ClamAVTarayiciServisTestleri" name="Constructor_NullOptions_ArgumentNullExceptionFirlatmali" />
    </UnitTest>
    <UnitTest name="Enterprise.Shared.Storage.Tests.Extensions.DepolamaServisiFactoryTests.CreateBackupService_IYedeklemeServisinerendurmeli" storage="/home/onur/desktop/platformv1/src/shared/enterprise.shared.storage.tests/bin/debug/net8.0/enterprise.shared.storage.tests.dll" id="1b49adf1-4016-2333-bfa5-3112e1389a5a">
      <Execution id="adc20962-c134-411d-99cd-9e87cd917e76" />
      <TestMethod codeBase="/home/onur/Desktop/PlatformV1/src/Shared/Enterprise.Shared.Storage.Tests/bin/Debug/net8.0/Enterprise.Shared.Storage.Tests.dll" adapterTypeName="executor://xunit/VsTestRunner2/netcoreapp" className="Enterprise.Shared.Storage.Tests.Extensions.DepolamaServisiFactoryTests" name="CreateBackupService_IYedeklemeServisinerendurmeli" />
    </UnitTest>
    <UnitTest name="Enterprise.Shared.Storage.Tests.Models.StorageModelsTests.DosyaBilgisi_TamYolProperty_BucketveNesneAdiniIcermeli" storage="/home/onur/desktop/platformv1/src/shared/enterprise.shared.storage.tests/bin/debug/net8.0/enterprise.shared.storage.tests.dll" id="0e876ae0-e77c-4ca7-7879-98cd54300afa">
      <Execution id="39112158-c8a4-4ff4-aaea-c89b02904235" />
      <TestMethod codeBase="/home/onur/Desktop/PlatformV1/src/Shared/Enterprise.Shared.Storage.Tests/bin/Debug/net8.0/Enterprise.Shared.Storage.Tests.dll" adapterTypeName="executor://xunit/VsTestRunner2/netcoreapp" className="Enterprise.Shared.Storage.Tests.Models.StorageModelsTests" name="DosyaBilgisi_TamYolProperty_BucketveNesneAdiniIcermeli" />
    </UnitTest>
    <UnitTest name="Enterprise.Shared.Storage.Tests.Models.StorageModelsTests.DosyaYuklemeIstegi_ExitFields_ValidationFailed(eksikAlan: &quot;DosyaStream&quot;)" storage="/home/onur/desktop/platformv1/src/shared/enterprise.shared.storage.tests/bin/debug/net8.0/enterprise.shared.storage.tests.dll" id="52a39535-f531-efc2-9989-54e8da844dd6">
      <Execution id="4bdd827f-51d2-4159-9a0a-479bd9bb1386" />
      <TestMethod codeBase="/home/onur/Desktop/PlatformV1/src/Shared/Enterprise.Shared.Storage.Tests/bin/Debug/net8.0/Enterprise.Shared.Storage.Tests.dll" adapterTypeName="executor://xunit/VsTestRunner2/netcoreapp" className="Enterprise.Shared.Storage.Tests.Models.StorageModelsTests" name="DosyaYuklemeIstegi_ExitFields_ValidationFailed" />
    </UnitTest>
    <UnitTest name="Enterprise.Shared.Storage.Tests.Extensions.DepolamaServisiFactoryTests.CreateStorageService_DesteklenmevenProvider_NotSupportedExceptionFirlatmali" storage="/home/onur/desktop/platformv1/src/shared/enterprise.shared.storage.tests/bin/debug/net8.0/enterprise.shared.storage.tests.dll" id="61fd8226-7b52-b909-bd0a-4672fb4bf31b">
      <Execution id="cc785ab1-4660-4960-bf91-2a54e2080797" />
      <TestMethod codeBase="/home/onur/Desktop/PlatformV1/src/Shared/Enterprise.Shared.Storage.Tests/bin/Debug/net8.0/Enterprise.Shared.Storage.Tests.dll" adapterTypeName="executor://xunit/VsTestRunner2/netcoreapp" className="Enterprise.Shared.Storage.Tests.Extensions.DepolamaServisiFactoryTests" name="CreateStorageService_DesteklenmevenProvider_NotSupportedExceptionFirlatmali" />
    </UnitTest>
    <UnitTest name="Enterprise.Shared.Storage.Tests.Extensions.ServiceCollectionExtensionsTests.HasStorageSettings_KonfigürasyonVar_TrueDondurmeli" storage="/home/onur/desktop/platformv1/src/shared/enterprise.shared.storage.tests/bin/debug/net8.0/enterprise.shared.storage.tests.dll" id="90d351de-9252-a77d-cb14-a74503773f9c">
      <Execution id="ff205aa3-23d2-4758-b449-9a70575f19e7" />
      <TestMethod codeBase="/home/onur/Desktop/PlatformV1/src/Shared/Enterprise.Shared.Storage.Tests/bin/Debug/net8.0/Enterprise.Shared.Storage.Tests.dll" adapterTypeName="executor://xunit/VsTestRunner2/netcoreapp" className="Enterprise.Shared.Storage.Tests.Extensions.ServiceCollectionExtensionsTests" name="HasStorageSettings_KonfigürasyonVar_TrueDondurmeli" />
    </UnitTest>
    <UnitTest name="Enterprise.Shared.Storage.Tests.Models.StorageModelsTests.VirusTaramaSonucu_TemizDosya_DogruPropertilerleOlusturmali" storage="/home/onur/desktop/platformv1/src/shared/enterprise.shared.storage.tests/bin/debug/net8.0/enterprise.shared.storage.tests.dll" id="9507dc98-5599-be8a-b135-ace9c72db944">
      <Execution id="7a7cc26e-4219-4577-b3cd-c384a123b226" />
      <TestMethod codeBase="/home/onur/Desktop/PlatformV1/src/Shared/Enterprise.Shared.Storage.Tests/bin/Debug/net8.0/Enterprise.Shared.Storage.Tests.dll" adapterTypeName="executor://xunit/VsTestRunner2/netcoreapp" className="Enterprise.Shared.Storage.Tests.Models.StorageModelsTests" name="VirusTaramaSonucu_TemizDosya_DogruPropertilerleOlusturmali" />
    </UnitTest>
    <UnitTest name="Enterprise.Shared.Storage.Tests.Models.StorageModelsTests.DosyaYuklemeIstegi_ExitFields_ValidationFailed(eksikAlan: &quot;DosyaAdi&quot;)" storage="/home/onur/desktop/platformv1/src/shared/enterprise.shared.storage.tests/bin/debug/net8.0/enterprise.shared.storage.tests.dll" id="6b10ae76-054b-2eef-8d5d-e6115f7b869b">
      <Execution id="91b7d4dc-9c1c-4e83-8ebb-1ac6d76813f1" />
      <TestMethod codeBase="/home/onur/Desktop/PlatformV1/src/Shared/Enterprise.Shared.Storage.Tests/bin/Debug/net8.0/Enterprise.Shared.Storage.Tests.dll" adapterTypeName="executor://xunit/VsTestRunner2/netcoreapp" className="Enterprise.Shared.Storage.Tests.Models.StorageModelsTests" name="DosyaYuklemeIstegi_ExitFields_ValidationFailed" />
    </UnitTest>
    <UnitTest name="Enterprise.Shared.Storage.Tests.Services.DosyaValidasyonServisTestleri.ValidateAsync_GecersizKarakterler_HataVermeliMeli(dosyaAdi: &quot;test\ttab.txt&quot;)" storage="/home/onur/desktop/platformv1/src/shared/enterprise.shared.storage.tests/bin/debug/net8.0/enterprise.shared.storage.tests.dll" id="09f5ecd5-ebcd-830b-3241-2228a9737c9d">
      <Execution id="e252721d-9211-416e-8064-a2bb39416b5d" />
      <TestMethod codeBase="/home/onur/Desktop/PlatformV1/src/Shared/Enterprise.Shared.Storage.Tests/bin/Debug/net8.0/Enterprise.Shared.Storage.Tests.dll" adapterTypeName="executor://xunit/VsTestRunner2/netcoreapp" className="Enterprise.Shared.Storage.Tests.Services.DosyaValidasyonServisTestleri" name="ValidateAsync_GecersizKarakterler_HataVermeliMeli" />
    </UnitTest>
    <UnitTest name="Enterprise.Shared.Storage.Tests.Models.StorageModelsTests.YedekTipi_GecerliDegerler_EnumDegerleriTanimliOlmali(tip: TransaksiyonLogYedek)" storage="/home/onur/desktop/platformv1/src/shared/enterprise.shared.storage.tests/bin/debug/net8.0/enterprise.shared.storage.tests.dll" id="172d5222-b9fc-660d-50b2-49274d6424c1">
      <Execution id="cd9a0c58-b6c9-400d-91cc-7bb02dc32b05" />
      <TestMethod codeBase="/home/onur/Desktop/PlatformV1/src/Shared/Enterprise.Shared.Storage.Tests/bin/Debug/net8.0/Enterprise.Shared.Storage.Tests.dll" adapterTypeName="executor://xunit/VsTestRunner2/netcoreapp" className="Enterprise.Shared.Storage.Tests.Models.StorageModelsTests" name="YedekTipi_GecerliDegerler_EnumDegerleriTanimliOlmali" />
    </UnitTest>
    <UnitTest name="Enterprise.Shared.Storage.Tests.Models.StorageModelsTests.GuvenlikAyarlari_BosAllowedExtensions_ValidasyonHatasiVermeli(extension: null)" storage="/home/onur/desktop/platformv1/src/shared/enterprise.shared.storage.tests/bin/debug/net8.0/enterprise.shared.storage.tests.dll" id="36bf94e8-b2fb-7995-11dd-0edf10cf9046">
      <Execution id="13a75cbf-1676-4b53-ae0a-9770c388634e" />
      <TestMethod codeBase="/home/onur/Desktop/PlatformV1/src/Shared/Enterprise.Shared.Storage.Tests/bin/Debug/net8.0/Enterprise.Shared.Storage.Tests.dll" adapterTypeName="executor://xunit/VsTestRunner2/netcoreapp" className="Enterprise.Shared.Storage.Tests.Models.StorageModelsTests" name="GuvenlikAyarlari_BosAllowedExtensions_ValidasyonHatasiVermeli" />
    </UnitTest>
    <UnitTest name="Enterprise.Shared.Storage.Tests.Models.StorageModelsTests.ResimIslemeSecenekleri_DefaultValues_VarsayilanDegerereSahipOlmali" storage="/home/onur/desktop/platformv1/src/shared/enterprise.shared.storage.tests/bin/debug/net8.0/enterprise.shared.storage.tests.dll" id="01e9ce06-687f-1328-629f-877fb3d6b1de">
      <Execution id="37a59382-9ca8-4097-b77b-293287502807" />
      <TestMethod codeBase="/home/onur/Desktop/PlatformV1/src/Shared/Enterprise.Shared.Storage.Tests/bin/Debug/net8.0/Enterprise.Shared.Storage.Tests.dll" adapterTypeName="executor://xunit/VsTestRunner2/netcoreapp" className="Enterprise.Shared.Storage.Tests.Models.StorageModelsTests" name="ResimIslemeSecenekleri_DefaultValues_VarsayilanDegerereSahipOlmali" />
    </UnitTest>
    <UnitTest name="Enterprise.Shared.Storage.Tests.Services.VirusTarayiciServisTestleri.SonGuncellemeTarihiAsync_MockServis_BugununTarihiniDondurmeli" storage="/home/onur/desktop/platformv1/src/shared/enterprise.shared.storage.tests/bin/debug/net8.0/enterprise.shared.storage.tests.dll" id="7b36674a-6731-09c1-bb69-026aa2292060">
      <Execution id="05834bd8-7e61-4313-bd5f-0e0a810e99a2" />
      <TestMethod codeBase="/home/onur/Desktop/PlatformV1/src/Shared/Enterprise.Shared.Storage.Tests/bin/Debug/net8.0/Enterprise.Shared.Storage.Tests.dll" adapterTypeName="executor://xunit/VsTestRunner2/netcoreapp" className="Enterprise.Shared.Storage.Tests.Services.VirusTarayiciServisTestleri" name="SonGuncellemeTarihiAsync_MockServis_BugununTarihiniDondurmeli" />
    </UnitTest>
    <UnitTest name="Enterprise.Shared.Storage.Tests.Services.DosyaValidasyonServisTestleri.ValidateAsync_BuyukDosya_HataVermeliMeli" storage="/home/onur/desktop/platformv1/src/shared/enterprise.shared.storage.tests/bin/debug/net8.0/enterprise.shared.storage.tests.dll" id="acfc01fa-94be-4bdb-e207-7fd8de9a95cd">
      <Execution id="ef92db44-4ee4-4d90-ba16-853a74786eb1" />
      <TestMethod codeBase="/home/onur/Desktop/PlatformV1/src/Shared/Enterprise.Shared.Storage.Tests/bin/Debug/net8.0/Enterprise.Shared.Storage.Tests.dll" adapterTypeName="executor://xunit/VsTestRunner2/netcoreapp" className="Enterprise.Shared.Storage.Tests.Services.DosyaValidasyonServisTestleri" name="ValidateAsync_BuyukDosya_HataVermeliMeli" />
    </UnitTest>
    <UnitTest name="Enterprise.Shared.Storage.Tests.Services.ClamAVTarayiciServisTestleri.Constructor_NullLogger_ArgumentNullExceptionFirlatmali" storage="/home/onur/desktop/platformv1/src/shared/enterprise.shared.storage.tests/bin/debug/net8.0/enterprise.shared.storage.tests.dll" id="057adc5d-b9c7-9ec4-b79a-8781edbe539f">
      <Execution id="7797b626-0347-46db-9ac5-2ffbe4fc8fab" />
      <TestMethod codeBase="/home/onur/Desktop/PlatformV1/src/Shared/Enterprise.Shared.Storage.Tests/bin/Debug/net8.0/Enterprise.Shared.Storage.Tests.dll" adapterTypeName="executor://xunit/VsTestRunner2/netcoreapp" className="Enterprise.Shared.Storage.Tests.Services.ClamAVTarayiciServisTestleri" name="Constructor_NullLogger_ArgumentNullExceptionFirlatmali" />
    </UnitTest>
    <UnitTest name="Enterprise.Shared.Storage.Tests.Services.ResimIslemeServisTestleri.WatermarkEkleAsync_GecerliResim_WatermarkEklenmisResimDondururMeli" storage="/home/onur/desktop/platformv1/src/shared/enterprise.shared.storage.tests/bin/debug/net8.0/enterprise.shared.storage.tests.dll" id="1ebb3d19-c1f5-6337-c253-fab534601faf">
      <Execution id="adb7b6cc-2e37-40a1-9306-30e35fdaf75d" />
      <TestMethod codeBase="/home/onur/Desktop/PlatformV1/src/Shared/Enterprise.Shared.Storage.Tests/bin/Debug/net8.0/Enterprise.Shared.Storage.Tests.dll" adapterTypeName="executor://xunit/VsTestRunner2/netcoreapp" className="Enterprise.Shared.Storage.Tests.Services.ResimIslemeServisTestleri" name="WatermarkEkleAsync_GecerliResim_WatermarkEklenmisResimDondururMeli" />
    </UnitTest>
    <UnitTest name="Enterprise.Shared.Storage.Tests.Extensions.DepolamaServisiFactoryTests.Constructor_NullServiceProvider_ArgumentNullExceptionFirlatmali" storage="/home/onur/desktop/platformv1/src/shared/enterprise.shared.storage.tests/bin/debug/net8.0/enterprise.shared.storage.tests.dll" id="340b429b-cb7c-f1cb-c7fd-563586b2e442">
      <Execution id="cabbe6ec-bd44-4f73-a9e4-158090c758b8" />
      <TestMethod codeBase="/home/onur/Desktop/PlatformV1/src/Shared/Enterprise.Shared.Storage.Tests/bin/Debug/net8.0/Enterprise.Shared.Storage.Tests.dll" adapterTypeName="executor://xunit/VsTestRunner2/netcoreapp" className="Enterprise.Shared.Storage.Tests.Extensions.DepolamaServisiFactoryTests" name="Constructor_NullServiceProvider_ArgumentNullExceptionFirlatmali" />
    </UnitTest>
    <UnitTest name="Enterprise.Shared.Storage.Tests.Extensions.ServiceCollectionExtensionsTests.AddImageProcessing_KonfigurasyonAction_ResimServisiEklenmeli" storage="/home/onur/desktop/platformv1/src/shared/enterprise.shared.storage.tests/bin/debug/net8.0/enterprise.shared.storage.tests.dll" id="0cf4f303-b8ae-c881-1399-73c030b9a8c3">
      <Execution id="18c29340-a130-4a0a-86ee-485c9e799461" />
      <TestMethod codeBase="/home/onur/Desktop/PlatformV1/src/Shared/Enterprise.Shared.Storage.Tests/bin/Debug/net8.0/Enterprise.Shared.Storage.Tests.dll" adapterTypeName="executor://xunit/VsTestRunner2/netcoreapp" className="Enterprise.Shared.Storage.Tests.Extensions.ServiceCollectionExtensionsTests" name="AddImageProcessing_KonfigurasyonAction_ResimServisiEklenmeli" />
    </UnitTest>
    <UnitTest name="Enterprise.Shared.Storage.Tests.Services.DosyaValidasyonServisTestleri.DosyaImzasiGecerliMiAsync_YanlisImza_FalseDondurmeli" storage="/home/onur/desktop/platformv1/src/shared/enterprise.shared.storage.tests/bin/debug/net8.0/enterprise.shared.storage.tests.dll" id="c616ef4a-ff6a-726e-c8c2-0be8e6f710ca">
      <Execution id="ca23071a-bc4f-4d3f-9bbe-047fa43074be" />
      <TestMethod codeBase="/home/onur/Desktop/PlatformV1/src/Shared/Enterprise.Shared.Storage.Tests/bin/Debug/net8.0/Enterprise.Shared.Storage.Tests.dll" adapterTypeName="executor://xunit/VsTestRunner2/netcoreapp" className="Enterprise.Shared.Storage.Tests.Services.DosyaValidasyonServisTestleri" name="DosyaImzasiGecerliMiAsync_YanlisImza_FalseDondurmeli" />
    </UnitTest>
    <UnitTest name="Enterprise.Shared.Storage.Tests.Services.ClamAVTarayiciServisTestleri.Constructor_NullHttpClient_ArgumentNullExceptionFirlatmali" storage="/home/onur/desktop/platformv1/src/shared/enterprise.shared.storage.tests/bin/debug/net8.0/enterprise.shared.storage.tests.dll" id="51579947-a00a-89fd-8c29-c2c7b7c4f814">
      <Execution id="e75e5381-9f7c-42f3-a6c1-ca738dc5fec9" />
      <TestMethod codeBase="/home/onur/Desktop/PlatformV1/src/Shared/Enterprise.Shared.Storage.Tests/bin/Debug/net8.0/Enterprise.Shared.Storage.Tests.dll" adapterTypeName="executor://xunit/VsTestRunner2/netcoreapp" className="Enterprise.Shared.Storage.Tests.Services.ClamAVTarayiciServisTestleri" name="Constructor_NullHttpClient_ArgumentNullExceptionFirlatmali" />
    </UnitTest>
    <UnitTest name="Enterprise.Shared.Storage.Tests.Services.DosyaValidasyonServisTestleri.DosyaBoyutuGecerliMi_GecerliBoyut_TrueDondurmeli" storage="/home/onur/desktop/platformv1/src/shared/enterprise.shared.storage.tests/bin/debug/net8.0/enterprise.shared.storage.tests.dll" id="e290abb5-4a4c-a6bc-7766-5c20f40d23f0">
      <Execution id="caaa360e-a0ab-4481-8d9c-1c53f29b4d61" />
      <TestMethod codeBase="/home/onur/Desktop/PlatformV1/src/Shared/Enterprise.Shared.Storage.Tests/bin/Debug/net8.0/Enterprise.Shared.Storage.Tests.dll" adapterTypeName="executor://xunit/VsTestRunner2/netcoreapp" className="Enterprise.Shared.Storage.Tests.Services.DosyaValidasyonServisTestleri" name="DosyaBoyutuGecerliMi_GecerliBoyut_TrueDondurmeli" />
    </UnitTest>
    <UnitTest name="Enterprise.Shared.Storage.Tests.Extensions.ServiceCollectionExtensionsTests.AddEnterpriseStorage_GecerliKonfigürasyon_ServislerEklenmeli" storage="/home/onur/desktop/platformv1/src/shared/enterprise.shared.storage.tests/bin/debug/net8.0/enterprise.shared.storage.tests.dll" id="d1e7751a-f78a-d6d6-e4d1-3b177d5d2849">
      <Execution id="755066fd-1de8-4096-a36f-de677176c2f1" />
      <TestMethod codeBase="/home/onur/Desktop/PlatformV1/src/Shared/Enterprise.Shared.Storage.Tests/bin/Debug/net8.0/Enterprise.Shared.Storage.Tests.dll" adapterTypeName="executor://xunit/VsTestRunner2/netcoreapp" className="Enterprise.Shared.Storage.Tests.Extensions.ServiceCollectionExtensionsTests" name="AddEnterpriseStorage_GecerliKonfigürasyon_ServislerEklenmeli" />
    </UnitTest>
    <UnitTest name="Enterprise.Shared.Storage.Tests.Services.ResimIslemeServisTestleri.ResimDosyasiMi_FarkliIcerikTurleri_DogruSonucVermeli(icerikTuru: &quot;image/gif&quot;, beklenenSonuc: True)" storage="/home/onur/desktop/platformv1/src/shared/enterprise.shared.storage.tests/bin/debug/net8.0/enterprise.shared.storage.tests.dll" id="f8ea8402-12b5-9b66-aba4-1b9181b3d22f">
      <Execution id="63403f8f-8c59-47ce-bd0f-d002b1e9b010" />
      <TestMethod codeBase="/home/onur/Desktop/PlatformV1/src/Shared/Enterprise.Shared.Storage.Tests/bin/Debug/net8.0/Enterprise.Shared.Storage.Tests.dll" adapterTypeName="executor://xunit/VsTestRunner2/netcoreapp" className="Enterprise.Shared.Storage.Tests.Services.ResimIslemeServisTestleri" name="ResimDosyasiMi_FarkliIcerikTurleri_DogruSonucVermeli" />
    </UnitTest>
    <UnitTest name="Enterprise.Shared.Storage.Tests.Services.ResimIslemeServisTestleri.ResimBoyutlandirAsync_GecerliResim_BoyutlandirilmisDondururMeli" storage="/home/onur/desktop/platformv1/src/shared/enterprise.shared.storage.tests/bin/debug/net8.0/enterprise.shared.storage.tests.dll" id="ac2cb801-acd3-e8d1-6e82-b6d4b1b48910">
      <Execution id="20b6c232-f8ac-4697-9c9e-a43efbd203c5" />
      <TestMethod codeBase="/home/onur/Desktop/PlatformV1/src/Shared/Enterprise.Shared.Storage.Tests/bin/Debug/net8.0/Enterprise.Shared.Storage.Tests.dll" adapterTypeName="executor://xunit/VsTestRunner2/netcoreapp" className="Enterprise.Shared.Storage.Tests.Services.ResimIslemeServisTestleri" name="ResimBoyutlandirAsync_GecerliResim_BoyutlandirilmisDondururMeli" />
    </UnitTest>
    <UnitTest name="Enterprise.Shared.Storage.Tests.Services.ResimIslemeServisTestleri.ResimIsleAsync_BuyukResim_KucukResimlerleIslenmisResimDondururMeli" storage="/home/onur/desktop/platformv1/src/shared/enterprise.shared.storage.tests/bin/debug/net8.0/enterprise.shared.storage.tests.dll" id="7288a54e-575a-a093-4ab8-963830294c29">
      <Execution id="f1f9fa0c-502b-41dc-a185-63779e31d764" />
      <TestMethod codeBase="/home/onur/Desktop/PlatformV1/src/Shared/Enterprise.Shared.Storage.Tests/bin/Debug/net8.0/Enterprise.Shared.Storage.Tests.dll" adapterTypeName="executor://xunit/VsTestRunner2/netcoreapp" className="Enterprise.Shared.Storage.Tests.Services.ResimIslemeServisTestleri" name="ResimIsleAsync_BuyukResim_KucukResimlerleIslenmisResimDondururMeli" />
    </UnitTest>
    <UnitTest name="Enterprise.Shared.Storage.Tests.Services.DosyaValidasyonServisTestleri.ValidateAsync_GeçersizDosyaAdi_HataVermeliMeli(dosyaAdi: &quot;   &quot;)" storage="/home/onur/desktop/platformv1/src/shared/enterprise.shared.storage.tests/bin/debug/net8.0/enterprise.shared.storage.tests.dll" id="bf57b459-8be1-2213-c2f2-d0d3bb54333c">
      <Execution id="256f6e81-0efe-4b48-9cab-19e92e7a35a3" />
      <TestMethod codeBase="/home/onur/Desktop/PlatformV1/src/Shared/Enterprise.Shared.Storage.Tests/bin/Debug/net8.0/Enterprise.Shared.Storage.Tests.dll" adapterTypeName="executor://xunit/VsTestRunner2/netcoreapp" className="Enterprise.Shared.Storage.Tests.Services.DosyaValidasyonServisTestleri" name="ValidateAsync_GeçersizDosyaAdi_HataVermeliMeli" />
    </UnitTest>
    <UnitTest name="Enterprise.Shared.Storage.Tests.Services.ResimIslemeServisTestleri.ResimDosyasiMi_FarkliIcerikTurleri_DogruSonucVermeli(icerikTuru: &quot;image/png&quot;, beklenenSonuc: True)" storage="/home/onur/desktop/platformv1/src/shared/enterprise.shared.storage.tests/bin/debug/net8.0/enterprise.shared.storage.tests.dll" id="3e00b09b-68c1-faa6-6b39-9e8efa1da9eb">
      <Execution id="aeb5b452-a794-4e67-b0cb-8c8d85b0019b" />
      <TestMethod codeBase="/home/onur/Desktop/PlatformV1/src/Shared/Enterprise.Shared.Storage.Tests/bin/Debug/net8.0/Enterprise.Shared.Storage.Tests.dll" adapterTypeName="executor://xunit/VsTestRunner2/netcoreapp" className="Enterprise.Shared.Storage.Tests.Services.ResimIslemeServisTestleri" name="ResimDosyasiMi_FarkliIcerikTurleri_DogruSonucVermeli" />
    </UnitTest>
    <UnitTest name="Enterprise.Shared.Storage.Tests.Extensions.ServiceCollectionExtensionsTests.GetMinIOConnectionString_GecerliAyarlar_ConnectionStringOlusturmali" storage="/home/onur/desktop/platformv1/src/shared/enterprise.shared.storage.tests/bin/debug/net8.0/enterprise.shared.storage.tests.dll" id="2b7d0b21-4591-5f61-149f-2d20880e8c4e">
      <Execution id="9807109e-5d10-42ec-bcb3-4502a4e8e597" />
      <TestMethod codeBase="/home/onur/Desktop/PlatformV1/src/Shared/Enterprise.Shared.Storage.Tests/bin/Debug/net8.0/Enterprise.Shared.Storage.Tests.dll" adapterTypeName="executor://xunit/VsTestRunner2/netcoreapp" className="Enterprise.Shared.Storage.Tests.Extensions.ServiceCollectionExtensionsTests" name="GetMinIOConnectionString_GecerliAyarlar_ConnectionStringOlusturmali" />
    </UnitTest>
    <UnitTest name="Enterprise.Shared.Storage.Tests.Services.ResimIslemeServisTestleri.ResimIsleAsync_BozukResim_HataFirlatmali" storage="/home/onur/desktop/platformv1/src/shared/enterprise.shared.storage.tests/bin/debug/net8.0/enterprise.shared.storage.tests.dll" id="5c451b10-6d89-dedd-df26-8d95496c7669">
      <Execution id="edf243d3-cb6f-4be0-9a8e-5cd0585efa5a" />
      <TestMethod codeBase="/home/onur/Desktop/PlatformV1/src/Shared/Enterprise.Shared.Storage.Tests/bin/Debug/net8.0/Enterprise.Shared.Storage.Tests.dll" adapterTypeName="executor://xunit/VsTestRunner2/netcoreapp" className="Enterprise.Shared.Storage.Tests.Services.ResimIslemeServisTestleri" name="ResimIsleAsync_BozukResim_HataFirlatmali" />
    </UnitTest>
    <UnitTest name="Enterprise.Shared.Storage.Tests.Services.ResimIslemeServisTestleri.ResimDosyasiMi_FarkliIcerikTurleri_DogruSonucVermeli(icerikTuru: &quot;application/pdf&quot;, beklenenSonuc: False)" storage="/home/onur/desktop/platformv1/src/shared/enterprise.shared.storage.tests/bin/debug/net8.0/enterprise.shared.storage.tests.dll" id="6cd4aab2-0a9a-d20f-25d8-3ba767ab2bf5">
      <Execution id="a70415ab-268c-4bca-8a57-0c31ce472970" />
      <TestMethod codeBase="/home/onur/Desktop/PlatformV1/src/Shared/Enterprise.Shared.Storage.Tests/bin/Debug/net8.0/Enterprise.Shared.Storage.Tests.dll" adapterTypeName="executor://xunit/VsTestRunner2/netcoreapp" className="Enterprise.Shared.Storage.Tests.Services.ResimIslemeServisTestleri" name="ResimDosyasiMi_FarkliIcerikTurleri_DogruSonucVermeli" />
    </UnitTest>
    <UnitTest name="Enterprise.Shared.Storage.Tests.Services.ResimIslemeServisTestleri.ResimFormatiniDegistirAsync_JpegdenWebp_WebpDondururMeli" storage="/home/onur/desktop/platformv1/src/shared/enterprise.shared.storage.tests/bin/debug/net8.0/enterprise.shared.storage.tests.dll" id="00d1ae19-1e33-a988-217e-102646f74288">
      <Execution id="92ed80a5-8982-443d-b464-86aec7b30db3" />
      <TestMethod codeBase="/home/onur/Desktop/PlatformV1/src/Shared/Enterprise.Shared.Storage.Tests/bin/Debug/net8.0/Enterprise.Shared.Storage.Tests.dll" adapterTypeName="executor://xunit/VsTestRunner2/netcoreapp" className="Enterprise.Shared.Storage.Tests.Services.ResimIslemeServisTestleri" name="ResimFormatiniDegistirAsync_JpegdenWebp_WebpDondururMeli" />
    </UnitTest>
    <UnitTest name="Enterprise.Shared.Storage.Tests.Services.DosyaValidasyonServisTestleri.ValidateAsync_UzunDosyaAdi_HataVermeliMeli" storage="/home/onur/desktop/platformv1/src/shared/enterprise.shared.storage.tests/bin/debug/net8.0/enterprise.shared.storage.tests.dll" id="f05caa87-f69e-b71e-3668-ed6af5dc5a8c">
      <Execution id="ed8b8672-8fd6-4fd8-afac-16e5215d2d33" />
      <TestMethod codeBase="/home/onur/Desktop/PlatformV1/src/Shared/Enterprise.Shared.Storage.Tests/bin/Debug/net8.0/Enterprise.Shared.Storage.Tests.dll" adapterTypeName="executor://xunit/VsTestRunner2/netcoreapp" className="Enterprise.Shared.Storage.Tests.Services.DosyaValidasyonServisTestleri" name="ValidateAsync_UzunDosyaAdi_HataVermeliMeli" />
    </UnitTest>
    <UnitTest name="Enterprise.Shared.Storage.Tests.Models.StorageModelsTests.YedekBilgisi_DefaultConstructor_PropertilerBaslatilmali" storage="/home/onur/desktop/platformv1/src/shared/enterprise.shared.storage.tests/bin/debug/net8.0/enterprise.shared.storage.tests.dll" id="fa73ac31-f989-94e7-97d6-5698892d9422">
      <Execution id="ba1dae21-e711-4d23-bac3-9b2987f30a0c" />
      <TestMethod codeBase="/home/onur/Desktop/PlatformV1/src/Shared/Enterprise.Shared.Storage.Tests/bin/Debug/net8.0/Enterprise.Shared.Storage.Tests.dll" adapterTypeName="executor://xunit/VsTestRunner2/netcoreapp" className="Enterprise.Shared.Storage.Tests.Models.StorageModelsTests" name="YedekBilgisi_DefaultConstructor_PropertilerBaslatilmali" />
    </UnitTest>
    <UnitTest name="Enterprise.Shared.Storage.Tests.Extensions.DepolamaServisiFactoryTests.CreateStorageService_NullProvider_DefaultServiceDondurmeli" storage="/home/onur/desktop/platformv1/src/shared/enterprise.shared.storage.tests/bin/debug/net8.0/enterprise.shared.storage.tests.dll" id="c785965f-54f5-0958-d1b3-031adc08431b">
      <Execution id="aac3baf9-a74b-4012-9fca-a4c83190e22a" />
      <TestMethod codeBase="/home/onur/Desktop/PlatformV1/src/Shared/Enterprise.Shared.Storage.Tests/bin/Debug/net8.0/Enterprise.Shared.Storage.Tests.dll" adapterTypeName="executor://xunit/VsTestRunner2/netcoreapp" className="Enterprise.Shared.Storage.Tests.Extensions.DepolamaServisiFactoryTests" name="CreateStorageService_NullProvider_DefaultServiceDondurmeli" />
    </UnitTest>
    <UnitTest name="Enterprise.Shared.Storage.Tests.Services.DosyaValidasyonServisTestleri.ValidateAsync_GecersizKarakterler_HataVermeliMeli(dosyaAdi: &quot;test\0file.txt&quot;)" storage="/home/onur/desktop/platformv1/src/shared/enterprise.shared.storage.tests/bin/debug/net8.0/enterprise.shared.storage.tests.dll" id="7950db2f-ae36-eb6b-1adb-1b59e02a39cd">
      <Execution id="2cc7d5c0-0fdf-47f1-89b5-dd1630316d81" />
      <TestMethod codeBase="/home/onur/Desktop/PlatformV1/src/Shared/Enterprise.Shared.Storage.Tests/bin/Debug/net8.0/Enterprise.Shared.Storage.Tests.dll" adapterTypeName="executor://xunit/VsTestRunner2/netcoreapp" className="Enterprise.Shared.Storage.Tests.Services.DosyaValidasyonServisTestleri" name="ValidateAsync_GecersizKarakterler_HataVermeliMeli" />
    </UnitTest>
    <UnitTest name="Enterprise.Shared.Storage.Tests.Models.StorageModelsTests.GuvenlikAyarlari_BosAllowedExtensions_ValidasyonHatasiVermeli(extension: &quot;   &quot;)" storage="/home/onur/desktop/platformv1/src/shared/enterprise.shared.storage.tests/bin/debug/net8.0/enterprise.shared.storage.tests.dll" id="be82b51c-3be8-bcc0-0e3f-6e24abe28fed">
      <Execution id="03377502-80fb-42dc-8c47-67cb9b4192e5" />
      <TestMethod codeBase="/home/onur/Desktop/PlatformV1/src/Shared/Enterprise.Shared.Storage.Tests/bin/Debug/net8.0/Enterprise.Shared.Storage.Tests.dll" adapterTypeName="executor://xunit/VsTestRunner2/netcoreapp" className="Enterprise.Shared.Storage.Tests.Models.StorageModelsTests" name="GuvenlikAyarlari_BosAllowedExtensions_ValidasyonHatasiVermeli" />
    </UnitTest>
    <UnitTest name="Enterprise.Shared.Storage.Tests.Extensions.ServiceCollectionExtensionsTests.GetStorageSettings_GecerliKonfigürasyon_AyarlariDondururMeli" storage="/home/onur/desktop/platformv1/src/shared/enterprise.shared.storage.tests/bin/debug/net8.0/enterprise.shared.storage.tests.dll" id="c8a7a4b8-68dc-6d4c-01fc-9f5efada5ae5">
      <Execution id="99806e9d-5d8b-4977-a7c8-274810a95fee" />
      <TestMethod codeBase="/home/onur/Desktop/PlatformV1/src/Shared/Enterprise.Shared.Storage.Tests/bin/Debug/net8.0/Enterprise.Shared.Storage.Tests.dll" adapterTypeName="executor://xunit/VsTestRunner2/netcoreapp" className="Enterprise.Shared.Storage.Tests.Extensions.ServiceCollectionExtensionsTests" name="GetStorageSettings_GecerliKonfigürasyon_AyarlariDondururMeli" />
    </UnitTest>
    <UnitTest name="Enterprise.Shared.Storage.Tests.Services.DosyaValidasyonServisTestleri.ValidateAsync_GecerliDosya_BasariliSonucDondururMeli" storage="/home/onur/desktop/platformv1/src/shared/enterprise.shared.storage.tests/bin/debug/net8.0/enterprise.shared.storage.tests.dll" id="ecf06a14-ada8-ce31-dbf3-612d3b2c4fdd">
      <Execution id="254f0587-7574-4c98-8e61-7179401831ff" />
      <TestMethod codeBase="/home/onur/Desktop/PlatformV1/src/Shared/Enterprise.Shared.Storage.Tests/bin/Debug/net8.0/Enterprise.Shared.Storage.Tests.dll" adapterTypeName="executor://xunit/VsTestRunner2/netcoreapp" className="Enterprise.Shared.Storage.Tests.Services.DosyaValidasyonServisTestleri" name="ValidateAsync_GecerliDosya_BasariliSonucDondururMeli" />
    </UnitTest>
    <UnitTest name="Enterprise.Shared.Storage.Tests.Services.VirusTarayiciServisTestleri.TaraAsync_BuyukDosya_SuspheliSonucuVermeli" storage="/home/onur/desktop/platformv1/src/shared/enterprise.shared.storage.tests/bin/debug/net8.0/enterprise.shared.storage.tests.dll" id="f8298d54-baa5-d2dc-db6d-c9ef0bf1832a">
      <Execution id="e6d0e91a-611a-4484-beb1-11735bd66cfa" />
      <TestMethod codeBase="/home/onur/Desktop/PlatformV1/src/Shared/Enterprise.Shared.Storage.Tests/bin/Debug/net8.0/Enterprise.Shared.Storage.Tests.dll" adapterTypeName="executor://xunit/VsTestRunner2/netcoreapp" className="Enterprise.Shared.Storage.Tests.Services.VirusTarayiciServisTestleri" name="TaraAsync_BuyukDosya_SuspheliSonucuVermeli" />
    </UnitTest>
    <UnitTest name="Enterprise.Shared.Storage.Tests.Models.StorageModelsTests.ValidationResult_AddInfo_InfoEklenmeli" storage="/home/onur/desktop/platformv1/src/shared/enterprise.shared.storage.tests/bin/debug/net8.0/enterprise.shared.storage.tests.dll" id="79cfc419-cc18-83db-6883-06584171e046">
      <Execution id="5f9e3050-1815-4884-a919-9940226559f0" />
      <TestMethod codeBase="/home/onur/Desktop/PlatformV1/src/Shared/Enterprise.Shared.Storage.Tests/bin/Debug/net8.0/Enterprise.Shared.Storage.Tests.dll" adapterTypeName="executor://xunit/VsTestRunner2/netcoreapp" className="Enterprise.Shared.Storage.Tests.Models.StorageModelsTests" name="ValidationResult_AddInfo_InfoEklenmeli" />
    </UnitTest>
    <UnitTest name="Enterprise.Shared.Storage.Tests.Services.VirusTarayiciServisTestleri.TaraAsync_FarkliDosyaBoyutlari_UygunSonucVermeli(dosyaBoyutu: 0)" storage="/home/onur/desktop/platformv1/src/shared/enterprise.shared.storage.tests/bin/debug/net8.0/enterprise.shared.storage.tests.dll" id="14f66f59-ce3c-9807-2426-71130979e6d4">
      <Execution id="c2ba1050-4e86-4389-bc48-bdd30e663cde" />
      <TestMethod codeBase="/home/onur/Desktop/PlatformV1/src/Shared/Enterprise.Shared.Storage.Tests/bin/Debug/net8.0/Enterprise.Shared.Storage.Tests.dll" adapterTypeName="executor://xunit/VsTestRunner2/netcoreapp" className="Enterprise.Shared.Storage.Tests.Services.VirusTarayiciServisTestleri" name="TaraAsync_FarkliDosyaBoyutlari_UygunSonucVermeli" />
    </UnitTest>
    <UnitTest name="Enterprise.Shared.Storage.Tests.Services.VirusTarayiciServisTestleri.TaraAsync_KucukDosya_TemizSonucuVermeli" storage="/home/onur/desktop/platformv1/src/shared/enterprise.shared.storage.tests/bin/debug/net8.0/enterprise.shared.storage.tests.dll" id="aa616321-cac9-b063-562c-1b535b053cef">
      <Execution id="099a683b-0818-4a11-9541-1ac7003b6bb9" />
      <TestMethod codeBase="/home/onur/Desktop/PlatformV1/src/Shared/Enterprise.Shared.Storage.Tests/bin/Debug/net8.0/Enterprise.Shared.Storage.Tests.dll" adapterTypeName="executor://xunit/VsTestRunner2/netcoreapp" className="Enterprise.Shared.Storage.Tests.Services.VirusTarayiciServisTestleri" name="TaraAsync_KucukDosya_TemizSonucuVermeli" />
    </UnitTest>
    <UnitTest name="Enterprise.Shared.Storage.Tests.Models.StorageModelsTests.ValidationResult_Success_BasariliSonucOlusturmali" storage="/home/onur/desktop/platformv1/src/shared/enterprise.shared.storage.tests/bin/debug/net8.0/enterprise.shared.storage.tests.dll" id="6725ca6e-2db4-d52b-666e-c5c0c5700fbf">
      <Execution id="e77eaf48-29c5-4ecd-b16e-e67ef614f470" />
      <TestMethod codeBase="/home/onur/Desktop/PlatformV1/src/Shared/Enterprise.Shared.Storage.Tests/bin/Debug/net8.0/Enterprise.Shared.Storage.Tests.dll" adapterTypeName="executor://xunit/VsTestRunner2/netcoreapp" className="Enterprise.Shared.Storage.Tests.Models.StorageModelsTests" name="ValidationResult_Success_BasariliSonucOlusturmali" />
    </UnitTest>
    <UnitTest name="Enterprise.Shared.Storage.Tests.Extensions.ServiceCollectionExtensionsTests.HasStorageSettings_KonfigürasyonYok_FalseDondurmeli" storage="/home/onur/desktop/platformv1/src/shared/enterprise.shared.storage.tests/bin/debug/net8.0/enterprise.shared.storage.tests.dll" id="3932fc5c-8a7d-db96-142c-68fffa2dd87c">
      <Execution id="2b2481de-d947-4661-b12b-de054ef82f26" />
      <TestMethod codeBase="/home/onur/Desktop/PlatformV1/src/Shared/Enterprise.Shared.Storage.Tests/bin/Debug/net8.0/Enterprise.Shared.Storage.Tests.dll" adapterTypeName="executor://xunit/VsTestRunner2/netcoreapp" className="Enterprise.Shared.Storage.Tests.Extensions.ServiceCollectionExtensionsTests" name="HasStorageSettings_KonfigürasyonYok_FalseDondurmeli" />
    </UnitTest>
    <UnitTest name="Enterprise.Shared.Storage.Tests.Services.DosyaValidasyonServisTestleri.ValidateAsync_GeçersizDosyaAdi_HataVermeliMeli(dosyaAdi: null)" storage="/home/onur/desktop/platformv1/src/shared/enterprise.shared.storage.tests/bin/debug/net8.0/enterprise.shared.storage.tests.dll" id="e7892a4f-a7f9-4559-9176-4da4301dff02">
      <Execution id="22fc01bc-f952-433c-b6f0-6892dbe197c4" />
      <TestMethod codeBase="/home/onur/Desktop/PlatformV1/src/Shared/Enterprise.Shared.Storage.Tests/bin/Debug/net8.0/Enterprise.Shared.Storage.Tests.dll" adapterTypeName="executor://xunit/VsTestRunner2/netcoreapp" className="Enterprise.Shared.Storage.Tests.Services.DosyaValidasyonServisTestleri" name="ValidateAsync_GeçersizDosyaAdi_HataVermeliMeli" />
    </UnitTest>
    <UnitTest name="Enterprise.Shared.Storage.Tests.Models.StorageModelsTests.ValidationResult_AddWarning_WarningEklenmeli" storage="/home/onur/desktop/platformv1/src/shared/enterprise.shared.storage.tests/bin/debug/net8.0/enterprise.shared.storage.tests.dll" id="3da88a3e-b6f5-d800-66e5-348fb3505fed">
      <Execution id="4a03aac2-5750-4c4d-a33d-6edc8602f85a" />
      <TestMethod codeBase="/home/onur/Desktop/PlatformV1/src/Shared/Enterprise.Shared.Storage.Tests/bin/Debug/net8.0/Enterprise.Shared.Storage.Tests.dll" adapterTypeName="executor://xunit/VsTestRunner2/netcoreapp" className="Enterprise.Shared.Storage.Tests.Models.StorageModelsTests" name="ValidationResult_AddWarning_WarningEklenmeli" />
    </UnitTest>
    <UnitTest name="Enterprise.Shared.Storage.Tests.Models.StorageModelsTests.ValidationResult_AddError_ErrorEklenmeli" storage="/home/onur/desktop/platformv1/src/shared/enterprise.shared.storage.tests/bin/debug/net8.0/enterprise.shared.storage.tests.dll" id="238d6161-d560-b29b-9b2b-f26a292d411e">
      <Execution id="82982a61-1785-43f1-861c-127fe14dd531" />
      <TestMethod codeBase="/home/onur/Desktop/PlatformV1/src/Shared/Enterprise.Shared.Storage.Tests/bin/Debug/net8.0/Enterprise.Shared.Storage.Tests.dll" adapterTypeName="executor://xunit/VsTestRunner2/netcoreapp" className="Enterprise.Shared.Storage.Tests.Models.StorageModelsTests" name="ValidationResult_AddError_ErrorEklenmeli" />
    </UnitTest>
    <UnitTest name="Enterprise.Shared.Storage.Tests.Extensions.ServiceCollectionExtensionsTests.AddClamAVVirusScanner_Ayarlar_VirusServisiveHttpClientEklenmeli" storage="/home/onur/desktop/platformv1/src/shared/enterprise.shared.storage.tests/bin/debug/net8.0/enterprise.shared.storage.tests.dll" id="975bb357-e96e-64a7-408f-e212511c9c2e">
      <Execution id="17e3faa7-e995-4e09-ba6e-ffa4d704f7d8" />
      <TestMethod codeBase="/home/onur/Desktop/PlatformV1/src/Shared/Enterprise.Shared.Storage.Tests/bin/Debug/net8.0/Enterprise.Shared.Storage.Tests.dll" adapterTypeName="executor://xunit/VsTestRunner2/netcoreapp" className="Enterprise.Shared.Storage.Tests.Extensions.ServiceCollectionExtensionsTests" name="AddClamAVVirusScanner_Ayarlar_VirusServisiveHttpClientEklenmeli" />
    </UnitTest>
    <UnitTest name="Enterprise.Shared.Storage.Tests.Models.StorageModelsTests.DosyaYuklemeIstegi_ValidModel_ValidationPassed" storage="/home/onur/desktop/platformv1/src/shared/enterprise.shared.storage.tests/bin/debug/net8.0/enterprise.shared.storage.tests.dll" id="050f5418-717c-0616-f15d-60ec01d72cca">
      <Execution id="a56227e7-a3c3-4d31-bd48-5ecd9eea6ca2" />
      <TestMethod codeBase="/home/onur/Desktop/PlatformV1/src/Shared/Enterprise.Shared.Storage.Tests/bin/Debug/net8.0/Enterprise.Shared.Storage.Tests.dll" adapterTypeName="executor://xunit/VsTestRunner2/netcoreapp" className="Enterprise.Shared.Storage.Tests.Models.StorageModelsTests" name="DosyaYuklemeIstegi_ValidModel_ValidationPassed" />
    </UnitTest>
    <UnitTest name="Enterprise.Shared.Storage.Tests.Services.VirusTarayiciServisTestleri.TaraAsync_FarkliDosyaBoyutlari_UygunSonucVermeli(dosyaBoyutu: 500)" storage="/home/onur/desktop/platformv1/src/shared/enterprise.shared.storage.tests/bin/debug/net8.0/enterprise.shared.storage.tests.dll" id="5b952f12-da7a-60a0-2d0b-adb17c4e2527">
      <Execution id="a9613084-f008-4e19-82ac-6b86eafcc284" />
      <TestMethod codeBase="/home/onur/Desktop/PlatformV1/src/Shared/Enterprise.Shared.Storage.Tests/bin/Debug/net8.0/Enterprise.Shared.Storage.Tests.dll" adapterTypeName="executor://xunit/VsTestRunner2/netcoreapp" className="Enterprise.Shared.Storage.Tests.Services.VirusTarayiciServisTestleri" name="TaraAsync_FarkliDosyaBoyutlari_UygunSonucVermeli" />
    </UnitTest>
    <UnitTest name="Enterprise.Shared.Storage.Tests.Services.VirusTarayiciServisTestleri.SaglikliMiAsync_MockServis_HepSaglikliDondurmeli" storage="/home/onur/desktop/platformv1/src/shared/enterprise.shared.storage.tests/bin/debug/net8.0/enterprise.shared.storage.tests.dll" id="f711a204-d998-0916-98b3-93660763166b">
      <Execution id="675f2f66-066e-44f1-9958-8c34a8d3aa72" />
      <TestMethod codeBase="/home/onur/Desktop/PlatformV1/src/Shared/Enterprise.Shared.Storage.Tests/bin/Debug/net8.0/Enterprise.Shared.Storage.Tests.dll" adapterTypeName="executor://xunit/VsTestRunner2/netcoreapp" className="Enterprise.Shared.Storage.Tests.Services.VirusTarayiciServisTestleri" name="SaglikliMiAsync_MockServis_HepSaglikliDondurmeli" />
    </UnitTest>
    <UnitTest name="Enterprise.Shared.Storage.Tests.Services.ResimIslemeServisTestleri.ResimDosyasiMi_FarkliIcerikTurleri_DogruSonucVermeli(icerikTuru: &quot;image/webp&quot;, beklenenSonuc: True)" storage="/home/onur/desktop/platformv1/src/shared/enterprise.shared.storage.tests/bin/debug/net8.0/enterprise.shared.storage.tests.dll" id="9ff69c44-faa5-e60c-d71c-2cfcdff220ca">
      <Execution id="b28d251c-5e64-41b9-b13a-2782ec9ff61d" />
      <TestMethod codeBase="/home/onur/Desktop/PlatformV1/src/Shared/Enterprise.Shared.Storage.Tests/bin/Debug/net8.0/Enterprise.Shared.Storage.Tests.dll" adapterTypeName="executor://xunit/VsTestRunner2/netcoreapp" className="Enterprise.Shared.Storage.Tests.Services.ResimIslemeServisTestleri" name="ResimDosyasiMi_FarkliIcerikTurleri_DogruSonucVermeli" />
    </UnitTest>
    <UnitTest name="Enterprise.Shared.Storage.Tests.Models.StorageModelsTests.YedekTipi_GecerliDegerler_EnumDegerleriTanimliOlmali(tip: DifferansiyalYedek)" storage="/home/onur/desktop/platformv1/src/shared/enterprise.shared.storage.tests/bin/debug/net8.0/enterprise.shared.storage.tests.dll" id="272b23ff-f63d-4eb8-3096-16de66a4efef">
      <Execution id="ed0c70a8-2e89-446f-92b6-047fb0734109" />
      <TestMethod codeBase="/home/onur/Desktop/PlatformV1/src/Shared/Enterprise.Shared.Storage.Tests/bin/Debug/net8.0/Enterprise.Shared.Storage.Tests.dll" adapterTypeName="executor://xunit/VsTestRunner2/netcoreapp" className="Enterprise.Shared.Storage.Tests.Models.StorageModelsTests" name="YedekTipi_GecerliDegerler_EnumDegerleriTanimliOlmali" />
    </UnitTest>
    <UnitTest name="Enterprise.Shared.Storage.Tests.Models.StorageModelsTests.GuvenlikAyarlari_BosAllowedExtensions_ValidasyonHatasiVermeli(extension: &quot;&quot;)" storage="/home/onur/desktop/platformv1/src/shared/enterprise.shared.storage.tests/bin/debug/net8.0/enterprise.shared.storage.tests.dll" id="4c92c0a2-9077-a097-915f-460bf7eda0c3">
      <Execution id="cfd6055e-cb6a-4bc7-ad14-b48cc80d31db" />
      <TestMethod codeBase="/home/onur/Desktop/PlatformV1/src/Shared/Enterprise.Shared.Storage.Tests/bin/Debug/net8.0/Enterprise.Shared.Storage.Tests.dll" adapterTypeName="executor://xunit/VsTestRunner2/netcoreapp" className="Enterprise.Shared.Storage.Tests.Models.StorageModelsTests" name="GuvenlikAyarlari_BosAllowedExtensions_ValidasyonHatasiVermeli" />
    </UnitTest>
    <UnitTest name="Enterprise.Shared.Storage.Tests.Services.ResimIslemeServisTestleri.ResimDosyasiMi_FarkliIcerikTurleri_DogruSonucVermeli(icerikTuru: &quot;image/jpeg&quot;, beklenenSonuc: True)" storage="/home/onur/desktop/platformv1/src/shared/enterprise.shared.storage.tests/bin/debug/net8.0/enterprise.shared.storage.tests.dll" id="5522037e-e5a0-021b-d0b7-c7d234eb0f03">
      <Execution id="5a37a0a0-5618-453b-a86a-0fd49c32966c" />
      <TestMethod codeBase="/home/onur/Desktop/PlatformV1/src/Shared/Enterprise.Shared.Storage.Tests/bin/Debug/net8.0/Enterprise.Shared.Storage.Tests.dll" adapterTypeName="executor://xunit/VsTestRunner2/netcoreapp" className="Enterprise.Shared.Storage.Tests.Services.ResimIslemeServisTestleri" name="ResimDosyasiMi_FarkliIcerikTurleri_DogruSonucVermeli" />
    </UnitTest>
    <UnitTest name="Enterprise.Shared.Storage.Tests.Extensions.ServiceCollectionExtensionsTests.AddMockVirusScanner_MockServisEklenmeli" storage="/home/onur/desktop/platformv1/src/shared/enterprise.shared.storage.tests/bin/debug/net8.0/enterprise.shared.storage.tests.dll" id="cf8667da-b6a3-bb34-46c4-02e50a6f4aa1">
      <Execution id="b4368b74-af24-4e59-bc44-dca029caa893" />
      <TestMethod codeBase="/home/onur/Desktop/PlatformV1/src/Shared/Enterprise.Shared.Storage.Tests/bin/Debug/net8.0/Enterprise.Shared.Storage.Tests.dll" adapterTypeName="executor://xunit/VsTestRunner2/netcoreapp" className="Enterprise.Shared.Storage.Tests.Extensions.ServiceCollectionExtensionsTests" name="AddMockVirusScanner_MockServisEklenmeli" />
    </UnitTest>
    <UnitTest name="Enterprise.Shared.Storage.Tests.Services.DosyaValidasyonServisTestleri.ValidateAsync_GeçersizDosyaAdi_HataVermeliMeli(dosyaAdi: &quot;&quot;)" storage="/home/onur/desktop/platformv1/src/shared/enterprise.shared.storage.tests/bin/debug/net8.0/enterprise.shared.storage.tests.dll" id="1cd0370b-9adf-338b-b1eb-b461a43afc4c">
      <Execution id="fc5dffc4-11a3-45ec-8d7e-3979c52bebae" />
      <TestMethod codeBase="/home/onur/Desktop/PlatformV1/src/Shared/Enterprise.Shared.Storage.Tests/bin/Debug/net8.0/Enterprise.Shared.Storage.Tests.dll" adapterTypeName="executor://xunit/VsTestRunner2/netcoreapp" className="Enterprise.Shared.Storage.Tests.Services.DosyaValidasyonServisTestleri" name="ValidateAsync_GeçersizDosyaAdi_HataVermeliMeli" />
    </UnitTest>
    <UnitTest name="Enterprise.Shared.Storage.Tests.Services.VirusTarayiciServisTestleri.TaraAsync_CancellationToken_IptalEdildigindeOperationCanceledFirlatmali" storage="/home/onur/desktop/platformv1/src/shared/enterprise.shared.storage.tests/bin/debug/net8.0/enterprise.shared.storage.tests.dll" id="e41f65a5-124b-abc8-1f30-3ea05e547824">
      <Execution id="5c7fba42-2e16-4d2f-9236-0084e3fdc42d" />
      <TestMethod codeBase="/home/onur/Desktop/PlatformV1/src/Shared/Enterprise.Shared.Storage.Tests/bin/Debug/net8.0/Enterprise.Shared.Storage.Tests.dll" adapterTypeName="executor://xunit/VsTestRunner2/netcoreapp" className="Enterprise.Shared.Storage.Tests.Services.VirusTarayiciServisTestleri" name="TaraAsync_CancellationToken_IptalEdildigindeOperationCanceledFirlatmali" />
    </UnitTest>
    <UnitTest name="Enterprise.Shared.Storage.Tests.Models.StorageModelsTests.ValidationResult_Failure_HataileFailureSonucuOlusturmali" storage="/home/onur/desktop/platformv1/src/shared/enterprise.shared.storage.tests/bin/debug/net8.0/enterprise.shared.storage.tests.dll" id="f7194480-9399-0052-3b84-846249066dbf">
      <Execution id="16e1eaf0-785e-4ad7-aa90-33fa1a1e1130" />
      <TestMethod codeBase="/home/onur/Desktop/PlatformV1/src/Shared/Enterprise.Shared.Storage.Tests/bin/Debug/net8.0/Enterprise.Shared.Storage.Tests.dll" adapterTypeName="executor://xunit/VsTestRunner2/netcoreapp" className="Enterprise.Shared.Storage.Tests.Models.StorageModelsTests" name="ValidationResult_Failure_HataileFailureSonucuOlusturmali" />
    </UnitTest>
    <UnitTest name="Enterprise.Shared.Storage.Tests.Models.StorageModelsTests.YedekTipi_GecerliDegerler_EnumDegerleriTanimliOlmali(tip: TamYedek)" storage="/home/onur/desktop/platformv1/src/shared/enterprise.shared.storage.tests/bin/debug/net8.0/enterprise.shared.storage.tests.dll" id="a841b8c6-52fb-8406-beef-ffef5bf7c9f1">
      <Execution id="989e3e9f-bcdd-47f9-9c75-241423f83eab" />
      <TestMethod codeBase="/home/onur/Desktop/PlatformV1/src/Shared/Enterprise.Shared.Storage.Tests/bin/Debug/net8.0/Enterprise.Shared.Storage.Tests.dll" adapterTypeName="executor://xunit/VsTestRunner2/netcoreapp" className="Enterprise.Shared.Storage.Tests.Models.StorageModelsTests" name="YedekTipi_GecerliDegerler_EnumDegerleriTanimliOlmali" />
    </UnitTest>
    <UnitTest name="Enterprise.Shared.Storage.Tests.Services.VirusTarayiciServisTestleri.TemizMiAsync_HerDosya_TrueDondurmeli" storage="/home/onur/desktop/platformv1/src/shared/enterprise.shared.storage.tests/bin/debug/net8.0/enterprise.shared.storage.tests.dll" id="e03b5bdd-230d-53c3-fbcb-79212c2eceea">
      <Execution id="16b1e841-f6e3-4bb2-93b2-19ba023a05f7" />
      <TestMethod codeBase="/home/onur/Desktop/PlatformV1/src/Shared/Enterprise.Shared.Storage.Tests/bin/Debug/net8.0/Enterprise.Shared.Storage.Tests.dll" adapterTypeName="executor://xunit/VsTestRunner2/netcoreapp" className="Enterprise.Shared.Storage.Tests.Services.VirusTarayiciServisTestleri" name="TemizMiAsync_HerDosya_TrueDondurmeli" />
    </UnitTest>
    <UnitTest name="Enterprise.Shared.Storage.Tests.Services.ResimIslemeServisTestleri.ResimDosyasiMi_FarkliIcerikTurleri_DogruSonucVermeli(icerikTuru: &quot;text/plain&quot;, beklenenSonuc: False)" storage="/home/onur/desktop/platformv1/src/shared/enterprise.shared.storage.tests/bin/debug/net8.0/enterprise.shared.storage.tests.dll" id="ace63b21-b7f0-20d8-5d67-074f4026efd0">
      <Execution id="852d33bb-f386-4c7b-a750-f4d8f32ab046" />
      <TestMethod codeBase="/home/onur/Desktop/PlatformV1/src/Shared/Enterprise.Shared.Storage.Tests/bin/Debug/net8.0/Enterprise.Shared.Storage.Tests.dll" adapterTypeName="executor://xunit/VsTestRunner2/netcoreapp" className="Enterprise.Shared.Storage.Tests.Services.ResimIslemeServisTestleri" name="ResimDosyasiMi_FarkliIcerikTurleri_DogruSonucVermeli" />
    </UnitTest>
    <UnitTest name="Enterprise.Shared.Storage.Tests.Services.ResimIslemeServisTestleri.DesteklenenFormatlar_ListelenmisFormatlar_DogruFormatlariIcermeliMeli" storage="/home/onur/desktop/platformv1/src/shared/enterprise.shared.storage.tests/bin/debug/net8.0/enterprise.shared.storage.tests.dll" id="a60dd689-bb3d-0403-fed6-74ea9caff3d2">
      <Execution id="2e3d70b7-d34b-4625-ac90-5d391da65973" />
      <TestMethod codeBase="/home/onur/Desktop/PlatformV1/src/Shared/Enterprise.Shared.Storage.Tests/bin/Debug/net8.0/Enterprise.Shared.Storage.Tests.dll" adapterTypeName="executor://xunit/VsTestRunner2/netcoreapp" className="Enterprise.Shared.Storage.Tests.Services.ResimIslemeServisTestleri" name="DesteklenenFormatlar_ListelenmisFormatlar_DogruFormatlariIcermeliMeli" />
    </UnitTest>
    <UnitTest name="Enterprise.Shared.Storage.Tests.Extensions.ServiceCollectionExtensionsTests.AddMinIOStorage_OzelAyarlar_MinIOAyarlariGuncellenmeli" storage="/home/onur/desktop/platformv1/src/shared/enterprise.shared.storage.tests/bin/debug/net8.0/enterprise.shared.storage.tests.dll" id="2a3523ac-fdf5-c5b9-c307-497d28bb65f8">
      <Execution id="099b9726-d9bb-4c60-a4d9-35078071a5ee" />
      <TestMethod codeBase="/home/onur/Desktop/PlatformV1/src/Shared/Enterprise.Shared.Storage.Tests/bin/Debug/net8.0/Enterprise.Shared.Storage.Tests.dll" adapterTypeName="executor://xunit/VsTestRunner2/netcoreapp" className="Enterprise.Shared.Storage.Tests.Extensions.ServiceCollectionExtensionsTests" name="AddMinIOStorage_OzelAyarlar_MinIOAyarlariGuncellenmeli" />
    </UnitTest>
    <UnitTest name="Enterprise.Shared.Storage.Tests.Extensions.ServiceCollectionExtensionsTests.AddEnterpriseStorage_VarsayilanAyarlar_DefaultDegerlerleServislerEklenmeli" storage="/home/onur/desktop/platformv1/src/shared/enterprise.shared.storage.tests/bin/debug/net8.0/enterprise.shared.storage.tests.dll" id="d2c34e9e-d124-d5ac-2582-481d1b778665">
      <Execution id="c80d79de-4748-4516-bd5b-67f85b78e98a" />
      <TestMethod codeBase="/home/onur/Desktop/PlatformV1/src/Shared/Enterprise.Shared.Storage.Tests/bin/Debug/net8.0/Enterprise.Shared.Storage.Tests.dll" adapterTypeName="executor://xunit/VsTestRunner2/netcoreapp" className="Enterprise.Shared.Storage.Tests.Extensions.ServiceCollectionExtensionsTests" name="AddEnterpriseStorage_VarsayilanAyarlar_DefaultDegerlerleServislerEklenmeli" />
    </UnitTest>
  </TestDefinitions>
  <TestEntries>
    <TestEntry testId="e03b5bdd-230d-53c3-fbcb-79212c2eceea" executionId="16b1e841-f6e3-4bb2-93b2-19ba023a05f7" testListId="8c84fa94-04c1-424b-9868-57a2d4851a1d" />
    <TestEntry testId="f8ea8402-12b5-9b66-aba4-1b9181b3d22f" executionId="63403f8f-8c59-47ce-bd0f-d002b1e9b010" testListId="8c84fa94-04c1-424b-9868-57a2d4851a1d" />
    <TestEntry testId="6b10ae76-054b-2eef-8d5d-e6115f7b869b" executionId="91b7d4dc-9c1c-4e83-8ebb-1ac6d76813f1" testListId="8c84fa94-04c1-424b-9868-57a2d4851a1d" />
    <TestEntry testId="f7194480-9399-0052-3b84-846249066dbf" executionId="16e1eaf0-785e-4ad7-aa90-33fa1a1e1130" testListId="8c84fa94-04c1-424b-9868-57a2d4851a1d" />
    <TestEntry testId="272b23ff-f63d-4eb8-3096-16de66a4efef" executionId="ed0c70a8-2e89-446f-92b6-047fb0734109" testListId="8c84fa94-04c1-424b-9868-57a2d4851a1d" />
    <TestEntry testId="975bb357-e96e-64a7-408f-e212511c9c2e" executionId="17e3faa7-e995-4e09-ba6e-ffa4d704f7d8" testListId="8c84fa94-04c1-424b-9868-57a2d4851a1d" />
    <TestEntry testId="ccbf1a1c-bb15-00d8-6c30-83490d79c7a4" executionId="72991d2c-bbe7-4a18-a007-bbebab62c224" testListId="8c84fa94-04c1-424b-9868-57a2d4851a1d" />
    <TestEntry testId="057adc5d-b9c7-9ec4-b79a-8781edbe539f" executionId="7797b626-0347-46db-9ac5-2ffbe4fc8fab" testListId="8c84fa94-04c1-424b-9868-57a2d4851a1d" />
    <TestEntry testId="01e9ce06-687f-1328-629f-877fb3d6b1de" executionId="37a59382-9ca8-4097-b77b-293287502807" testListId="8c84fa94-04c1-424b-9868-57a2d4851a1d" />
    <TestEntry testId="79cfc419-cc18-83db-6883-06584171e046" executionId="5f9e3050-1815-4884-a919-9940226559f0" testListId="8c84fa94-04c1-424b-9868-57a2d4851a1d" />
    <TestEntry testId="61fd8226-7b52-b909-bd0a-4672fb4bf31b" executionId="cc785ab1-4660-4960-bf91-2a54e2080797" testListId="8c84fa94-04c1-424b-9868-57a2d4851a1d" />
    <TestEntry testId="5b952f12-da7a-60a0-2d0b-adb17c4e2527" executionId="a9613084-f008-4e19-82ac-6b86eafcc284" testListId="8c84fa94-04c1-424b-9868-57a2d4851a1d" />
    <TestEntry testId="c8a7a4b8-68dc-6d4c-01fc-9f5efada5ae5" executionId="99806e9d-5d8b-4977-a7c8-274810a95fee" testListId="8c84fa94-04c1-424b-9868-57a2d4851a1d" />
    <TestEntry testId="ac2cb801-acd3-e8d1-6e82-b6d4b1b48910" executionId="20b6c232-f8ac-4697-9c9e-a43efbd203c5" testListId="8c84fa94-04c1-424b-9868-57a2d4851a1d" />
    <TestEntry testId="36bf94e8-b2fb-7995-11dd-0edf10cf9046" executionId="13a75cbf-1676-4b53-ae0a-9770c388634e" testListId="8c84fa94-04c1-424b-9868-57a2d4851a1d" />
    <TestEntry testId="52a39535-f531-efc2-9989-54e8da844dd6" executionId="4bdd827f-51d2-4159-9a0a-479bd9bb1386" testListId="8c84fa94-04c1-424b-9868-57a2d4851a1d" />
    <TestEntry testId="d5c68c46-c896-a96f-a99c-e12ce7f25031" executionId="f1a2e0c8-b9be-4adf-a1e5-2e9af564f258" testListId="8c84fa94-04c1-424b-9868-57a2d4851a1d" />
    <TestEntry testId="cf8667da-b6a3-bb34-46c4-02e50a6f4aa1" executionId="b4368b74-af24-4e59-bc44-dca029caa893" testListId="8c84fa94-04c1-424b-9868-57a2d4851a1d" />
    <TestEntry testId="fa73ac31-f989-94e7-97d6-5698892d9422" executionId="ba1dae21-e711-4d23-bac3-9b2987f30a0c" testListId="8c84fa94-04c1-424b-9868-57a2d4851a1d" />
    <TestEntry testId="90d351de-9252-a77d-cb14-a74503773f9c" executionId="ff205aa3-23d2-4758-b449-9a70575f19e7" testListId="8c84fa94-04c1-424b-9868-57a2d4851a1d" />
    <TestEntry testId="e7892a4f-a7f9-4559-9176-4da4301dff02" executionId="22fc01bc-f952-433c-b6f0-6892dbe197c4" testListId="8c84fa94-04c1-424b-9868-57a2d4851a1d" />
    <TestEntry testId="66e4263d-a33f-9f76-5248-e0ea0462567e" executionId="300c2b43-fca7-4ed2-ae75-2ad00635c7c6" testListId="8c84fa94-04c1-424b-9868-57a2d4851a1d" />
    <TestEntry testId="340b429b-cb7c-f1cb-c7fd-563586b2e442" executionId="cabbe6ec-bd44-4f73-a9e4-158090c758b8" testListId="8c84fa94-04c1-424b-9868-57a2d4851a1d" />
    <TestEntry testId="81e8f42e-2b74-f5ee-0e5a-f94f93713110" executionId="8091b2f3-20cf-4993-8065-aece6d806dd6" testListId="8c84fa94-04c1-424b-9868-57a2d4851a1d" />
    <TestEntry testId="6cd4aab2-0a9a-d20f-25d8-3ba767ab2bf5" executionId="a70415ab-268c-4bca-8a57-0c31ce472970" testListId="8c84fa94-04c1-424b-9868-57a2d4851a1d" />
    <TestEntry testId="9ff69c44-faa5-e60c-d71c-2cfcdff220ca" executionId="b28d251c-5e64-41b9-b13a-2782ec9ff61d" testListId="8c84fa94-04c1-424b-9868-57a2d4851a1d" />
    <TestEntry testId="1ebb3d19-c1f5-6337-c253-fab534601faf" executionId="adb7b6cc-2e37-40a1-9306-30e35fdaf75d" testListId="8c84fa94-04c1-424b-9868-57a2d4851a1d" />
    <TestEntry testId="3da88a3e-b6f5-d800-66e5-348fb3505fed" executionId="4a03aac2-5750-4c4d-a33d-6edc8602f85a" testListId="8c84fa94-04c1-424b-9868-57a2d4851a1d" />
    <TestEntry testId="aa616321-cac9-b063-562c-1b535b053cef" executionId="099a683b-0818-4a11-9541-1ac7003b6bb9" testListId="8c84fa94-04c1-424b-9868-57a2d4851a1d" />
    <TestEntry testId="5fce9f5b-44f5-4e68-b548-4157a52c2c21" executionId="49eed3cb-dc9f-4d5e-83ed-4bffecf4d648" testListId="8c84fa94-04c1-424b-9868-57a2d4851a1d" />
    <TestEntry testId="14f66f59-ce3c-9807-2426-71130979e6d4" executionId="c2ba1050-4e86-4389-bc48-bdd30e663cde" testListId="8c84fa94-04c1-424b-9868-57a2d4851a1d" />
    <TestEntry testId="e290abb5-4a4c-a6bc-7766-5c20f40d23f0" executionId="caaa360e-a0ab-4481-8d9c-1c53f29b4d61" testListId="8c84fa94-04c1-424b-9868-57a2d4851a1d" />
    <TestEntry testId="bf57b459-8be1-2213-c2f2-d0d3bb54333c" executionId="256f6e81-0efe-4b48-9cab-19e92e7a35a3" testListId="8c84fa94-04c1-424b-9868-57a2d4851a1d" />
    <TestEntry testId="d1e7751a-f78a-d6d6-e4d1-3b177d5d2849" executionId="755066fd-1de8-4096-a36f-de677176c2f1" testListId="8c84fa94-04c1-424b-9868-57a2d4851a1d" />
    <TestEntry testId="3e00b09b-68c1-faa6-6b39-9e8efa1da9eb" executionId="aeb5b452-a794-4e67-b0cb-8c8d85b0019b" testListId="8c84fa94-04c1-424b-9868-57a2d4851a1d" />
    <TestEntry testId="9507dc98-5599-be8a-b135-ace9c72db944" executionId="7a7cc26e-4219-4577-b3cd-c384a123b226" testListId="8c84fa94-04c1-424b-9868-57a2d4851a1d" />
    <TestEntry testId="050f5418-717c-0616-f15d-60ec01d72cca" executionId="a56227e7-a3c3-4d31-bd48-5ecd9eea6ca2" testListId="8c84fa94-04c1-424b-9868-57a2d4851a1d" />
    <TestEntry testId="d8edb4ad-4531-f937-2bac-550c98aef40e" executionId="4d8fe563-57a1-463d-83a1-fc1ceafbc170" testListId="8c84fa94-04c1-424b-9868-57a2d4851a1d" />
    <TestEntry testId="1c33ab4a-bd84-adef-0a00-ad253a33a66f" executionId="4909d335-48a4-4e6f-8d55-a9f2010cb510" testListId="8c84fa94-04c1-424b-9868-57a2d4851a1d" />
    <TestEntry testId="7288a54e-575a-a093-4ab8-963830294c29" executionId="f1f9fa0c-502b-41dc-a185-63779e31d764" testListId="8c84fa94-04c1-424b-9868-57a2d4851a1d" />
    <TestEntry testId="6eb99c4a-01bc-c2e9-d8c3-c10f390a5232" executionId="1b2ca080-077b-4ba7-9fec-0c53730ebdff" testListId="8c84fa94-04c1-424b-9868-57a2d4851a1d" />
    <TestEntry testId="5522037e-e5a0-021b-d0b7-c7d234eb0f03" executionId="5a37a0a0-5618-453b-a86a-0fd49c32966c" testListId="8c84fa94-04c1-424b-9868-57a2d4851a1d" />
    <TestEntry testId="c616ef4a-ff6a-726e-c8c2-0be8e6f710ca" executionId="ca23071a-bc4f-4d3f-9bbe-047fa43074be" testListId="8c84fa94-04c1-424b-9868-57a2d4851a1d" />
    <TestEntry testId="238d6161-d560-b29b-9b2b-f26a292d411e" executionId="82982a61-1785-43f1-861c-127fe14dd531" testListId="8c84fa94-04c1-424b-9868-57a2d4851a1d" />
    <TestEntry testId="09f5ecd5-ebcd-830b-3241-2228a9737c9d" executionId="e252721d-9211-416e-8064-a2bb39416b5d" testListId="8c84fa94-04c1-424b-9868-57a2d4851a1d" />
    <TestEntry testId="c785965f-54f5-0958-d1b3-031adc08431b" executionId="aac3baf9-a74b-4012-9fca-a4c83190e22a" testListId="8c84fa94-04c1-424b-9868-57a2d4851a1d" />
    <TestEntry testId="0cf4f303-b8ae-c881-1399-73c030b9a8c3" executionId="18c29340-a130-4a0a-86ee-485c9e799461" testListId="8c84fa94-04c1-424b-9868-57a2d4851a1d" />
    <TestEntry testId="ac0bc820-4f76-beb5-ec12-ae63c751fbef" executionId="36ef152a-30ce-4424-aa71-b833601515db" testListId="8c84fa94-04c1-424b-9868-57a2d4851a1d" />
    <TestEntry testId="f711a204-d998-0916-98b3-93660763166b" executionId="675f2f66-066e-44f1-9958-8c34a8d3aa72" testListId="8c84fa94-04c1-424b-9868-57a2d4851a1d" />
    <TestEntry testId="e41f65a5-124b-abc8-1f30-3ea05e547824" executionId="5c7fba42-2e16-4d2f-9236-0084e3fdc42d" testListId="8c84fa94-04c1-424b-9868-57a2d4851a1d" />
    <TestEntry testId="1c88859b-4113-0216-b2f3-2b25555ba917" executionId="3ef4e41c-f27d-405d-a421-593db8a0bc41" testListId="8c84fa94-04c1-424b-9868-57a2d4851a1d" />
    <TestEntry testId="51579947-a00a-89fd-8c29-c2c7b7c4f814" executionId="e75e5381-9f7c-42f3-a6c1-ca738dc5fec9" testListId="8c84fa94-04c1-424b-9868-57a2d4851a1d" />
    <TestEntry testId="a09e1861-d612-ccea-38e2-f226c6a5598f" executionId="8d96f51f-ac2b-40c3-820d-695c7ca39c8b" testListId="8c84fa94-04c1-424b-9868-57a2d4851a1d" />
    <TestEntry testId="3932fc5c-8a7d-db96-142c-68fffa2dd87c" executionId="2b2481de-d947-4661-b12b-de054ef82f26" testListId="8c84fa94-04c1-424b-9868-57a2d4851a1d" />
    <TestEntry testId="6725ca6e-2db4-d52b-666e-c5c0c5700fbf" executionId="e77eaf48-29c5-4ecd-b16e-e67ef614f470" testListId="8c84fa94-04c1-424b-9868-57a2d4851a1d" />
    <TestEntry testId="f8298d54-baa5-d2dc-db6d-c9ef0bf1832a" executionId="e6d0e91a-611a-4484-beb1-11735bd66cfa" testListId="8c84fa94-04c1-424b-9868-57a2d4851a1d" />
    <TestEntry testId="2b7d0b21-4591-5f61-149f-2d20880e8c4e" executionId="9807109e-5d10-42ec-bcb3-4502a4e8e597" testListId="8c84fa94-04c1-424b-9868-57a2d4851a1d" />
    <TestEntry testId="1cd0370b-9adf-338b-b1eb-b461a43afc4c" executionId="fc5dffc4-11a3-45ec-8d7e-3979c52bebae" testListId="8c84fa94-04c1-424b-9868-57a2d4851a1d" />
    <TestEntry testId="25e2a728-abcd-630a-d595-081c7325d260" executionId="f4851034-e757-46a3-acd2-59dceb008e56" testListId="8c84fa94-04c1-424b-9868-57a2d4851a1d" />
    <TestEntry testId="8c8453f3-1b9c-3bfc-7145-aa2819e3ff59" executionId="37ced254-4418-4c17-aac4-2908e3b7cb2b" testListId="8c84fa94-04c1-424b-9868-57a2d4851a1d" />
    <TestEntry testId="acfc01fa-94be-4bdb-e207-7fd8de9a95cd" executionId="ef92db44-4ee4-4d90-ba16-853a74786eb1" testListId="8c84fa94-04c1-424b-9868-57a2d4851a1d" />
    <TestEntry testId="f05caa87-f69e-b71e-3668-ed6af5dc5a8c" executionId="ed8b8672-8fd6-4fd8-afac-16e5215d2d33" testListId="8c84fa94-04c1-424b-9868-57a2d4851a1d" />
    <TestEntry testId="5c451b10-6d89-dedd-df26-8d95496c7669" executionId="edf243d3-cb6f-4be0-9a8e-5cd0585efa5a" testListId="8c84fa94-04c1-424b-9868-57a2d4851a1d" />
    <TestEntry testId="0e876ae0-e77c-4ca7-7879-98cd54300afa" executionId="39112158-c8a4-4ff4-aaea-c89b02904235" testListId="8c84fa94-04c1-424b-9868-57a2d4851a1d" />
    <TestEntry testId="1b49adf1-4016-2333-bfa5-3112e1389a5a" executionId="adc20962-c134-411d-99cd-9e87cd917e76" testListId="8c84fa94-04c1-424b-9868-57a2d4851a1d" />
    <TestEntry testId="7b36674a-6731-09c1-bb69-026aa2292060" executionId="05834bd8-7e61-4313-bd5f-0e0a810e99a2" testListId="8c84fa94-04c1-424b-9868-57a2d4851a1d" />
    <TestEntry testId="d2c34e9e-d124-d5ac-2582-481d1b778665" executionId="c80d79de-4748-4516-bd5b-67f85b78e98a" testListId="8c84fa94-04c1-424b-9868-57a2d4851a1d" />
    <TestEntry testId="1635d350-77c7-937d-5384-a1d89274fb26" executionId="eeb19acc-1657-45a3-8bc6-6df4d6678bfe" testListId="8c84fa94-04c1-424b-9868-57a2d4851a1d" />
    <TestEntry testId="be82b51c-3be8-bcc0-0e3f-6e24abe28fed" executionId="03377502-80fb-42dc-8c47-67cb9b4192e5" testListId="8c84fa94-04c1-424b-9868-57a2d4851a1d" />
    <TestEntry testId="ecf06a14-ada8-ce31-dbf3-612d3b2c4fdd" executionId="254f0587-7574-4c98-8e61-7179401831ff" testListId="8c84fa94-04c1-424b-9868-57a2d4851a1d" />
    <TestEntry testId="2a3523ac-fdf5-c5b9-c307-497d28bb65f8" executionId="099b9726-d9bb-4c60-a4d9-35078071a5ee" testListId="8c84fa94-04c1-424b-9868-57a2d4851a1d" />
    <TestEntry testId="a60dd689-bb3d-0403-fed6-74ea9caff3d2" executionId="2e3d70b7-d34b-4625-ac90-5d391da65973" testListId="8c84fa94-04c1-424b-9868-57a2d4851a1d" />
    <TestEntry testId="ace63b21-b7f0-20d8-5d67-074f4026efd0" executionId="852d33bb-f386-4c7b-a750-f4d8f32ab046" testListId="8c84fa94-04c1-424b-9868-57a2d4851a1d" />
    <TestEntry testId="00d1ae19-1e33-a988-217e-102646f74288" executionId="92ed80a5-8982-443d-b464-86aec7b30db3" testListId="8c84fa94-04c1-424b-9868-57a2d4851a1d" />
    <TestEntry testId="22df29ca-1919-bfd8-40d0-5cffe65d98c0" executionId="cd5a8039-14db-46bc-bfaf-e38be3b01785" testListId="8c84fa94-04c1-424b-9868-57a2d4851a1d" />
    <TestEntry testId="a841b8c6-52fb-8406-beef-ffef5bf7c9f1" executionId="989e3e9f-bcdd-47f9-9c75-241423f83eab" testListId="8c84fa94-04c1-424b-9868-57a2d4851a1d" />
    <TestEntry testId="8f242e89-bf70-67a6-4013-7e1bcb746ba1" executionId="979e288f-0fde-4c23-a346-795d8ccd05e7" testListId="8c84fa94-04c1-424b-9868-57a2d4851a1d" />
    <TestEntry testId="eec139e4-b8d2-4787-eec5-f37b72dfef14" executionId="15f45c45-3d02-4d76-af24-c56ff9134ee6" testListId="8c84fa94-04c1-424b-9868-57a2d4851a1d" />
    <TestEntry testId="4c92c0a2-9077-a097-915f-460bf7eda0c3" executionId="cfd6055e-cb6a-4bc7-ad14-b48cc80d31db" testListId="8c84fa94-04c1-424b-9868-57a2d4851a1d" />
    <TestEntry testId="172d5222-b9fc-660d-50b2-49274d6424c1" executionId="cd9a0c58-b6c9-400d-91cc-7bb02dc32b05" testListId="8c84fa94-04c1-424b-9868-57a2d4851a1d" />
    <TestEntry testId="7950db2f-ae36-eb6b-1adb-1b59e02a39cd" executionId="2cc7d5c0-0fdf-47f1-89b5-dd1630316d81" testListId="8c84fa94-04c1-424b-9868-57a2d4851a1d" />
  </TestEntries>
  <TestLists>
    <TestList name="Results Not in a List" id="8c84fa94-04c1-424b-9868-57a2d4851a1d" />
    <TestList name="All Loaded Results" id="19431567-8539-422a-85d7-44ee4e166bda" />
  </TestLists>
  <ResultSummary outcome="Failed">
    <Counters total="81" executed="81" passed="79" failed="2" error="0" timeout="0" aborted="0" inconclusive="0" passedButRunAborted="0" notRunnable="0" notExecuted="0" disconnected="0" warning="0" completed="0" inProgress="0" pending="0" />
    <Output>
      <StdOut>[xUnit.net 00:00:00.00] xUnit.net VSTest Adapter v2.4.5+1caef2f33e (64-bit .NET 8.0.19)
[xUnit.net 00:00:00.30]   Discovering: Enterprise.Shared.Storage.Tests
[xUnit.net 00:00:00.33]   Discovered:  Enterprise.Shared.Storage.Tests
[xUnit.net 00:00:00.33]   Starting:    Enterprise.Shared.Storage.Tests
[xUnit.net 00:00:00.48]       Expected sonuc.ErrorMessages {"Validasyon hatası: Object reference not set to an instance of an object."} to have an item matching x.Contains("Dosya adı").
[xUnit.net 00:00:00.48]       Stack Trace:
[xUnit.net 00:00:00.48]            at FluentAssertions.Execution.XUnit2TestFramework.Throw(String message)
[xUnit.net 00:00:00.48]            at FluentAssertions.Execution.TestFrameworkProvider.Throw(String message)
[xUnit.net 00:00:00.48]            at FluentAssertions.Execution.DefaultAssertionStrategy.HandleFailure(String message)
[xUnit.net 00:00:00.48]            at FluentAssertions.Execution.AssertionScope.FailWith(Func`1 failReasonFunc)
[xUnit.net 00:00:00.48]            at FluentAssertions.Execution.AssertionScope.FailWith(Func`1 failReasonFunc)
[xUnit.net 00:00:00.48]            at FluentAssertions.Execution.AssertionScope.FailWith(String message, Object[] args)
[xUnit.net 00:00:00.48]            at FluentAssertions.Collections.GenericCollectionAssertions`3.Contain(Expression`1 predicate, String because, Object[] becauseArgs)
[xUnit.net 00:00:00.48]         /home/onur/Desktop/PlatformV1/src/Shared/Enterprise.Shared.Storage.Tests/Services/FileValidationServiceTests.cs(156,0): at Enterprise.Shared.Storage.Tests.Services.DosyaValidasyonServisTestleri.ValidateAsync_GeçersizDosyaAdi_HataVermeliMeli(String dosyaAdi)
[xUnit.net 00:00:00.48]         --- End of stack trace from previous location ---
[xUnit.net 00:00:00.48]       Expected sonuc.IsValid to be False, but found True.
[xUnit.net 00:00:00.48]       Stack Trace:
[xUnit.net 00:00:00.48]            at FluentAssertions.Execution.XUnit2TestFramework.Throw(String message)
[xUnit.net 00:00:00.48]            at FluentAssertions.Execution.TestFrameworkProvider.Throw(String message)
[xUnit.net 00:00:00.48]            at FluentAssertions.Execution.DefaultAssertionStrategy.HandleFailure(String message)
[xUnit.net 00:00:00.48]            at FluentAssertions.Execution.AssertionScope.FailWith(Func`1 failReasonFunc)
[xUnit.net 00:00:00.48]            at FluentAssertions.Execution.AssertionScope.FailWith(Func`1 failReasonFunc)
[xUnit.net 00:00:00.48]            at FluentAssertions.Execution.AssertionScope.FailWith(String message, Object[] args)
[xUnit.net 00:00:00.48]            at FluentAssertions.Primitives.BooleanAssertions`1.BeFalse(String because, Object[] becauseArgs)
[xUnit.net 00:00:00.48]         /home/onur/Desktop/PlatformV1/src/Shared/Enterprise.Shared.Storage.Tests/Services/FileValidationServiceTests.cs(186,0): at Enterprise.Shared.Storage.Tests.Services.DosyaValidasyonServisTestleri.ValidateAsync_GecersizKarakterler_HataVermeliMeli(String dosyaAdi)
[xUnit.net 00:00:00.48]         --- End of stack trace from previous location ---
[xUnit.net 00:00:02.11]   Finished:    Enterprise.Shared.Storage.Tests
</StdOut>
    </Output>
    <RunInfos>
      <RunInfo computerName="onur-TULPAR-T7-V20-5" outcome="Error" timestamp="2025-09-12T15:31:35.5587742+03:00">
        <Text>[xUnit.net 00:00:00.48]     Enterprise.Shared.Storage.Tests.Services.DosyaValidasyonServisTestleri.ValidateAsync_GeçersizDosyaAdi_HataVermeliMeli(dosyaAdi: null) [FAIL]</Text>
      </RunInfo>
      <RunInfo computerName="onur-TULPAR-T7-V20-5" outcome="Error" timestamp="2025-09-12T15:31:35.5634423+03:00">
        <Text>[xUnit.net 00:00:00.48]     Enterprise.Shared.Storage.Tests.Services.DosyaValidasyonServisTestleri.ValidateAsync_GecersizKarakterler_HataVermeliMeli(dosyaAdi: "test\ttab.txt") [FAIL]</Text>
      </RunInfo>
    </RunInfos>
  </ResultSummary>
</TestRun>